15:56:20    16 -->                                                             [tcl] ucliGUI::connect -toolargs -ucligui -toolexe ./test -pid 580130 -toolin /tmp/vcs_20250304102615_580119_user1..stdin -toolout /tmp/vcs_20250304102615_580119_user1..stdout  
15:56:20    17 -->                                                                 [tcl] set ucliGUI::state
15:56:20    18 -->                                                                     [tcl] gui_update_simulator_buttons
15:56:22    19 -->                                                                         [tcl] set ucliGUI::state
15:56:22    20 -->                                                                             [tcl] ucliCore::getToolPID
15:56:22    21 -->                                                                                 [tcl] synopsys::env hasTB
15:56:22    22 -->                                                                                     [tcl] trigger_hier_stack_context_switch 0
15:56:22    23 -->                                                                                         [tcl] synUtils::setDVEInitPhase 1
15:56:22    24 -->                                                                                             [tcl] gui_get_env SIMSETUP::SIMVPD
15:56:22    25 --> ...  [tcl] synopsys::dump -type VPD -file /run/media/user1/c2s/S5_training_batch2/VINAYAK/01_RTL_source/inter.vpd -locking
15:56:22    26 --> ...      [tcl] synopsys::dump -autoflush on -fid VPD0
15:56:22    27 --> ...          [tcl] set ::dve_fid VPD0
15:56:22    28 --> ...              [tcl] synUtils::setDVEInitPhase 0
15:56:22    29 --> ...                  [tcl] ucliCore::getToolPID
15:56:22    30 --> ...                      [tcl] synUtils::sendTool -active _icl_setToolSocket /tmp/smlnpGRCBPz
15:56:22    31 --> ...                          [tcl] synUtils::sendTool -active {_icl_start_rpc -version "T-2022.06-SP2-5_Full64" -sync_file /tmp/vcs_dve_rpc.user1.580130}
15:56:22    32 --> ...                              [tcl] synUtils::sendTool -active {_icl_createSharedMemory /tmp/vcs_dve_general.user1.580130}
15:56:22    33 --> ...                                  [tcl] dveMisc::vbusExpand fifo_tb
15:56:23    34 --> ...                                      [tcl] config endofsim noexit
15:56:23    35 --> ...                                          [tcl] config onfail enable all
15:56:23    36 --> ...                                              [tcl] config syscaddplainmembers
15:56:23    37 --> ...                                                  [tcl] config syscaddsourcenames
15:56:23    38 --> ...                                                      [tcl] config syscaddstructtypes
15:56:23    39 --> ...                                                          [tcl] synopsys::listing -disable
15:56:27    40 --> ...                                                              [tcl] synopsys::dump -add {fifo_tb} -scope "." -depth 1 -fid VPD0
15:56:27    41 --> ...                                                                  [tcl] synopsys::dump -add {fifo_tb.mem_tb } -aggregates  -fid VPD0
15:56:29    42 --> ...                                                                      [tcl] synopsys::run
15:56:29    43 --> ...                                                                          [tcl] set ucliGUI::state
15:56:29    44 --> ...                                                                              [tcl] gui_update_simulator_buttons
15:56:29    45 --> ...                                                                                  [tcl] set ucliGUI::state
15:56:30    46 --> ...                                                                                      [tcl] gui_update_simulator_buttons
15:56:32    47 --> ...                                                                                          [tcl] set synopsys::env(time) 14426300
15:56:33    48 --> ...                                                                                              [tcl] ucliCore::getToolPID
15:56:33    49 --> ...                                                                                                  [tcl] ucliCore::stopTool -no_signal
15:56:33    50 --> ...  [tcl] set ucliGUI::state
15:56:33    51 --> ...      [tcl] set ucliGUI::state
15:56:33    52 --> ...          [tcl] catch {senv activeDomain} dveMisc::result 
15:56:33    53 --> ...              [tcl] set dveMisc::result
15:56:33    54 --> ...                  [tcl] gui_update_simulator_buttons
15:56:45    55 --> ...                      [tcl] if [catch {gui_sim_terminate}] {gui_sim_terminate -kill}
15:56:45    56 --> ...                          [tcl] synopsys::finish
15:56:45    57 --> ...                              [tcl] set ucliGUI::state
15:56:45    58 --> ...                                  [tcl] gui_update_simulator_buttons
15:56:45    59 --> ...                                      [tcl] set ucliGUI::state
15:56:45    60 --> ...                                          [tcl] catch {senv activeDomain} dveMisc::result 
15:56:45    61 --> ...                                              [tcl] set dveMisc::result
15:56:45    62 --> ...                                                  [tcl] gui_update_simulator_buttons
15:56:45    63 --> ...                                                      [tcl] catch {senv activeDomain} dveMisc::result 
15:56:45    64 --> ...                                                          [tcl] set dveMisc::result
15:56:45    65 --> ...                                                              [tcl] ucli_exit
