INFO: [VRFC 10-2263] Analyzing Verilog file "/run/media/user1/c2s/S5_training_batch2/Vinayak3/04_post_synthesis_GLS/01_ZDS/fif_tmp.srcs/sources_1/new/fifo.v" into library xil_defaultlib
INFO: [VRFC 10-311] analyzing module fifo_empty
INFO: [VRFC 10-311] analyzing module fifo_full
INFO: [VRFC 10-311] analyzing module fifo_memory
INFO: [VRFC 10-311] analyzing module dff_41
INFO: [VRFC 10-311] analyzing module dff_40
INFO: [VRFC 10-311] analyzing module cdc_synchronizer_39
INFO: [VRFC 10-311] analyzing module reset_sync_43
INFO: [VRFC 10-311] analyzing module dff
INFO: [VRFC 10-311] analyzing module dff_42
INFO: [VRFC 10-311] analyzing module cdc_synchronizer
INFO: [VRFC 10-311] analyzing module reset_sync
INFO: [VRFC 10-311] analyzing module fifo_top
INFO: [VRFC 10-311] analyzing module pc3c01
INFO: [VRFC 10-311] analyzing module pc3d01
INFO: [VRFC 10-311] analyzing module pc3o05
INFO: [VRFC 10-311] analyzing module ad01d0
INFO: [VRFC 10-311] analyzing module ad01d1
INFO: [VRFC 10-311] analyzing module ad01d2
INFO: [VRFC 10-311] analyzing module ad01d4
INFO: [VRFC 10-311] analyzing module adiode
INFO: [VRFC 10-311] analyzing module adp1d0
INFO: [VRFC 10-311] analyzing module adp1d1
INFO: [VRFC 10-311] analyzing module adp1d2
INFO: [VRFC 10-311] analyzing module adp1d4
INFO: [VRFC 10-311] analyzing module ah01d0
INFO: [VRFC 10-311] analyzing module ah01d1
INFO: [VRFC 10-311] analyzing module ah01d2
INFO: [VRFC 10-311] analyzing module ah01d4
INFO: [VRFC 10-311] analyzing module an02d0
INFO: [VRFC 10-311] analyzing module an02d1
INFO: [VRFC 10-311] analyzing module an02d2
INFO: [VRFC 10-311] analyzing module an02d4
INFO: [VRFC 10-311] analyzing module an02d7
INFO: [VRFC 10-311] analyzing module an02da
INFO: [VRFC 10-311] analyzing module an03d0
INFO: [VRFC 10-311] analyzing module an03d1
INFO: [VRFC 10-311] analyzing module an03d2
INFO: [VRFC 10-311] analyzing module an03d4
INFO: [VRFC 10-311] analyzing module an03d7
INFO: [VRFC 10-311] analyzing module an03da
INFO: [VRFC 10-311] analyzing module an04d0
INFO: [VRFC 10-311] analyzing module an04d1
INFO: [VRFC 10-311] analyzing module an04d2
INFO: [VRFC 10-311] analyzing module an04d4
INFO: [VRFC 10-311] analyzing module an04d7
INFO: [VRFC 10-311] analyzing module an04da
INFO: [VRFC 10-311] analyzing module an12d1
INFO: [VRFC 10-311] analyzing module an12d2
INFO: [VRFC 10-311] analyzing module an12d4
INFO: [VRFC 10-311] analyzing module aoi211d1
INFO: [VRFC 10-311] analyzing module aoi211d2
INFO: [VRFC 10-311] analyzing module aoi211d4
INFO: [VRFC 10-311] analyzing module aoi21d1
INFO: [VRFC 10-311] analyzing module aoi21d2
INFO: [VRFC 10-311] analyzing module aoi21d4
INFO: [VRFC 10-311] analyzing module aoi221d1
INFO: [VRFC 10-311] analyzing module aoi221d2
INFO: [VRFC 10-311] analyzing module aoi221d4
INFO: [VRFC 10-311] analyzing module aoi2222d1
INFO: [VRFC 10-311] analyzing module aoi2222d2
INFO: [VRFC 10-311] analyzing module aoi2222d4
INFO: [VRFC 10-311] analyzing module aoi222d1
INFO: [VRFC 10-311] analyzing module aoi222d2
INFO: [VRFC 10-311] analyzing module aoi222d4
INFO: [VRFC 10-311] analyzing module aoi22d1
INFO: [VRFC 10-311] analyzing module aoi22d2
INFO: [VRFC 10-311] analyzing module aoi22d4
INFO: [VRFC 10-311] analyzing module aoi311d1
INFO: [VRFC 10-311] analyzing module aoi311d2
INFO: [VRFC 10-311] analyzing module aoi311d4
INFO: [VRFC 10-311] analyzing module aoi31d1
INFO: [VRFC 10-311] analyzing module aoi31d2
INFO: [VRFC 10-311] analyzing module aoi31d4
INFO: [VRFC 10-311] analyzing module aoi321d1
INFO: [VRFC 10-311] analyzing module aoi321d2
INFO: [VRFC 10-311] analyzing module aoi321d4
INFO: [VRFC 10-311] analyzing module aoi322d1
INFO: [VRFC 10-311] analyzing module aoi322d2
INFO: [VRFC 10-311] analyzing module aoi322d4
INFO: [VRFC 10-311] analyzing module aoim211d1
INFO: [VRFC 10-311] analyzing module aoim211d2
INFO: [VRFC 10-311] analyzing module aoim211d4
INFO: [VRFC 10-311] analyzing module aoim21d1
INFO: [VRFC 10-311] analyzing module aoim21d2
INFO: [VRFC 10-311] analyzing module aoim21d4
INFO: [VRFC 10-311] analyzing module aoim22d1
INFO: [VRFC 10-311] analyzing module aoim22d2
INFO: [VRFC 10-311] analyzing module aoim22d4
INFO: [VRFC 10-311] analyzing module aoim2m11d1
INFO: [VRFC 10-311] analyzing module aoim2m11d2
INFO: [VRFC 10-311] analyzing module aoim2m11d4
INFO: [VRFC 10-311] analyzing module aoim311d1
INFO: [VRFC 10-311] analyzing module aoim311d2
INFO: [VRFC 10-311] analyzing module aoim311d4
INFO: [VRFC 10-311] analyzing module aoim31d1
INFO: [VRFC 10-311] analyzing module aoim31d2
INFO: [VRFC 10-311] analyzing module aoim31d4
INFO: [VRFC 10-311] analyzing module aoim3m11d1
INFO: [VRFC 10-311] analyzing module aoim3m11d2
INFO: [VRFC 10-311] analyzing module aoim3m11d4
INFO: [VRFC 10-311] analyzing module aon211d1
INFO: [VRFC 10-311] analyzing module aon211d2
INFO: [VRFC 10-311] analyzing module aon211d4
INFO: [VRFC 10-311] analyzing module aor211d1
INFO: [VRFC 10-311] analyzing module aor211d2
INFO: [VRFC 10-311] analyzing module aor211d4
INFO: [VRFC 10-311] analyzing module aor21d1
INFO: [VRFC 10-311] analyzing module aor21d2
INFO: [VRFC 10-311] analyzing module aor21d4
INFO: [VRFC 10-311] analyzing module aor221d1
INFO: [VRFC 10-311] analyzing module aor221d2
INFO: [VRFC 10-311] analyzing module aor221d4
INFO: [VRFC 10-311] analyzing module aor222d1
INFO: [VRFC 10-311] analyzing module aor222d2
INFO: [VRFC 10-311] analyzing module aor222d4
INFO: [VRFC 10-311] analyzing module aor22d1
INFO: [VRFC 10-311] analyzing module aor22d2
INFO: [VRFC 10-311] analyzing module aor22d4
INFO: [VRFC 10-311] analyzing module aor311d1
INFO: [VRFC 10-311] analyzing module aor311d2
INFO: [VRFC 10-311] analyzing module aor311d4
INFO: [VRFC 10-311] analyzing module aor31d1
INFO: [VRFC 10-311] analyzing module aor31d2
INFO: [VRFC 10-311] analyzing module aor31d4
INFO: [VRFC 10-311] analyzing module bh01d1
INFO: [VRFC 10-311] analyzing module bufbd1
INFO: [VRFC 10-311] analyzing module bufbd2
INFO: [VRFC 10-311] analyzing module bufbd3
INFO: [VRFC 10-311] analyzing module bufbd4
INFO: [VRFC 10-311] analyzing module bufbd7
INFO: [VRFC 10-311] analyzing module bufbda
INFO: [VRFC 10-311] analyzing module bufbdf
INFO: [VRFC 10-311] analyzing module bufbdk
INFO: [VRFC 10-311] analyzing module buffd1
INFO: [VRFC 10-311] analyzing module buffd2
INFO: [VRFC 10-311] analyzing module buffd3
INFO: [VRFC 10-311] analyzing module buffd4
INFO: [VRFC 10-311] analyzing module buffd7
INFO: [VRFC 10-311] analyzing module buffda
INFO: [VRFC 10-311] analyzing module buftd1
INFO: [VRFC 10-311] analyzing module buftd2
INFO: [VRFC 10-311] analyzing module buftd4
INFO: [VRFC 10-311] analyzing module buftd7
INFO: [VRFC 10-311] analyzing module buftda
INFO: [VRFC 10-311] analyzing module cg01d0
INFO: [VRFC 10-311] analyzing module cg01d1
INFO: [VRFC 10-311] analyzing module cg01d2
INFO: [VRFC 10-311] analyzing module cg01d4
INFO: [VRFC 10-311] analyzing module clk2d2
INFO: [VRFC 10-311] analyzing module cload1
INFO: [VRFC 10-311] analyzing module decfq1
INFO: [VRFC 10-311] analyzing module decfq2
INFO: [VRFC 10-311] analyzing module decfq4
INFO: [VRFC 10-311] analyzing module decrq1
INFO: [VRFC 10-311] analyzing module decrq2
INFO: [VRFC 10-311] analyzing module decrq4
INFO: [VRFC 10-311] analyzing module denrq1
INFO: [VRFC 10-311] analyzing module denrq2
INFO: [VRFC 10-311] analyzing module denrq4
INFO: [VRFC 10-311] analyzing module depfq1
INFO: [VRFC 10-311] analyzing module depfq2
INFO: [VRFC 10-311] analyzing module depfq4
INFO: [VRFC 10-311] analyzing module deprq1
INFO: [VRFC 10-311] analyzing module deprq2
INFO: [VRFC 10-311] analyzing module deprq4
INFO: [VRFC 10-311] analyzing module dfbfb1
INFO: [VRFC 10-311] analyzing module dfbfb2
INFO: [VRFC 10-311] analyzing module dfbfb4
INFO: [VRFC 10-311] analyzing module dfbrb1
INFO: [VRFC 10-311] analyzing module dfbrb2
INFO: [VRFC 10-311] analyzing module dfbrb4
INFO: [VRFC 10-311] analyzing module dfcfb1
INFO: [VRFC 10-311] analyzing module dfcfb2
INFO: [VRFC 10-311] analyzing module dfcfb4
INFO: [VRFC 10-311] analyzing module dfcfq1
INFO: [VRFC 10-311] analyzing module dfcfq2
INFO: [VRFC 10-311] analyzing module dfcfq4
INFO: [VRFC 10-311] analyzing module dfcrb1
INFO: [VRFC 10-311] analyzing module dfcrb2
INFO: [VRFC 10-311] analyzing module dfcrb4
INFO: [VRFC 10-311] analyzing module dfcrn1
INFO: [VRFC 10-311] analyzing module dfcrn2
INFO: [VRFC 10-311] analyzing module dfcrn4
INFO: [VRFC 10-311] analyzing module dfcrq1
INFO: [VRFC 10-311] analyzing module dfcrq2
INFO: [VRFC 10-311] analyzing module dfcrq4
INFO: [VRFC 10-311] analyzing module dfnfb1
INFO: [VRFC 10-311] analyzing module dfnfb2
INFO: [VRFC 10-311] analyzing module dfnfb4
INFO: [VRFC 10-311] analyzing module dfnrb1
INFO: [VRFC 10-311] analyzing module dfnrb2
INFO: [VRFC 10-311] analyzing module dfnrb4
INFO: [VRFC 10-311] analyzing module dfnrn1
INFO: [VRFC 10-311] analyzing module dfnrn2
INFO: [VRFC 10-311] analyzing module dfnrn4
INFO: [VRFC 10-311] analyzing module dfnrq1
INFO: [VRFC 10-311] analyzing module dfnrq2
INFO: [VRFC 10-311] analyzing module dfnrq4
INFO: [VRFC 10-311] analyzing module dfpfb1
INFO: [VRFC 10-311] analyzing module dfpfb2
INFO: [VRFC 10-311] analyzing module dfpfb4
INFO: [VRFC 10-311] analyzing module dfprb1
INFO: [VRFC 10-311] analyzing module dfprb2
INFO: [VRFC 10-311] analyzing module dfprb4
INFO: [VRFC 10-311] analyzing module dl01d1
INFO: [VRFC 10-311] analyzing module dl01d2
INFO: [VRFC 10-311] analyzing module dl01d4
INFO: [VRFC 10-311] analyzing module dl02d1
INFO: [VRFC 10-311] analyzing module dl02d2
INFO: [VRFC 10-311] analyzing module dl02d4
INFO: [VRFC 10-311] analyzing module dl03d1
INFO: [VRFC 10-311] analyzing module dl03d2
INFO: [VRFC 10-311] analyzing module dl03d4
INFO: [VRFC 10-311] analyzing module dl04d1
INFO: [VRFC 10-311] analyzing module dl04d2
INFO: [VRFC 10-311] analyzing module dl04d4
INFO: [VRFC 10-311] analyzing module gclfsn1
INFO: [VRFC 10-311] analyzing module gclfsn2
INFO: [VRFC 10-311] analyzing module gclfsn4
INFO: [VRFC 10-311] analyzing module gclfsn7
INFO: [VRFC 10-311] analyzing module gclfsna
INFO: [VRFC 10-311] analyzing module gclrsn1
INFO: [VRFC 10-311] analyzing module gclrsn2
INFO: [VRFC 10-311] analyzing module gclrsn4
INFO: [VRFC 10-311] analyzing module gclrsn7
INFO: [VRFC 10-311] analyzing module gclrsna
INFO: [VRFC 10-311] analyzing module gcnfnn1
INFO: [VRFC 10-311] analyzing module gcnfnn2
INFO: [VRFC 10-311] analyzing module gcnfnn4
INFO: [VRFC 10-311] analyzing module gcnfnn7
INFO: [VRFC 10-311] analyzing module gcnfnna
INFO: [VRFC 10-311] analyzing module gcnrnn1
INFO: [VRFC 10-311] analyzing module gcnrnn2
INFO: [VRFC 10-311] analyzing module gcnrnn4
INFO: [VRFC 10-311] analyzing module gcnrnn7
INFO: [VRFC 10-311] analyzing module gcnrnna
INFO: [VRFC 10-311] analyzing module inv0d0
INFO: [VRFC 10-311] analyzing module inv0d1
INFO: [VRFC 10-311] analyzing module inv0d2
INFO: [VRFC 10-311] analyzing module inv0d4
INFO: [VRFC 10-311] analyzing module inv0d7
INFO: [VRFC 10-311] analyzing module inv0da
INFO: [VRFC 10-311] analyzing module invbd2
INFO: [VRFC 10-311] analyzing module invbd4
INFO: [VRFC 10-311] analyzing module invbd7
INFO: [VRFC 10-311] analyzing module invbda
INFO: [VRFC 10-311] analyzing module invbdf
INFO: [VRFC 10-311] analyzing module invbdk
INFO: [VRFC 10-311] analyzing module invtd1
INFO: [VRFC 10-311] analyzing module invtd2
INFO: [VRFC 10-311] analyzing module invtd4
INFO: [VRFC 10-311] analyzing module invtd7
INFO: [VRFC 10-311] analyzing module invtda
INFO: [VRFC 10-311] analyzing module jkbrb1
INFO: [VRFC 10-311] analyzing module jkbrb2
INFO: [VRFC 10-311] analyzing module jkbrb4
INFO: [VRFC 10-311] analyzing module labhb1
INFO: [VRFC 10-311] analyzing module labhb2
INFO: [VRFC 10-311] analyzing module labhb4
INFO: [VRFC 10-311] analyzing module lachq1
INFO: [VRFC 10-311] analyzing module lachq2
INFO: [VRFC 10-311] analyzing module lachq4
INFO: [VRFC 10-311] analyzing module laclq1
INFO: [VRFC 10-311] analyzing module laclq2
INFO: [VRFC 10-311] analyzing module laclq4
INFO: [VRFC 10-311] analyzing module lanhb1
INFO: [VRFC 10-311] analyzing module lanhb2
INFO: [VRFC 10-311] analyzing module lanhb4
INFO: [VRFC 10-311] analyzing module lanhn1
INFO: [VRFC 10-311] analyzing module lanhn2
INFO: [VRFC 10-311] analyzing module lanhn4
INFO: [VRFC 10-311] analyzing module lanhq1
INFO: [VRFC 10-311] analyzing module lanhq2
INFO: [VRFC 10-311] analyzing module lanhq4
INFO: [VRFC 10-311] analyzing module lanht1
INFO: [VRFC 10-311] analyzing module lanht2
INFO: [VRFC 10-311] analyzing module lanht4
INFO: [VRFC 10-311] analyzing module lanlb1
INFO: [VRFC 10-311] analyzing module lanlb2
INFO: [VRFC 10-311] analyzing module lanlb4
INFO: [VRFC 10-311] analyzing module lanln1
INFO: [VRFC 10-311] analyzing module lanln2
INFO: [VRFC 10-311] analyzing module lanln4
INFO: [VRFC 10-311] analyzing module lanlq1
INFO: [VRFC 10-311] analyzing module lanlq2
INFO: [VRFC 10-311] analyzing module lanlq4
INFO: [VRFC 10-311] analyzing module mffnrb1
INFO: [VRFC 10-311] analyzing module mffnrb2
INFO: [VRFC 10-311] analyzing module mffnrb4
INFO: [VRFC 10-311] analyzing module mi02d0
INFO: [VRFC 10-311] analyzing module mi02d1
INFO: [VRFC 10-311] analyzing module mi02d2
INFO: [VRFC 10-311] analyzing module mi02d4
INFO: [VRFC 10-311] analyzing module mx02d0
INFO: [VRFC 10-311] analyzing module mx02d1
INFO: [VRFC 10-311] analyzing module mx02d2
INFO: [VRFC 10-311] analyzing module mx02d4
INFO: [VRFC 10-311] analyzing module mx04d0
INFO: [VRFC 10-311] analyzing module mx04d1
INFO: [VRFC 10-311] analyzing module mx04d2
INFO: [VRFC 10-311] analyzing module mx04d4
INFO: [VRFC 10-311] analyzing module mx08d1
INFO: [VRFC 10-311] analyzing module s_mx08d1
INFO: [VRFC 10-311] analyzing module mx08d2
INFO: [VRFC 10-311] analyzing module s_mx08d2
INFO: [VRFC 10-311] analyzing module mx08d4
INFO: [VRFC 10-311] analyzing module s_mx08d4
INFO: [VRFC 10-311] analyzing module nd02d0
INFO: [VRFC 10-311] analyzing module nd02d1
INFO: [VRFC 10-311] analyzing module nd02d2
INFO: [VRFC 10-311] analyzing module nd02d4
INFO: [VRFC 10-311] analyzing module nd02d7
INFO: [VRFC 10-311] analyzing module nd02da
INFO: [VRFC 10-311] analyzing module nd03d0
INFO: [VRFC 10-311] analyzing module nd03d1
INFO: [VRFC 10-311] analyzing module nd03d2
INFO: [VRFC 10-311] analyzing module nd03d4
INFO: [VRFC 10-311] analyzing module nd03d7
INFO: [VRFC 10-311] analyzing module nd03da
INFO: [VRFC 10-311] analyzing module nd04d0
INFO: [VRFC 10-311] analyzing module nd04d1
INFO: [VRFC 10-311] analyzing module nd04d2
INFO: [VRFC 10-311] analyzing module nd04d4
INFO: [VRFC 10-311] analyzing module nd04d7
INFO: [VRFC 10-311] analyzing module nd04da
INFO: [VRFC 10-311] analyzing module nd12d0
INFO: [VRFC 10-311] analyzing module nd12d1
INFO: [VRFC 10-311] analyzing module nd12d2
INFO: [VRFC 10-311] analyzing module nd12d4
INFO: [VRFC 10-311] analyzing module nd13d1
INFO: [VRFC 10-311] analyzing module nd13d2
INFO: [VRFC 10-311] analyzing module nd13d4
INFO: [VRFC 10-311] analyzing module nd23d1
INFO: [VRFC 10-311] analyzing module nd23d2
INFO: [VRFC 10-311] analyzing module nd23d4
INFO: [VRFC 10-311] analyzing module nr02d0
INFO: [VRFC 10-311] analyzing module nr02d1
INFO: [VRFC 10-311] analyzing module nr02d2
INFO: [VRFC 10-311] analyzing module nr02d4
INFO: [VRFC 10-311] analyzing module nr02d7
INFO: [VRFC 10-311] analyzing module nr02da
INFO: [VRFC 10-311] analyzing module nr03d0
INFO: [VRFC 10-311] analyzing module nr03d1
INFO: [VRFC 10-311] analyzing module nr03d2
INFO: [VRFC 10-311] analyzing module nr03d4
INFO: [VRFC 10-311] analyzing module nr03d7
INFO: [VRFC 10-311] analyzing module nr03da
INFO: [VRFC 10-311] analyzing module nr04d0
INFO: [VRFC 10-311] analyzing module nr04d1
INFO: [VRFC 10-311] analyzing module nr04d2
INFO: [VRFC 10-311] analyzing module nr04d4
INFO: [VRFC 10-311] analyzing module nr04d7
INFO: [VRFC 10-311] analyzing module nr04da
INFO: [VRFC 10-311] analyzing module nr13d1
INFO: [VRFC 10-311] analyzing module nr13d2
INFO: [VRFC 10-311] analyzing module nr13d4
INFO: [VRFC 10-311] analyzing module nr23d1
INFO: [VRFC 10-311] analyzing module nr23d2
INFO: [VRFC 10-311] analyzing module nr23d4
INFO: [VRFC 10-311] analyzing module oai211d1
INFO: [VRFC 10-311] analyzing module oai211d2
INFO: [VRFC 10-311] analyzing module oai211d4
INFO: [VRFC 10-311] analyzing module oai21d1
INFO: [VRFC 10-311] analyzing module oai21d2
INFO: [VRFC 10-311] analyzing module oai21d4
INFO: [VRFC 10-311] analyzing module oai221d1
INFO: [VRFC 10-311] analyzing module oai221d2
INFO: [VRFC 10-311] analyzing module oai221d4
INFO: [VRFC 10-311] analyzing module oai2222d1
INFO: [VRFC 10-311] analyzing module oai2222d2
INFO: [VRFC 10-311] analyzing module oai2222d4
INFO: [VRFC 10-311] analyzing module oai222d1
INFO: [VRFC 10-311] analyzing module oai222d2
INFO: [VRFC 10-311] analyzing module oai222d4
INFO: [VRFC 10-311] analyzing module oai22d1
INFO: [VRFC 10-311] analyzing module oai22d2
INFO: [VRFC 10-311] analyzing module oai22d4
INFO: [VRFC 10-311] analyzing module oai311d1
INFO: [VRFC 10-311] analyzing module oai311d2
INFO: [VRFC 10-311] analyzing module oai311d4
INFO: [VRFC 10-311] analyzing module oai31d1
INFO: [VRFC 10-311] analyzing module oai31d2
INFO: [VRFC 10-311] analyzing module oai31d4
INFO: [VRFC 10-311] analyzing module oai321d1
INFO: [VRFC 10-311] analyzing module oai321d2
INFO: [VRFC 10-311] analyzing module oai321d4
INFO: [VRFC 10-311] analyzing module oai322d1
INFO: [VRFC 10-311] analyzing module oai322d2
INFO: [VRFC 10-311] analyzing module oai322d4
INFO: [VRFC 10-311] analyzing module oaim211d1
INFO: [VRFC 10-311] analyzing module oaim211d2
INFO: [VRFC 10-311] analyzing module oaim211d4
INFO: [VRFC 10-311] analyzing module oaim21d1
INFO: [VRFC 10-311] analyzing module oaim21d2
INFO: [VRFC 10-311] analyzing module oaim21d4
INFO: [VRFC 10-311] analyzing module oaim22d1
INFO: [VRFC 10-311] analyzing module oaim22d2
INFO: [VRFC 10-311] analyzing module oaim22d4
INFO: [VRFC 10-311] analyzing module oaim2m11d1
INFO: [VRFC 10-311] analyzing module oaim2m11d2
INFO: [VRFC 10-311] analyzing module oaim2m11d4
INFO: [VRFC 10-311] analyzing module oaim311d1
INFO: [VRFC 10-311] analyzing module oaim311d2
INFO: [VRFC 10-311] analyzing module oaim311d4
INFO: [VRFC 10-311] analyzing module oaim31d1
INFO: [VRFC 10-311] analyzing module oaim31d2
INFO: [VRFC 10-311] analyzing module oaim31d4
INFO: [VRFC 10-311] analyzing module oaim3m11d1
INFO: [VRFC 10-311] analyzing module oaim3m11d2
INFO: [VRFC 10-311] analyzing module oaim3m11d4
INFO: [VRFC 10-311] analyzing module oan211d1
INFO: [VRFC 10-311] analyzing module oan211d2
INFO: [VRFC 10-311] analyzing module oan211d4
INFO: [VRFC 10-311] analyzing module or02d0
INFO: [VRFC 10-311] analyzing module or02d1
INFO: [VRFC 10-311] analyzing module or02d2
INFO: [VRFC 10-311] analyzing module or02d4
INFO: [VRFC 10-311] analyzing module or02d7
INFO: [VRFC 10-311] analyzing module or02da
INFO: [VRFC 10-311] analyzing module or03d0
INFO: [VRFC 10-311] analyzing module or03d1
INFO: [VRFC 10-311] analyzing module or03d2
INFO: [VRFC 10-311] analyzing module or03d4
INFO: [VRFC 10-311] analyzing module or03d7
INFO: [VRFC 10-311] analyzing module or03da
INFO: [VRFC 10-311] analyzing module or04d0
INFO: [VRFC 10-311] analyzing module or04d1
INFO: [VRFC 10-311] analyzing module or04d2
INFO: [VRFC 10-311] analyzing module or04d4
INFO: [VRFC 10-311] analyzing module or04d7
INFO: [VRFC 10-311] analyzing module or04da
INFO: [VRFC 10-311] analyzing module ora211d1
INFO: [VRFC 10-311] analyzing module ora211d2
INFO: [VRFC 10-311] analyzing module ora211d4
INFO: [VRFC 10-311] analyzing module ora21d1
INFO: [VRFC 10-311] analyzing module ora21d2
INFO: [VRFC 10-311] analyzing module ora21d4
INFO: [VRFC 10-311] analyzing module ora311d1
INFO: [VRFC 10-311] analyzing module ora311d2
INFO: [VRFC 10-311] analyzing module ora311d4
INFO: [VRFC 10-311] analyzing module ora31d1
INFO: [VRFC 10-311] analyzing module ora31d2
INFO: [VRFC 10-311] analyzing module ora31d4
INFO: [VRFC 10-311] analyzing module sdbfb1
INFO: [VRFC 10-311] analyzing module sdbfb2
INFO: [VRFC 10-311] analyzing module sdbfb4
INFO: [VRFC 10-311] analyzing module sdbrb1
INFO: [VRFC 10-311] analyzing module sdbrb2
INFO: [VRFC 10-311] analyzing module sdbrb4
INFO: [VRFC 10-311] analyzing module sdcfb1
INFO: [VRFC 10-311] analyzing module sdcfb2
INFO: [VRFC 10-311] analyzing module sdcfb4
INFO: [VRFC 10-311] analyzing module sdcfq1
INFO: [VRFC 10-311] analyzing module sdcfq2
INFO: [VRFC 10-311] analyzing module sdcfq4
INFO: [VRFC 10-311] analyzing module sdcrb1
INFO: [VRFC 10-311] analyzing module sdcrb2
INFO: [VRFC 10-311] analyzing module sdcrb4
INFO: [VRFC 10-311] analyzing module sdcrn1
INFO: [VRFC 10-311] analyzing module sdcrn2
INFO: [VRFC 10-311] analyzing module sdcrn4
INFO: [VRFC 10-311] analyzing module sdcrq1
INFO: [VRFC 10-311] analyzing module sdcrq2
INFO: [VRFC 10-311] analyzing module sdcrq4
INFO: [VRFC 10-311] analyzing module sdnfb1
INFO: [VRFC 10-311] analyzing module sdnfb2
INFO: [VRFC 10-311] analyzing module sdnfb4
INFO: [VRFC 10-311] analyzing module sdnrb1
INFO: [VRFC 10-311] analyzing module sdnrb2
INFO: [VRFC 10-311] analyzing module sdnrb4
INFO: [VRFC 10-311] analyzing module sdnrn1
INFO: [VRFC 10-311] analyzing module sdnrn2
INFO: [VRFC 10-311] analyzing module sdnrn4
INFO: [VRFC 10-311] analyzing module sdnrq1
INFO: [VRFC 10-311] analyzing module sdnrq2
INFO: [VRFC 10-311] analyzing module sdnrq4
INFO: [VRFC 10-311] analyzing module sdpfb1
INFO: [VRFC 10-311] analyzing module sdpfb2
INFO: [VRFC 10-311] analyzing module sdpfb4
INFO: [VRFC 10-311] analyzing module sdprb1
INFO: [VRFC 10-311] analyzing module sdprb2
INFO: [VRFC 10-311] analyzing module sdprb4
INFO: [VRFC 10-311] analyzing module secfq1
INFO: [VRFC 10-311] analyzing module secfq2
INFO: [VRFC 10-311] analyzing module secfq4
INFO: [VRFC 10-311] analyzing module secrq1
INFO: [VRFC 10-311] analyzing module secrq2
INFO: [VRFC 10-311] analyzing module secrq4
INFO: [VRFC 10-311] analyzing module senrb1
INFO: [VRFC 10-311] analyzing module senrb2
INFO: [VRFC 10-311] analyzing module senrb4
INFO: [VRFC 10-311] analyzing module senrq1
INFO: [VRFC 10-311] analyzing module senrq2
INFO: [VRFC 10-311] analyzing module senrq4
INFO: [VRFC 10-311] analyzing module sepfq1
INFO: [VRFC 10-311] analyzing module sepfq2
INFO: [VRFC 10-311] analyzing module sepfq4
INFO: [VRFC 10-311] analyzing module seprq1
INFO: [VRFC 10-311] analyzing module seprq2
INFO: [VRFC 10-311] analyzing module seprq4
INFO: [VRFC 10-311] analyzing module skbrb1
INFO: [VRFC 10-311] analyzing module skbrb2
INFO: [VRFC 10-311] analyzing module skbrb4
INFO: [VRFC 10-311] analyzing module slbhb1
INFO: [VRFC 10-311] analyzing module slbhb2
INFO: [VRFC 10-311] analyzing module slbhb4
INFO: [VRFC 10-311] analyzing module slchq1
INFO: [VRFC 10-311] analyzing module slchq2
INFO: [VRFC 10-311] analyzing module slchq4
INFO: [VRFC 10-311] analyzing module slclq1
INFO: [VRFC 10-311] analyzing module slclq2
INFO: [VRFC 10-311] analyzing module slclq4
INFO: [VRFC 10-311] analyzing module slnhb1
INFO: [VRFC 10-311] analyzing module slnhb2
INFO: [VRFC 10-311] analyzing module slnhb4
INFO: [VRFC 10-311] analyzing module slnhn1
INFO: [VRFC 10-311] analyzing module slnhn2
INFO: [VRFC 10-311] analyzing module slnhn4
INFO: [VRFC 10-311] analyzing module slnhq1
INFO: [VRFC 10-311] analyzing module slnhq2
INFO: [VRFC 10-311] analyzing module slnhq4
INFO: [VRFC 10-311] analyzing module slnht1
INFO: [VRFC 10-311] analyzing module slnht2
INFO: [VRFC 10-311] analyzing module slnht4
INFO: [VRFC 10-311] analyzing module slnlb1
INFO: [VRFC 10-311] analyzing module slnlb2
INFO: [VRFC 10-311] analyzing module slnlb4
INFO: [VRFC 10-311] analyzing module slnln1
INFO: [VRFC 10-311] analyzing module slnln2
INFO: [VRFC 10-311] analyzing module slnln4
INFO: [VRFC 10-311] analyzing module slnlq1
INFO: [VRFC 10-311] analyzing module slnlq2
INFO: [VRFC 10-311] analyzing module slnlq4
INFO: [VRFC 10-311] analyzing module srlab1
INFO: [VRFC 10-311] analyzing module srlab2
INFO: [VRFC 10-311] analyzing module srlab4
INFO: [VRFC 10-311] analyzing module su01d0
INFO: [VRFC 10-311] analyzing module su01d1
INFO: [VRFC 10-311] analyzing module su01d2
INFO: [VRFC 10-311] analyzing module su01d4
INFO: [VRFC 10-311] analyzing module xn02d1
INFO: [VRFC 10-311] analyzing module xn02d2
INFO: [VRFC 10-311] analyzing module xn02d4
INFO: [VRFC 10-311] analyzing module xn02d7
INFO: [VRFC 10-311] analyzing module xn02da
INFO: [VRFC 10-311] analyzing module xr02d1
INFO: [VRFC 10-311] analyzing module xr02d2
INFO: [VRFC 10-311] analyzing module xr02d4
INFO: [VRFC 10-311] analyzing module xr02d7
INFO: [VRFC 10-311] analyzing module xr02da
INFO: [VRFC 10-311] analyzing module xr03d1
INFO: [VRFC 10-311] analyzing module xr03d2
INFO: [VRFC 10-311] analyzing module xr03d4
INFO: [VRFC 10-311] analyzing module xr03d7
INFO: [VRFC 10-311] analyzing module xr03da
INFO: [VRFC 10-2263] Analyzing Verilog file "/run/media/user1/c2s/S5_training_batch2/Vinayak3/04_post_synthesis_GLS/01_ZDS/fif_tmp.sim/sim_1/behav/xsim/glbl.v" into library xil_defaultlib
INFO: [VRFC 10-311] analyzing module glbl
