###############################################################
#  Generated by:      Cadence Tempus 21.17-s077_1
#  OS:                Linux x86_64(Host ID c2slab.cet.ac.in)
#  Generated on:      Wed Mar  5 15:20:22 2025
#  Design:            fifo_top
#  Command:           report_analysis_coverage > ${reportDir}/coverage.rpt
###############################################################
    -------------------------------------------------------------------------------------------  
                                   TIMING CHECK COVERAGE SUMMARY                                  
    -------------------------------------------------------------------------------------------  
     Check Type                      No. of   Met              Violated         Untested         
                                     Checks                                                      
    -------------------------------------------------------------------------------------------  
    ExternalDelay (Early)          10        9 (90%)          0 (0%)           1 (10%)
    ExternalDelay (Late)           10        9 (90%)          0 (0%)           1 (10%)
    Hold                           296       286 (96%)        0 (0%)           10 (3%)
    PulseWidth                     504       336 (66%)        0 (0%)           168 (33%)
    Recovery                       168       0 (0%)           0 (0%)           168 (100%)
    Removal                        168       0 (0%)           0 (0%)           168 (100%)
    Setup                          296       286 (96%)        0 (0%)           10 (3%)
    -------------------------------------------------------------------------------------------
