   --------------------------------------------------------------------------------------------------------------------------------------------  
    From                         To                           ArcType                      Sense                      Reason                     
   --------------------------------------------------------------------------------------------------------------------------------------------  
   e/rd_addr_grey_reg[3]/CDN    e/rd_addr_grey_reg[3]/Q      clear                        positive_unate             timing_enable_preset_clear_arcs = false
   e/rd_addr_grey_reg[2]/CDN    e/rd_addr_grey_reg[2]/Q      clear                        positive_unate             timing_enable_preset_clear_arcs = false
   e/rd_addr_grey_reg[1]/CDN    e/rd_addr_grey_reg[1]/Q      clear                        positive_unate             timing_enable_preset_clear_arcs = false
   e/rd_addr_grey_reg[0]/CDN    e/rd_addr_grey_reg[0]/Q      clear                        positive_unate             timing_enable_preset_clear_arcs = false
   e/empty_r_reg/SDN            e/empty_r_reg/QN             clear                        positive_unate             timing_enable_preset_clear_arcs = false
   e/empty_r_reg/SDN            e/empty_r_reg/Q              preset                       negative_unate             timing_enable_preset_clear_arcs = false
   e/rd_addr_bin_r_reg[0]/CDN   e/rd_addr_bin_r_reg[0]/Q     clear                        positive_unate             timing_enable_preset_clear_arcs = false
   e/rd_addr_bin_r_reg[1]/CDN   e/rd_addr_bin_r_reg[1]/Q     clear                        positive_unate             timing_enable_preset_clear_arcs = false
   e/rd_addr_bin_r_reg[2]/CDN   e/rd_addr_bin_r_reg[2]/Q     clear                        positive_unate             timing_enable_preset_clear_arcs = false
   e/rd_addr_bin_r_reg[3]/CDN   e/rd_addr_bin_r_reg[3]/Q     clear                        positive_unate             timing_enable_preset_clear_arcs = false
   e/rd_addr_bin_r_reg[4]/CDN   e/rd_addr_bin_r_reg[4]/QN    preset                       negative_unate             timing_enable_preset_clear_arcs = false
   e/rd_addr_bin_r_reg[4]/CDN   e/rd_addr_bin_r_reg[4]/Q     clear                        positive_unate             timing_enable_preset_clear_arcs = false
   f/wr_addr_grey_reg[3]/CDN    f/wr_addr_grey_reg[3]/Q      clear                        positive_unate             timing_enable_preset_clear_arcs = false
   f/wr_addr_grey_reg[2]/CDN    f/wr_addr_grey_reg[2]/Q      clear                        positive_unate             timing_enable_preset_clear_arcs = false
   f/wr_addr_grey_reg[1]/CDN    f/wr_addr_grey_reg[1]/Q      clear                        positive_unate             timing_enable_preset_clear_arcs = false
   f/wr_addr_grey_reg[0]/CDN    f/wr_addr_grey_reg[0]/Q      clear                        positive_unate             timing_enable_preset_clear_arcs = false
   f/full_r_reg/CDN             f/full_r_reg/Q               clear                        positive_unate             timing_enable_preset_clear_arcs = false
   f/wr_addr_bin_r_reg[0]/CDN   f/wr_addr_bin_r_reg[0]/Q     clear                        positive_unate             timing_enable_preset_clear_arcs = false
   f/wr_addr_bin_r_reg[1]/CDN   f/wr_addr_bin_r_reg[1]/Q     clear                        positive_unate             timing_enable_preset_clear_arcs = false
   f/wr_addr_bin_r_reg[2]/CDN   f/wr_addr_bin_r_reg[2]/Q     clear                        positive_unate             timing_enable_preset_clear_arcs = false
   f/wr_addr_bin_r_reg[4]/CDN   f/wr_addr_bin_r_reg[4]/Q     clear                        positive_unate             timing_enable_preset_clear_arcs = false
   f/wr_addr_bin_r_reg[3]/CDN   f/wr_addr_bin_r_reg[3]/Q     clear                        positive_unate             timing_enable_preset_clear_arcs = false
   m/mem_reg[0][0]/CDN          m/mem_reg[0][0]/Q            clear                        positive_unate             timing_enable_preset_clear_arcs = false
   m/mem_reg[0][1]/CDN          m/mem_reg[0][1]/Q            clear                        positive_unate             timing_enable_preset_clear_arcs = false
   m/mem_reg[0][2]/CDN          m/mem_reg[0][2]/Q            clear                        positive_unate             timing_enable_preset_clear_arcs = false
   m/mem_reg[0][3]/CDN          m/mem_reg[0][3]/Q            clear                        positive_unate             timing_enable_preset_clear_arcs = false
   m/mem_reg[0][4]/CDN          m/mem_reg[0][4]/Q            clear                        positive_unate             timing_enable_preset_clear_arcs = false
   m/mem_reg[0][5]/CDN          m/mem_reg[0][5]/Q            clear                        positive_unate             timing_enable_preset_clear_arcs = false
   m/mem_reg[0][6]/CDN          m/mem_reg[0][6]/Q            clear                        positive_unate             timing_enable_preset_clear_arcs = false
   m/mem_reg[0][7]/CDN          m/mem_reg[0][7]/Q            clear                        positive_unate             timing_enable_preset_clear_arcs = false
   m/mem_reg[1][0]/CDN          m/mem_reg[1][0]/Q            clear                        positive_unate             timing_enable_preset_clear_arcs = false
   m/mem_reg[1][1]/CDN          m/mem_reg[1][1]/Q            clear                        positive_unate             timing_enable_preset_clear_arcs = false
   m/mem_reg[1][2]/CDN          m/mem_reg[1][2]/Q            clear                        positive_unate             timing_enable_preset_clear_arcs = false
   m/mem_reg[1][3]/CDN          m/mem_reg[1][3]/Q            clear                        positive_unate             timing_enable_preset_clear_arcs = false
   m/mem_reg[1][4]/CDN          m/mem_reg[1][4]/Q            clear                        positive_unate             timing_enable_preset_clear_arcs = false
   m/mem_reg[1][5]/CDN          m/mem_reg[1][5]/Q            clear                        positive_unate             timing_enable_preset_clear_arcs = false
   m/mem_reg[1][6]/CDN          m/mem_reg[1][6]/Q            clear                        positive_unate             timing_enable_preset_clear_arcs = false
   m/mem_reg[1][7]/CDN          m/mem_reg[1][7]/Q            clear                        positive_unate             timing_enable_preset_clear_arcs = false
   m/mem_reg[2][0]/CDN          m/mem_reg[2][0]/Q            clear                        positive_unate             timing_enable_preset_clear_arcs = false
   m/mem_reg[2][1]/CDN          m/mem_reg[2][1]/Q            clear                        positive_unate             timing_enable_preset_clear_arcs = false
   m/mem_reg[2][2]/CDN          m/mem_reg[2][2]/Q            clear                        positive_unate             timing_enable_preset_clear_arcs = false
   m/mem_reg[2][3]/CDN          m/mem_reg[2][3]/Q            clear                        positive_unate             timing_enable_preset_clear_arcs = false
   m/mem_reg[2][4]/CDN          m/mem_reg[2][4]/Q            clear                        positive_unate             timing_enable_preset_clear_arcs = false
   m/mem_reg[2][5]/CDN          m/mem_reg[2][5]/Q            clear                        positive_unate             timing_enable_preset_clear_arcs = false
   m/mem_reg[2][6]/CDN          m/mem_reg[2][6]/Q            clear                        positive_unate             timing_enable_preset_clear_arcs = false
   m/mem_reg[2][7]/CDN          m/mem_reg[2][7]/Q            clear                        positive_unate             timing_enable_preset_clear_arcs = false
   m/mem_reg[3][0]/CDN          m/mem_reg[3][0]/Q            clear                        positive_unate             timing_enable_preset_clear_arcs = false
   m/mem_reg[3][1]/CDN          m/mem_reg[3][1]/Q            clear                        positive_unate             timing_enable_preset_clear_arcs = false
   m/mem_reg[3][2]/CDN          m/mem_reg[3][2]/Q            clear                        positive_unate             timing_enable_preset_clear_arcs = false
   m/mem_reg[3][3]/CDN          m/mem_reg[3][3]/Q            clear                        positive_unate             timing_enable_preset_clear_arcs = false
   m/mem_reg[3][4]/CDN          m/mem_reg[3][4]/Q            clear                        positive_unate             timing_enable_preset_clear_arcs = false
   m/mem_reg[3][5]/CDN          m/mem_reg[3][5]/Q            clear                        positive_unate             timing_enable_preset_clear_arcs = false
   m/mem_reg[3][6]/CDN          m/mem_reg[3][6]/Q            clear                        positive_unate             timing_enable_preset_clear_arcs = false
   m/mem_reg[3][7]/CDN          m/mem_reg[3][7]/Q            clear                        positive_unate             timing_enable_preset_clear_arcs = false
   m/mem_reg[4][0]/CDN          m/mem_reg[4][0]/Q            clear                        positive_unate             timing_enable_preset_clear_arcs = false
   m/mem_reg[4][1]/CDN          m/mem_reg[4][1]/Q            clear                        positive_unate             timing_enable_preset_clear_arcs = false
   m/mem_reg[4][2]/CDN          m/mem_reg[4][2]/Q            clear                        positive_unate             timing_enable_preset_clear_arcs = false
   m/mem_reg[4][3]/CDN          m/mem_reg[4][3]/Q            clear                        positive_unate             timing_enable_preset_clear_arcs = false
   m/mem_reg[4][4]/CDN          m/mem_reg[4][4]/Q            clear                        positive_unate             timing_enable_preset_clear_arcs = false
   m/mem_reg[4][5]/CDN          m/mem_reg[4][5]/Q            clear                        positive_unate             timing_enable_preset_clear_arcs = false
   m/mem_reg[4][6]/CDN          m/mem_reg[4][6]/Q            clear                        positive_unate             timing_enable_preset_clear_arcs = false
   m/mem_reg[4][7]/CDN          m/mem_reg[4][7]/Q            clear                        positive_unate             timing_enable_preset_clear_arcs = false
   m/mem_reg[5][0]/CDN          m/mem_reg[5][0]/Q            clear                        positive_unate             timing_enable_preset_clear_arcs = false
   m/mem_reg[5][1]/CDN          m/mem_reg[5][1]/Q            clear                        positive_unate             timing_enable_preset_clear_arcs = false
   m/mem_reg[5][2]/CDN          m/mem_reg[5][2]/Q            clear                        positive_unate             timing_enable_preset_clear_arcs = false
   m/mem_reg[5][3]/CDN          m/mem_reg[5][3]/Q            clear                        positive_unate             timing_enable_preset_clear_arcs = false
   m/mem_reg[5][4]/CDN          m/mem_reg[5][4]/Q            clear                        positive_unate             timing_enable_preset_clear_arcs = false
   m/mem_reg[5][5]/CDN          m/mem_reg[5][5]/Q            clear                        positive_unate             timing_enable_preset_clear_arcs = false
   m/mem_reg[5][6]/CDN          m/mem_reg[5][6]/Q            clear                        positive_unate             timing_enable_preset_clear_arcs = false
   m/mem_reg[5][7]/CDN          m/mem_reg[5][7]/Q            clear                        positive_unate             timing_enable_preset_clear_arcs = false
   m/mem_reg[6][0]/CDN          m/mem_reg[6][0]/Q            clear                        positive_unate             timing_enable_preset_clear_arcs = false
   m/mem_reg[6][1]/CDN          m/mem_reg[6][1]/Q            clear                        positive_unate             timing_enable_preset_clear_arcs = false
   m/mem_reg[6][2]/CDN          m/mem_reg[6][2]/Q            clear                        positive_unate             timing_enable_preset_clear_arcs = false
   m/mem_reg[6][3]/CDN          m/mem_reg[6][3]/Q            clear                        positive_unate             timing_enable_preset_clear_arcs = false
   m/mem_reg[6][4]/CDN          m/mem_reg[6][4]/Q            clear                        positive_unate             timing_enable_preset_clear_arcs = false
   m/mem_reg[6][5]/CDN          m/mem_reg[6][5]/Q            clear                        positive_unate             timing_enable_preset_clear_arcs = false
   m/mem_reg[6][6]/CDN          m/mem_reg[6][6]/Q            clear                        positive_unate             timing_enable_preset_clear_arcs = false
   m/mem_reg[6][7]/CDN          m/mem_reg[6][7]/Q            clear                        positive_unate             timing_enable_preset_clear_arcs = false
   m/mem_reg[7][0]/CDN          m/mem_reg[7][0]/Q            clear                        positive_unate             timing_enable_preset_clear_arcs = false
   m/mem_reg[7][1]/CDN          m/mem_reg[7][1]/Q            clear                        positive_unate             timing_enable_preset_clear_arcs = false
   m/mem_reg[7][2]/CDN          m/mem_reg[7][2]/Q            clear                        positive_unate             timing_enable_preset_clear_arcs = false
   m/mem_reg[7][3]/CDN          m/mem_reg[7][3]/Q            clear                        positive_unate             timing_enable_preset_clear_arcs = false
   m/mem_reg[7][4]/CDN          m/mem_reg[7][4]/Q            clear                        positive_unate             timing_enable_preset_clear_arcs = false
   m/mem_reg[7][5]/CDN          m/mem_reg[7][5]/Q            clear                        positive_unate             timing_enable_preset_clear_arcs = false
   m/mem_reg[7][6]/CDN          m/mem_reg[7][6]/Q            clear                        positive_unate             timing_enable_preset_clear_arcs = false
   m/mem_reg[7][7]/CDN          m/mem_reg[7][7]/Q            clear                        positive_unate             timing_enable_preset_clear_arcs = false
   m/mem_reg[8][0]/CDN          m/mem_reg[8][0]/Q            clear                        positive_unate             timing_enable_preset_clear_arcs = false
   m/mem_reg[8][1]/CDN          m/mem_reg[8][1]/Q            clear                        positive_unate             timing_enable_preset_clear_arcs = false
   m/mem_reg[8][2]/CDN          m/mem_reg[8][2]/Q            clear                        positive_unate             timing_enable_preset_clear_arcs = false
   m/mem_reg[8][3]/CDN          m/mem_reg[8][3]/Q            clear                        positive_unate             timing_enable_preset_clear_arcs = false
   m/mem_reg[8][4]/CDN          m/mem_reg[8][4]/Q            clear                        positive_unate             timing_enable_preset_clear_arcs = false
   m/mem_reg[8][5]/CDN          m/mem_reg[8][5]/Q            clear                        positive_unate             timing_enable_preset_clear_arcs = false
   m/mem_reg[8][6]/CDN          m/mem_reg[8][6]/Q            clear                        positive_unate             timing_enable_preset_clear_arcs = false
   m/mem_reg[8][7]/CDN          m/mem_reg[8][7]/Q            clear                        positive_unate             timing_enable_preset_clear_arcs = false
   m/mem_reg[9][0]/CDN          m/mem_reg[9][0]/Q            clear                        positive_unate             timing_enable_preset_clear_arcs = false
   m/mem_reg[9][1]/CDN          m/mem_reg[9][1]/Q            clear                        positive_unate             timing_enable_preset_clear_arcs = false
   m/mem_reg[9][2]/CDN          m/mem_reg[9][2]/Q            clear                        positive_unate             timing_enable_preset_clear_arcs = false
   m/mem_reg[9][3]/CDN          m/mem_reg[9][3]/Q            clear                        positive_unate             timing_enable_preset_clear_arcs = false
   m/mem_reg[9][4]/CDN          m/mem_reg[9][4]/Q            clear                        positive_unate             timing_enable_preset_clear_arcs = false
   m/mem_reg[9][5]/CDN          m/mem_reg[9][5]/Q            clear                        positive_unate             timing_enable_preset_clear_arcs = false
   m/mem_reg[9][6]/CDN          m/mem_reg[9][6]/Q            clear                        positive_unate             timing_enable_preset_clear_arcs = false
   m/mem_reg[9][7]/CDN          m/mem_reg[9][7]/Q            clear                        positive_unate             timing_enable_preset_clear_arcs = false
   m/mem_reg[10][0]/CDN         m/mem_reg[10][0]/Q           clear                        positive_unate             timing_enable_preset_clear_arcs = false
   m/mem_reg[10][1]/CDN         m/mem_reg[10][1]/Q           clear                        positive_unate             timing_enable_preset_clear_arcs = false
   m/mem_reg[10][2]/CDN         m/mem_reg[10][2]/Q           clear                        positive_unate             timing_enable_preset_clear_arcs = false
   m/mem_reg[10][3]/CDN         m/mem_reg[10][3]/Q           clear                        positive_unate             timing_enable_preset_clear_arcs = false
   m/mem_reg[10][4]/CDN         m/mem_reg[10][4]/Q           clear                        positive_unate             timing_enable_preset_clear_arcs = false
   m/mem_reg[10][5]/CDN         m/mem_reg[10][5]/Q           clear                        positive_unate             timing_enable_preset_clear_arcs = false
   m/mem_reg[10][6]/CDN         m/mem_reg[10][6]/Q           clear                        positive_unate             timing_enable_preset_clear_arcs = false
   m/mem_reg[10][7]/CDN         m/mem_reg[10][7]/Q           clear                        positive_unate             timing_enable_preset_clear_arcs = false
   m/mem_reg[11][0]/CDN         m/mem_reg[11][0]/Q           clear                        positive_unate             timing_enable_preset_clear_arcs = false
   m/mem_reg[11][1]/CDN         m/mem_reg[11][1]/Q           clear                        positive_unate             timing_enable_preset_clear_arcs = false
   m/mem_reg[11][2]/CDN         m/mem_reg[11][2]/Q           clear                        positive_unate             timing_enable_preset_clear_arcs = false
   m/mem_reg[11][3]/CDN         m/mem_reg[11][3]/Q           clear                        positive_unate             timing_enable_preset_clear_arcs = false
   m/mem_reg[11][4]/CDN         m/mem_reg[11][4]/Q           clear                        positive_unate             timing_enable_preset_clear_arcs = false
   m/mem_reg[11][5]/CDN         m/mem_reg[11][5]/Q           clear                        positive_unate             timing_enable_preset_clear_arcs = false
   m/mem_reg[11][6]/CDN         m/mem_reg[11][6]/Q           clear                        positive_unate             timing_enable_preset_clear_arcs = false
   m/mem_reg[11][7]/CDN         m/mem_reg[11][7]/Q           clear                        positive_unate             timing_enable_preset_clear_arcs = false
   m/mem_reg[12][0]/CDN         m/mem_reg[12][0]/Q           clear                        positive_unate             timing_enable_preset_clear_arcs = false
   m/mem_reg[12][1]/CDN         m/mem_reg[12][1]/Q           clear                        positive_unate             timing_enable_preset_clear_arcs = false
   m/mem_reg[12][2]/CDN         m/mem_reg[12][2]/Q           clear                        positive_unate             timing_enable_preset_clear_arcs = false
   m/mem_reg[12][3]/CDN         m/mem_reg[12][3]/Q           clear                        positive_unate             timing_enable_preset_clear_arcs = false
   m/mem_reg[12][4]/CDN         m/mem_reg[12][4]/Q           clear                        positive_unate             timing_enable_preset_clear_arcs = false
   m/mem_reg[12][5]/CDN         m/mem_reg[12][5]/Q           clear                        positive_unate             timing_enable_preset_clear_arcs = false
   m/mem_reg[12][6]/CDN         m/mem_reg[12][6]/Q           clear                        positive_unate             timing_enable_preset_clear_arcs = false
   m/mem_reg[12][7]/CDN         m/mem_reg[12][7]/Q           clear                        positive_unate             timing_enable_preset_clear_arcs = false
   m/mem_reg[13][0]/CDN         m/mem_reg[13][0]/Q           clear                        positive_unate             timing_enable_preset_clear_arcs = false
   m/mem_reg[13][1]/CDN         m/mem_reg[13][1]/Q           clear                        positive_unate             timing_enable_preset_clear_arcs = false
   m/mem_reg[13][2]/CDN         m/mem_reg[13][2]/Q           clear                        positive_unate             timing_enable_preset_clear_arcs = false
   m/mem_reg[13][3]/CDN         m/mem_reg[13][3]/Q           clear                        positive_unate             timing_enable_preset_clear_arcs = false
   m/mem_reg[13][4]/CDN         m/mem_reg[13][4]/Q           clear                        positive_unate             timing_enable_preset_clear_arcs = false
   m/mem_reg[13][5]/CDN         m/mem_reg[13][5]/Q           clear                        positive_unate             timing_enable_preset_clear_arcs = false
   m/mem_reg[13][6]/CDN         m/mem_reg[13][6]/Q           clear                        positive_unate             timing_enable_preset_clear_arcs = false
   m/mem_reg[13][7]/CDN         m/mem_reg[13][7]/Q           clear                        positive_unate             timing_enable_preset_clear_arcs = false
   m/mem_reg[14][0]/CDN         m/mem_reg[14][0]/Q           clear                        positive_unate             timing_enable_preset_clear_arcs = false
   m/mem_reg[14][1]/CDN         m/mem_reg[14][1]/Q           clear                        positive_unate             timing_enable_preset_clear_arcs = false
   m/mem_reg[14][2]/CDN         m/mem_reg[14][2]/Q           clear                        positive_unate             timing_enable_preset_clear_arcs = false
   m/mem_reg[14][3]/CDN         m/mem_reg[14][3]/Q           clear                        positive_unate             timing_enable_preset_clear_arcs = false
   m/mem_reg[14][4]/CDN         m/mem_reg[14][4]/Q           clear                        positive_unate             timing_enable_preset_clear_arcs = false
   m/mem_reg[14][5]/CDN         m/mem_reg[14][5]/Q           clear                        positive_unate             timing_enable_preset_clear_arcs = false
   m/mem_reg[14][6]/CDN         m/mem_reg[14][6]/Q           clear                        positive_unate             timing_enable_preset_clear_arcs = false
   m/mem_reg[14][7]/CDN         m/mem_reg[14][7]/Q           clear                        positive_unate             timing_enable_preset_clear_arcs = false
   m/mem_reg[15][0]/CDN         m/mem_reg[15][0]/Q           clear                        positive_unate             timing_enable_preset_clear_arcs = false
   m/mem_reg[15][1]/CDN         m/mem_reg[15][1]/Q           clear                        positive_unate             timing_enable_preset_clear_arcs = false
   m/mem_reg[15][2]/CDN         m/mem_reg[15][2]/Q           clear                        positive_unate             timing_enable_preset_clear_arcs = false
   m/mem_reg[15][3]/CDN         m/mem_reg[15][3]/Q           clear                        positive_unate             timing_enable_preset_clear_arcs = false
   m/mem_reg[15][4]/CDN         m/mem_reg[15][4]/Q           clear                        positive_unate             timing_enable_preset_clear_arcs = false
   m/mem_reg[15][5]/CDN         m/mem_reg[15][5]/Q           clear                        positive_unate             timing_enable_preset_clear_arcs = false
   m/mem_reg[15][6]/CDN         m/mem_reg[15][6]/Q           clear                        positive_unate             timing_enable_preset_clear_arcs = false
   m/mem_reg[15][7]/CDN         m/mem_reg[15][7]/Q           clear                        positive_unate             timing_enable_preset_clear_arcs = false
   rd_addr_sync/dff_1/rd_data_reg[4]/CDN   rd_addr_sync/dff_1/rd_data_reg[4]/Q   clear                        positive_unate             timing_enable_preset_clear_arcs = false
   rd_addr_sync/dff_1/rd_data_reg[3]/CDN   rd_addr_sync/dff_1/rd_data_reg[3]/Q   clear                        positive_unate             timing_enable_preset_clear_arcs = false
   rd_addr_sync/dff_1/rd_data_reg[1]/CDN   rd_addr_sync/dff_1/rd_data_reg[1]/Q   clear                        positive_unate             timing_enable_preset_clear_arcs = false
   rd_addr_sync/dff_1/rd_data_reg[0]/CDN   rd_addr_sync/dff_1/rd_data_reg[0]/Q   clear                        positive_unate             timing_enable_preset_clear_arcs = false
   rd_addr_sync/dff_1/rd_data_reg[2]/CDN   rd_addr_sync/dff_1/rd_data_reg[2]/Q   clear                        positive_unate             timing_enable_preset_clear_arcs = false
   rd_addr_sync/dff_2/rd_data_reg[4]/CDN   rd_addr_sync/dff_2/rd_data_reg[4]/Q   clear                        positive_unate             timing_enable_preset_clear_arcs = false
   rd_addr_sync/dff_2/rd_data_reg[3]/CDN   rd_addr_sync/dff_2/rd_data_reg[3]/Q   clear                        positive_unate             timing_enable_preset_clear_arcs = false
   rd_addr_sync/dff_2/rd_data_reg[1]/CDN   rd_addr_sync/dff_2/rd_data_reg[1]/Q   clear                        positive_unate             timing_enable_preset_clear_arcs = false
   rd_addr_sync/dff_2/rd_data_reg[0]/CDN   rd_addr_sync/dff_2/rd_data_reg[0]/Q   clear                        positive_unate             timing_enable_preset_clear_arcs = false
   rd_addr_sync/dff_2/rd_data_reg[2]/CDN   rd_addr_sync/dff_2/rd_data_reg[2]/Q   clear                        positive_unate             timing_enable_preset_clear_arcs = false
   wr_addr_sync/dff_1/rd_data_reg[4]/CDN   wr_addr_sync/dff_1/rd_data_reg[4]/Q   clear                        positive_unate             timing_enable_preset_clear_arcs = false
   wr_addr_sync/dff_1/rd_data_reg[3]/CDN   wr_addr_sync/dff_1/rd_data_reg[3]/Q   clear                        positive_unate             timing_enable_preset_clear_arcs = false
   wr_addr_sync/dff_1/rd_data_reg[1]/CDN   wr_addr_sync/dff_1/rd_data_reg[1]/Q   clear                        positive_unate             timing_enable_preset_clear_arcs = false
   wr_addr_sync/dff_1/rd_data_reg[2]/CDN   wr_addr_sync/dff_1/rd_data_reg[2]/Q   clear                        positive_unate             timing_enable_preset_clear_arcs = false
   wr_addr_sync/dff_1/rd_data_reg[0]/CDN   wr_addr_sync/dff_1/rd_data_reg[0]/Q   clear                        positive_unate             timing_enable_preset_clear_arcs = false
   wr_addr_sync/dff_2/rd_data_reg[4]/CDN   wr_addr_sync/dff_2/rd_data_reg[4]/Q   clear                        positive_unate             timing_enable_preset_clear_arcs = false
   wr_addr_sync/dff_2/rd_data_reg[3]/CDN   wr_addr_sync/dff_2/rd_data_reg[3]/Q   clear                        positive_unate             timing_enable_preset_clear_arcs = false
   wr_addr_sync/dff_2/rd_data_reg[1]/CDN   wr_addr_sync/dff_2/rd_data_reg[1]/Q   clear                        positive_unate             timing_enable_preset_clear_arcs = false
   wr_addr_sync/dff_2/rd_data_reg[0]/CDN   wr_addr_sync/dff_2/rd_data_reg[0]/Q   clear                        positive_unate             timing_enable_preset_clear_arcs = false
   wr_addr_sync/dff_2/rd_data_reg[2]/CDN   wr_addr_sync/dff_2/rd_data_reg[2]/Q   clear                        positive_unate             timing_enable_preset_clear_arcs = false
   --------------------------------------------------------------------------------------------------------------------------------------------
