###############################################################
#  Generated by:      Cadence Innovus 21.18-s099_1
#  OS:                Linux x86_64(Host ID c2slab.cet.ac.in)
#  Generated on:      Wed Mar  5 14:01:14 2025
#  Design:            fifo_top
#  Command:           verifyConnectivity -type all -error 1000 -warning 50
###############################################################
Verify Connectivity Report is created on Wed Mar  5 14:01:14 2025



Net VDD_CORE, Pin Pin: pc3c01_1/VDD; Direction: INOUT; Use: POWER;: has an unconnected terminal at (300.000, 1748.950) (300.630, 1776.330)
Net VDD_CORE, Pin Pin: pc3c01_2/VDD; Direction: INOUT; Use: POWER;: has an unconnected terminal at (384.370, 163.510) (385.000, 190.890)
Net VDD_CORE, Pin Pin: pc3d01_1/VDD; Direction: INOUT; Use: POWER;: has an unconnected terminal at (415.000, 1756.780) (480.000, 1767.760)
Net VDD_CORE, Pin Pin: pc3d01_2/VDD; Direction: INOUT; Use: POWER;: has an unconnected terminal at (455.000, 172.080) (520.000, 183.060)
Net VDD_CORE, Pin Pin: pc3d01_3/VDD; Direction: INOUT; Use: POWER;: has an unconnected terminal at (1565.000, 1756.780) (1630.000, 1767.760)
Net VDD_CORE, Pin Pin: pc3d01_4/VDD; Direction: INOUT; Use: POWER;: has an unconnected terminal at (990.000, 1756.780) (1055.000, 1767.760)
Net VDD_CORE, Pin Pin: pc3d01_5/VDD; Direction: INOUT; Use: POWER;: has an unconnected terminal at (1400.000, 172.080) (1465.000, 183.060)
Net VDD_CORE, Pin Pin: pc3d01_6/VDD; Direction: INOUT; Use: POWER;: has an unconnected terminal at (1535.000, 172.080) (1600.000, 183.060)
Net VDD_CORE, Pin Pin: pc3d01_7/VDD; Direction: INOUT; Use: POWER;: has an unconnected terminal at (172.080, 1105.000) (183.060, 1170.000)
Net VDD_CORE, Pin Pin: pc3d01_8/VDD; Direction: INOUT; Use: POWER;: has an unconnected terminal at (172.080, 990.000) (183.060, 1055.000)
Net VDD_CORE, Pin Pin: pc3d01_9/VDD; Direction: INOUT; Use: POWER;: has an unconnected terminal at (172.080, 875.000) (183.060, 940.000)
Net VDD_CORE, Pin Pin: pc3d01_10/VDD; Direction: INOUT; Use: POWER;: has an unconnected terminal at (172.080, 760.000) (183.060, 825.000)
Net VDD_CORE, Pin Pin: pc3d01_11/VDD; Direction: INOUT; Use: POWER;: has an unconnected terminal at (172.080, 645.000) (183.060, 710.000)
Net VDD_CORE, Pin Pin: pc3d01_12/VDD; Direction: INOUT; Use: POWER;: has an unconnected terminal at (172.080, 530.000) (183.060, 595.000)
Net VDD_CORE, Pin Pin: pc3d01_13/VDD; Direction: INOUT; Use: POWER;: has an unconnected terminal at (172.080, 415.000) (183.060, 480.000)
Net VDD_CORE, Pin Pin: pc3d01_14/VDD; Direction: INOUT; Use: POWER;: has an unconnected terminal at (172.080, 300.000) (183.060, 365.000)
Net VDD_CORE, Pin Pin: pc3o05_1/VDD; Direction: INOUT; Use: POWER;: has an unconnected terminal at (1748.950, 1169.200) (1776.330, 1170.000)
Net VDD_CORE, Pin Pin: pc3o05_2/VDD; Direction: INOUT; Use: POWER;: has an unconnected terminal at (1748.950, 1054.200) (1776.330, 1055.000)
Net VDD_CORE, Pin Pin: pc3o05_3/VDD; Direction: INOUT; Use: POWER;: has an unconnected terminal at (1748.950, 939.200) (1776.330, 940.000)
Net VDD_CORE, Pin Pin: pc3o05_4/VDD; Direction: INOUT; Use: POWER;: has an unconnected terminal at (1748.950, 824.200) (1776.330, 825.000)
Net VDD_CORE, Pin Pin: pc3o05_5/VDD; Direction: INOUT; Use: POWER;: has an unconnected terminal at (1748.950, 709.200) (1776.330, 710.000)
Net VDD_CORE, Pin Pin: pc3o05_6/VDD; Direction: INOUT; Use: POWER;: has an unconnected terminal at (1748.950, 594.200) (1776.330, 595.000)
Net VDD_CORE, Pin Pin: pc3o05_7/VDD; Direction: INOUT; Use: POWER;: has an unconnected terminal at (1748.950, 479.200) (1776.330, 480.000)
Net VDD_CORE, Pin Pin: pc3o05_8/VDD; Direction: INOUT; Use: POWER;: has an unconnected terminal at (1748.950, 364.200) (1776.330, 365.000)
Net VDD_CORE, Pin Pin: pc3o05_9/VDD; Direction: INOUT; Use: POWER;: has an unconnected terminal at (1194.200, 163.510) (1195.000, 190.890)
Net VDD_CORE, Pin Pin: pc3o05_10/VDD; Direction: INOUT; Use: POWER;: has an unconnected terminal at (1329.200, 163.510) (1330.000, 190.890)
Net VDD_CORE, Pin Pin: pv0i_VSS_CORE_1/VDD; Direction: INOUT; Use: POWER;: has an unconnected terminal at (789.200, 163.510) (790.000, 190.890)
Net VDD_CORE, Pin Pin: pvda_VDDO_CORE_1/VDD; Direction: INOUT; Use: POWER;: has an unconnected terminal at (924.200, 163.510) (925.000, 190.890)
Net VDD_CORE, Pin Pin: pv0a_VSSO_CORE_1/VDD; Direction: INOUT; Use: POWER;: has an unconnected terminal at (1059.200, 163.510) (1060.000, 190.890)
Net VDD_CORE, Pin Pin: pv0i_VSS_CORE_2/VDD; Direction: INOUT; Use: POWER;: has an unconnected terminal at (1748.950, 1399.200) (1776.330, 1400.000)
Net VDD_CORE, Pin Pin: pvda_VDDO_CORE_2/VDD; Direction: INOUT; Use: POWER;: has an unconnected terminal at (1748.950, 1514.200) (1776.330, 1515.000)
Net VDD_CORE, Pin Pin: pv0a_VSSO_CORE_2/VDD; Direction: INOUT; Use: POWER;: has an unconnected terminal at (1748.950, 1629.200) (1776.330, 1630.000)
Net VDD_CORE, Pin Pin: pv0i_VSS_CORE_3/VDD; Direction: INOUT; Use: POWER;: has an unconnected terminal at (645.000, 1748.950) (645.800, 1776.330)
Net VDD_CORE, Pin Pin: pvda_VDDO_CORE_3/VDD; Direction: INOUT; Use: POWER;: has an unconnected terminal at (760.000, 1748.950) (760.800, 1776.330)
Net VDD_CORE, Pin Pin: pv0a_VSSO_CORE_3/VDD; Direction: INOUT; Use: POWER;: has an unconnected terminal at (875.000, 1748.950) (875.800, 1776.330)
Net VDD_CORE, Pin Pin: pv0i_VSS_CORE_4/VDD; Direction: INOUT; Use: POWER;: has an unconnected terminal at (1220.000, 1748.950) (1220.800, 1776.330)
Net VDD_CORE, Pin Pin: pvda_VDDO_CORE_4/VDD; Direction: INOUT; Use: POWER;: has an unconnected terminal at (1335.000, 1748.950) (1335.800, 1776.330)
Net VDD_CORE, Pin Pin: pv0a_VSSO_CORE_4/VDD; Direction: INOUT; Use: POWER;: has an unconnected terminal at (1450.000, 1748.950) (1450.800, 1776.330)
Net VDD_CORE, Pin Pin: pv0i_VSS_CORE_5/VDD; Direction: INOUT; Use: POWER;: has an unconnected terminal at (163.510, 1335.000) (190.890, 1335.800)
Net VDD_CORE, Pin Pin: pvda_VDDO_CORE_5/VDD; Direction: INOUT; Use: POWER;: has an unconnected terminal at (163.510, 1450.000) (190.890, 1450.800)
Net VDD_CORE, Pin Pin: pv0a_VSSO_CORE_5/VDD; Direction: INOUT; Use: POWER;: has an unconnected terminal at (163.510, 1565.000) (190.890, 1565.800)
Net VDD_CORE: has special routes with opens at (61.000, 61.000) (1878.840, 1878.840)
Net VSS_CORE, Pin Pin: pc3c01_1/VSS; Direction: INOUT; Use: GROUND;: has an unconnected terminal at (300.000, 1790.960) (300.630, 1809.150)
Net VSS_CORE, Pin Pin: pc3c01_2/VSS; Direction: INOUT; Use: GROUND;: has an unconnected terminal at (384.370, 130.690) (385.000, 148.880)
Net VSS_CORE, Pin Pin: pc3d01_1/VSS; Direction: INOUT; Use: GROUND;: has an unconnected terminal at (415.000, 1793.500) (480.000, 1803.530)
Net VSS_CORE, Pin Pin: pc3d01_2/VSS; Direction: INOUT; Use: GROUND;: has an unconnected terminal at (455.000, 136.310) (520.000, 146.340)
Net VSS_CORE, Pin Pin: pc3d01_3/VSS; Direction: INOUT; Use: GROUND;: has an unconnected terminal at (1565.000, 1793.500) (1630.000, 1803.530)
Net VSS_CORE, Pin Pin: pc3d01_4/VSS; Direction: INOUT; Use: GROUND;: has an unconnected terminal at (990.000, 1793.500) (1055.000, 1803.530)
Net VSS_CORE, Pin Pin: pc3d01_5/VSS; Direction: INOUT; Use: GROUND;: has an unconnected terminal at (1400.000, 136.310) (1465.000, 146.340)
Net VSS_CORE, Pin Pin: pc3d01_6/VSS; Direction: INOUT; Use: GROUND;: has an unconnected terminal at (1535.000, 136.310) (1600.000, 146.340)
Net VSS_CORE, Pin Pin: pc3d01_7/VSS; Direction: INOUT; Use: GROUND;: has an unconnected terminal at (136.310, 1105.000) (146.340, 1170.000)
Net VSS_CORE, Pin Pin: pc3d01_8/VSS; Direction: INOUT; Use: GROUND;: has an unconnected terminal at (136.310, 990.000) (146.340, 1055.000)
Net VSS_CORE, Pin Pin: pc3d01_9/VSS; Direction: INOUT; Use: GROUND;: has an unconnected terminal at (136.310, 875.000) (146.340, 940.000)
Net VSS_CORE, Pin Pin: pc3d01_10/VSS; Direction: INOUT; Use: GROUND;: has an unconnected terminal at (136.310, 760.000) (146.340, 825.000)
Net VSS_CORE, Pin Pin: pc3d01_11/VSS; Direction: INOUT; Use: GROUND;: has an unconnected terminal at (136.310, 645.000) (146.340, 710.000)
Net VSS_CORE, Pin Pin: pc3d01_12/VSS; Direction: INOUT; Use: GROUND;: has an unconnected terminal at (136.310, 530.000) (146.340, 595.000)
Net VSS_CORE, Pin Pin: pc3d01_13/VSS; Direction: INOUT; Use: GROUND;: has an unconnected terminal at (136.310, 415.000) (146.340, 480.000)
Net VSS_CORE, Pin Pin: pc3d01_14/VSS; Direction: INOUT; Use: GROUND;: has an unconnected terminal at (136.310, 300.000) (146.340, 365.000)
Net VSS_CORE, Pin Pin: pc3o05_1/VSS; Direction: INOUT; Use: GROUND;: has an unconnected terminal at (1790.960, 1169.200) (1809.150, 1170.000)
Net VSS_CORE, Pin Pin: pc3o05_2/VSS; Direction: INOUT; Use: GROUND;: has an unconnected terminal at (1790.960, 1054.200) (1809.150, 1055.000)
Net VSS_CORE, Pin Pin: pc3o05_3/VSS; Direction: INOUT; Use: GROUND;: has an unconnected terminal at (1790.960, 939.200) (1809.150, 940.000)
Net VSS_CORE, Pin Pin: pc3o05_4/VSS; Direction: INOUT; Use: GROUND;: has an unconnected terminal at (1790.960, 824.200) (1809.150, 825.000)
Net VSS_CORE, Pin Pin: pc3o05_5/VSS; Direction: INOUT; Use: GROUND;: has an unconnected terminal at (1790.960, 709.200) (1809.150, 710.000)
Net VSS_CORE, Pin Pin: pc3o05_6/VSS; Direction: INOUT; Use: GROUND;: has an unconnected terminal at (1790.960, 594.200) (1809.150, 595.000)
Net VSS_CORE, Pin Pin: pc3o05_7/VSS; Direction: INOUT; Use: GROUND;: has an unconnected terminal at (1790.960, 479.200) (1809.150, 480.000)
Net VSS_CORE, Pin Pin: pc3o05_8/VSS; Direction: INOUT; Use: GROUND;: has an unconnected terminal at (1790.960, 364.200) (1809.150, 365.000)
Net VSS_CORE, Pin Pin: pc3o05_9/VSS; Direction: INOUT; Use: GROUND;: has an unconnected terminal at (1194.200, 130.690) (1195.000, 148.880)
Net VSS_CORE, Pin Pin: pc3o05_10/VSS; Direction: INOUT; Use: GROUND;: has an unconnected terminal at (1329.200, 130.690) (1330.000, 148.880)
Net VSS_CORE, Pin Pin: pvdi_VDD_CORE_1/VSS; Direction: INOUT; Use: GROUND;: has an unconnected terminal at (654.200, 130.690) (655.000, 148.880)
Net VSS_CORE, Pin Pin: pvda_VDDO_CORE_1/VSS; Direction: INOUT; Use: GROUND;: has an unconnected terminal at (924.200, 130.690) (925.000, 148.880)
Net VSS_CORE, Pin Pin: pv0a_VSSO_CORE_1/VSS; Direction: INOUT; Use: GROUND;: has an unconnected terminal at (1059.200, 130.690) (1060.000, 148.880)
Net VSS_CORE, Pin Pin: pvdi_VDD_CORE_2/VSS; Direction: INOUT; Use: GROUND;: has an unconnected terminal at (1790.960, 1284.200) (1809.150, 1285.000)
Net VSS_CORE, Pin Pin: pvda_VDDO_CORE_2/VSS; Direction: INOUT; Use: GROUND;: has an unconnected terminal at (1790.960, 1514.200) (1809.150, 1515.000)
Net VSS_CORE, Pin Pin: pv0a_VSSO_CORE_2/VSS; Direction: INOUT; Use: GROUND;: has an unconnected terminal at (1790.960, 1629.200) (1809.150, 1630.000)
Net VSS_CORE, Pin Pin: pvdi_VDD_CORE_3/VSS; Direction: INOUT; Use: GROUND;: has an unconnected terminal at (530.000, 1790.960) (530.800, 1809.150)
Net VSS_CORE, Pin Pin: pvda_VDDO_CORE_3/VSS; Direction: INOUT; Use: GROUND;: has an unconnected terminal at (760.000, 1790.960) (760.800, 1809.150)
Net VSS_CORE, Pin Pin: pv0a_VSSO_CORE_3/VSS; Direction: INOUT; Use: GROUND;: has an unconnected terminal at (875.000, 1790.960) (875.800, 1809.150)
Net VSS_CORE, Pin Pin: pvdi_VDD_CORE_4/VSS; Direction: INOUT; Use: GROUND;: has an unconnected terminal at (1105.000, 1790.960) (1105.800, 1809.150)
Net VSS_CORE, Pin Pin: pvda_VDDO_CORE_4/VSS; Direction: INOUT; Use: GROUND;: has an unconnected terminal at (1335.000, 1790.960) (1335.800, 1809.150)
Net VSS_CORE, Pin Pin: pv0a_VSSO_CORE_4/VSS; Direction: INOUT; Use: GROUND;: has an unconnected terminal at (1450.000, 1790.960) (1450.800, 1809.150)
Net VSS_CORE, Pin Pin: pvdi_VDD_CORE_5/VSS; Direction: INOUT; Use: GROUND;: has an unconnected terminal at (130.690, 1220.000) (148.880, 1220.800)
Net VSS_CORE, Pin Pin: pvda_VDDO_CORE_5/VSS; Direction: INOUT; Use: GROUND;: has an unconnected terminal at (130.690, 1450.000) (148.880, 1450.800)
Net VSS_CORE, Pin Pin: pv0a_VSSO_CORE_5/VSS; Direction: INOUT; Use: GROUND;: has an unconnected terminal at (130.690, 1565.000) (148.880, 1565.800)
Net VSS_CORE: has special routes with opens at (61.000, 61.000) (1878.840, 1878.840)
Net VDDO_CORE: no routing
Net VSSO_CORE: no routing

Begin Summary
    2 Problem(s) (IMPVFC-98): Net has no global routing and no special routing.
    82 Problem(s) (IMPVFC-96): Terminal(s) are not connected.
    2 Problem(s) (IMPVFC-200): Special Wires: Pieces of the net are not connected together.
    86 total info(s) created.
End Summary
