
Cadence Innovus(TM) Implementation System.
Copyright 2021 Cadence Design Systems, Inc. All rights reserved worldwide.

Version:	v21.18-s099_1, built Tue Jul 18 13:03:50 PDT 2023
Options:	
Date:		Wed Mar  5 13:49:56 2025
Host:		c2slab.cet.ac.in (x86_64 w/Linux 4.18.0-513.24.1.el8_9.x86_64) (4cores*8cpus*Intel(R) Xeon(R) CPU E5-1620 v3 @ 3.50GHz 10240KB)
OS:		Red Hat Enterprise Linux 8.9 (Ootpa)

License:
		[13:49:56.275937] Configured Lic search path (21.01-s002): 5280@14.139.1.126

		invs	Innovus Implementation System	21.1	checkout succeeded
		8 CPU jobs allowed with the current license(s). Use setMultiCpuUsage to set your required CPU count.
Change the soft stacksize limit to 0.2%RAM (63 mbytes). Set global soft_stack_size_limit to change the value.

**INFO:  MMMC transition support version v31-84 

<CMD> set_global _enable_mmmc_by_default_flow      $CTE::mmmc_default
<CMD> suppressMessage ENCEXT-2799
<CMD> win
**WARN: (IMPOAX-793):	Problem in processing library definition file /home/user1/cds.lib - Unable to open library connectLib at path /run/media/user1/c2s/cadence/install/INCISIVE152/tools/affirma_ams/etc/connect_lib/connectLib: Invalid Lib Path..
**WARN: (IMPOAX-793):	Problem in processing library definition file /home/user1/cds.lib - Unable to open library rfLib_new at path /home/install/FOUNDRY/rfLib_new: Invalid Lib Path..
**WARN: (IMPOAX-793):	Problem in processing library definition file /home/user1/cds.lib - Unable to open library adderDAM at path /home/user1/adderDAM: Invalid Lib Path..
<CMD> encMessage warning 0
Suppress "**WARN ..." messages.
<CMD> encMessage debug 0
<CMD> is_common_ui_mode
<CMD> restoreDesign /run/media/user1/c2s/S5_training_batch2/VINAYAK/09_Routing/fifo_top_filler_new.enc.dat fifo_top
#% Begin load design ... (date=03/05 13:50:46, mem=1031.7M)
Set Default Input Pin Transition as 0.1 ps.
Loading design 'fifo_top' saved by 'Innovus' '21.18-s099_1' on 'Tue Mar 4 20:33:17 2025'.
% Begin Load MMMC data ... (date=03/05 13:50:47, mem=1034.8M)
% End Load MMMC data ... (date=03/05 13:50:47, total cpu=0:00:00.0, real=0:00:00.0, peak res=1035.4M, current mem=1035.4M)
rc_best rc_worst

Loading LEF file /run/media/user1/c2s/S5_training_batch2/VINAYAK/09_Routing/fifo_top_filler_new.enc.dat/libs/lef/tsl180l4.lef ...

Loading LEF file /run/media/user1/c2s/S5_training_batch2/VINAYAK/09_Routing/fifo_top_filler_new.enc.dat/libs/lef/tsl18fs120_scl.lef ...
Set DBUPerIGU to M2 pitch 560.

Loading LEF file /run/media/user1/c2s/S5_training_batch2/VINAYAK/09_Routing/fifo_top_filler_new.enc.dat/libs/lef/tsl18cio150_4lm.lef ...
**WARN: (IMPLF-200):	Pin 'PAD' in macro 'apc3d01' has no ANTENNAGATEAREA value defined. The library data is incomplete and some process antenna rules will not be checked correctly.
Type 'man IMPLF-200' for more detail.
**WARN: (IMPLF-200):	Pin 'PAD' in macro 'pc3b01' has no ANTENNAGATEAREA value defined. The library data is incomplete and some process antenna rules will not be checked correctly.
Type 'man IMPLF-200' for more detail.
**WARN: (IMPLF-200):	Pin 'PAD' in macro 'pc3b01d' has no ANTENNAGATEAREA value defined. The library data is incomplete and some process antenna rules will not be checked correctly.
Type 'man IMPLF-200' for more detail.
**WARN: (IMPLF-200):	Pin 'PAD' in macro 'pc3b01u' has no ANTENNAGATEAREA value defined. The library data is incomplete and some process antenna rules will not be checked correctly.
Type 'man IMPLF-200' for more detail.
**WARN: (IMPLF-200):	Pin 'PAD' in macro 'pc3b02' has no ANTENNAGATEAREA value defined. The library data is incomplete and some process antenna rules will not be checked correctly.
Type 'man IMPLF-200' for more detail.
**WARN: (IMPLF-200):	Pin 'PAD' in macro 'pc3b02d' has no ANTENNAGATEAREA value defined. The library data is incomplete and some process antenna rules will not be checked correctly.
Type 'man IMPLF-200' for more detail.
**WARN: (IMPLF-200):	Pin 'PAD' in macro 'pc3b02u' has no ANTENNAGATEAREA value defined. The library data is incomplete and some process antenna rules will not be checked correctly.
Type 'man IMPLF-200' for more detail.
**WARN: (IMPLF-200):	Pin 'PAD' in macro 'pc3b03' has no ANTENNAGATEAREA value defined. The library data is incomplete and some process antenna rules will not be checked correctly.
Type 'man IMPLF-200' for more detail.
**WARN: (IMPLF-200):	Pin 'PAD' in macro 'pc3b03d' has no ANTENNAGATEAREA value defined. The library data is incomplete and some process antenna rules will not be checked correctly.
Type 'man IMPLF-200' for more detail.
**WARN: (IMPLF-200):	Pin 'PAD' in macro 'pc3b03ed' has no ANTENNAGATEAREA value defined. The library data is incomplete and some process antenna rules will not be checked correctly.
Type 'man IMPLF-200' for more detail.
**WARN: (IMPLF-200):	Pin 'PAD' in macro 'pc3b03u' has no ANTENNAGATEAREA value defined. The library data is incomplete and some process antenna rules will not be checked correctly.
Type 'man IMPLF-200' for more detail.
**WARN: (IMPLF-200):	Pin 'PAD' in macro 'pc3b04' has no ANTENNAGATEAREA value defined. The library data is incomplete and some process antenna rules will not be checked correctly.
Type 'man IMPLF-200' for more detail.
**WARN: (IMPLF-200):	Pin 'PAD' in macro 'pc3b04d' has no ANTENNAGATEAREA value defined. The library data is incomplete and some process antenna rules will not be checked correctly.
Type 'man IMPLF-200' for more detail.
**WARN: (IMPLF-200):	Pin 'PAD' in macro 'pc3b04u' has no ANTENNAGATEAREA value defined. The library data is incomplete and some process antenna rules will not be checked correctly.
Type 'man IMPLF-200' for more detail.
**WARN: (IMPLF-200):	Pin 'PAD' in macro 'pc3b05' has no ANTENNAGATEAREA value defined. The library data is incomplete and some process antenna rules will not be checked correctly.
Type 'man IMPLF-200' for more detail.
**WARN: (IMPLF-200):	Pin 'PAD' in macro 'pc3b05d' has no ANTENNAGATEAREA value defined. The library data is incomplete and some process antenna rules will not be checked correctly.
Type 'man IMPLF-200' for more detail.
**WARN: (IMPLF-200):	Pin 'PAD' in macro 'pc3b05u' has no ANTENNAGATEAREA value defined. The library data is incomplete and some process antenna rules will not be checked correctly.
Type 'man IMPLF-200' for more detail.
**WARN: (IMPLF-200):	Pin 'PAD' in macro 'pc3b21eu' has no ANTENNAGATEAREA value defined. The library data is incomplete and some process antenna rules will not be checked correctly.
Type 'man IMPLF-200' for more detail.
**WARN: (IMPLF-200):	Pin 'PAD' in macro 'pc3b25eu' has no ANTENNAGATEAREA value defined. The library data is incomplete and some process antenna rules will not be checked correctly.
Type 'man IMPLF-200' for more detail.
**WARN: (IMPLF-200):	Pin 'PAD' in macro 'pc3d00' has no ANTENNAGATEAREA value defined. The library data is incomplete and some process antenna rules will not be checked correctly.
Type 'man IMPLF-200' for more detail.
**WARN: (EMS-27):	Message (IMPLF-200) has exceeded the current message display limit of 20.
To increase the message display limit, refer to the product command reference manual.

##  Check design process and node:  
##  Both design process and tech node are not set.

Loading view definition file from /run/media/user1/c2s/S5_training_batch2/VINAYAK/09_Routing/fifo_top_filler_new.enc.dat/viewDefinition.tcl
Reading max_timing timing library '/run/media/user1/c2s/S5_training_batch2/VINAYAK/05_Floorplanning/lib_flow_ss/tsl18fs120_scl_ss.lib' ...
Both ff/latch and statetable are present in cell 'lanht4'. Only ff/latch will be used to model sequential cell behavior and statetable will be ignored (File /run/media/user1/c2s/S5_training_batch2/VINAYAK/05_Floorplanning/lib_flow_ss/tsl18fs120_scl_ss.lib, Line 104953)
Both ff/latch and statetable are present in cell 'lanht2'. Only ff/latch will be used to model sequential cell behavior and statetable will be ignored (File /run/media/user1/c2s/S5_training_batch2/VINAYAK/05_Floorplanning/lib_flow_ss/tsl18fs120_scl_ss.lib, Line 157476)
Both ff/latch and statetable are present in cell 'lanht1'. Only ff/latch will be used to model sequential cell behavior and statetable will be ignored (File /run/media/user1/c2s/S5_training_batch2/VINAYAK/05_Floorplanning/lib_flow_ss/tsl18fs120_scl_ss.lib, Line 288762)
Read 534 cells in library 'tsl18fs120_scl_ss' 
Reading max_timing timing library '/run/media/user1/c2s/S5_training_batch2/VINAYAK/05_Floorplanning/cio150/synopsys/2002.05/models/tsl18cio150_max.lib' ...
Read 93 cells in library 'tsl18cio150_max' 
Reading min_timing timing library '/run/media/user1/c2s/S5_training_batch2/VINAYAK/05_Floorplanning/lib_flow_ff/tsl18fs120_scl_ff.lib' ...
Both ff/latch and statetable are present in cell 'lanht4'. Only ff/latch will be used to model sequential cell behavior and statetable will be ignored (File /run/media/user1/c2s/S5_training_batch2/VINAYAK/05_Floorplanning/lib_flow_ff/tsl18fs120_scl_ff.lib, Line 104965)
Both ff/latch and statetable are present in cell 'lanht2'. Only ff/latch will be used to model sequential cell behavior and statetable will be ignored (File /run/media/user1/c2s/S5_training_batch2/VINAYAK/05_Floorplanning/lib_flow_ff/tsl18fs120_scl_ff.lib, Line 157496)
Both ff/latch and statetable are present in cell 'lanht1'. Only ff/latch will be used to model sequential cell behavior and statetable will be ignored (File /run/media/user1/c2s/S5_training_batch2/VINAYAK/05_Floorplanning/lib_flow_ff/tsl18fs120_scl_ff.lib, Line 288805)
Read 534 cells in library 'tsl18fs120_scl_ff' 
Reading min_timing timing library '/run/media/user1/c2s/S5_training_batch2/VINAYAK/05_Floorplanning/cio150/synopsys/2002.05/models/tsl18cio150_min.lib' ...
Read 93 cells in library 'tsl18cio150_min' 
Starting consistency checks on late and early library sets of delay corner 'max_delay'
late library set: max_timing
early library set: min_timing
Completed consistency checks. Status: Successful
Starting consistency checks on late and early library sets of delay corner 'min_delay'
late library set: max_timing
early library set: min_timing
Completed consistency checks. Status: Successful
*** End library_loading (cpu=0.02min, real=0.03min, mem=36.4M, fe_cpu=0.36min, fe_real=0.88min, fe_mem=1129.8M) ***
% Begin Load netlist data ... (date=03/05 13:50:49, mem=1060.9M)
*** Begin netlist parsing (mem=1129.8M) ***
**WARN: (IMPVL-159):	Pin 'VDD' of cell 'aoim22d1' is defined in LEF but not in the timing library.
Type 'man IMPVL-159' for more detail.
**WARN: (IMPVL-159):	Pin 'VSS' of cell 'aoim22d1' is defined in LEF but not in the timing library.
Type 'man IMPVL-159' for more detail.
**WARN: (IMPVL-159):	Pin 'VDD' of cell 'or04d2' is defined in LEF but not in the timing library.
Type 'man IMPVL-159' for more detail.
**WARN: (IMPVL-159):	Pin 'VSS' of cell 'or04d2' is defined in LEF but not in the timing library.
Type 'man IMPVL-159' for more detail.
**WARN: (IMPVL-159):	Pin 'VDD' of cell 'an02d1' is defined in LEF but not in the timing library.
Type 'man IMPVL-159' for more detail.
**WARN: (IMPVL-159):	Pin 'VSS' of cell 'an02d1' is defined in LEF but not in the timing library.
Type 'man IMPVL-159' for more detail.
**WARN: (IMPVL-159):	Pin 'VDD' of cell 'nd02da' is defined in LEF but not in the timing library.
Type 'man IMPVL-159' for more detail.
**WARN: (IMPVL-159):	Pin 'VSS' of cell 'nd02da' is defined in LEF but not in the timing library.
Type 'man IMPVL-159' for more detail.
**WARN: (IMPVL-159):	Pin 'VDD' of cell 'dl03d2' is defined in LEF but not in the timing library.
Type 'man IMPVL-159' for more detail.
**WARN: (IMPVL-159):	Pin 'VSS' of cell 'dl03d2' is defined in LEF but not in the timing library.
Type 'man IMPVL-159' for more detail.
**WARN: (IMPVL-159):	Pin 'VDD' of cell 'invtd7' is defined in LEF but not in the timing library.
Type 'man IMPVL-159' for more detail.
**WARN: (IMPVL-159):	Pin 'VSS' of cell 'invtd7' is defined in LEF but not in the timing library.
Type 'man IMPVL-159' for more detail.
**WARN: (IMPVL-159):	Pin 'VDD' of cell 'slnht2' is defined in LEF but not in the timing library.
Type 'man IMPVL-159' for more detail.
**WARN: (IMPVL-159):	Pin 'VSS' of cell 'slnht2' is defined in LEF but not in the timing library.
Type 'man IMPVL-159' for more detail.
**WARN: (IMPVL-159):	Pin 'VDD' of cell 'aoim22d2' is defined in LEF but not in the timing library.
Type 'man IMPVL-159' for more detail.
**WARN: (IMPVL-159):	Pin 'VSS' of cell 'aoim22d2' is defined in LEF but not in the timing library.
Type 'man IMPVL-159' for more detail.
**WARN: (IMPVL-159):	Pin 'VDD' of cell 'mffnrb2' is defined in LEF but not in the timing library.
Type 'man IMPVL-159' for more detail.
**WARN: (IMPVL-159):	Pin 'VSS' of cell 'mffnrb2' is defined in LEF but not in the timing library.
Type 'man IMPVL-159' for more detail.
**WARN: (IMPVL-159):	Pin 'VDD' of cell 'nr03d7' is defined in LEF but not in the timing library.
Type 'man IMPVL-159' for more detail.
**WARN: (IMPVL-159):	Pin 'VSS' of cell 'nr03d7' is defined in LEF but not in the timing library.
Type 'man IMPVL-159' for more detail.
**WARN: (EMS-27):	Message (IMPVL-159) has exceeded the current message display limit of 20.
To increase the message display limit, refer to the product command reference manual.
Pin 'VDD' of cell 'pvdi' is declared as power/ground in LEF but as signal in timing library.  Treat it as power/ground.
Pin 'VDDC' of cell 'pvdc' is declared as power/ground in LEF but as signal in timing library.  Treat it as power/ground.
Pin 'VDDO' of cell 'pvda' is declared as power/ground in LEF but as signal in timing library.  Treat it as power/ground.
Pin 'VSS' of cell 'pv0i' is declared as power/ground in LEF but as signal in timing library.  Treat it as power/ground.
Pin 'VSS' of cell 'pv0f' is declared as power/ground in LEF but as signal in timing library.  Treat it as power/ground.
Pin 'VSSC' of cell 'pv0c' is declared as power/ground in LEF but as signal in timing library.  Treat it as power/ground.
Pin 'VSSO' of cell 'pv0a' is declared as power/ground in LEF but as signal in timing library.  Treat it as power/ground.
Pin 'AVDD' of cell 'apvdi' is declared as power/ground in LEF but as signal in timing library.  Treat it as power/ground.
Pin 'AVDDO' of cell 'apvda' is declared as power/ground in LEF but as signal in timing library.  Treat it as power/ground.
Pin 'AVSS' of cell 'apv0i' is declared as power/ground in LEF but as signal in timing library.  Treat it as power/ground.
Pin 'AVSSO' of cell 'apv0a' is declared as power/ground in LEF but as signal in timing library.  Treat it as power/ground.
Created 627 new cells from 4 timing libraries.
Reading netlist ...
Backslashed names will retain backslash and a trailing blank character.
Reading verilogBinary netlist '/run/media/user1/c2s/S5_training_batch2/VINAYAK/09_Routing/fifo_top_filler_new.enc.dat/fifo_top.v.bin'

*** Memory Usage v#1 (Current mem = 1136.848M, initial mem = 486.988M) ***
*** End netlist parsing (cpu=0:00:00.0, real=0:00:00.0, mem=1136.8M) ***
% End Load netlist data ... (date=03/05 13:50:49, total cpu=0:00:00.0, real=0:00:00.0, peak res=1079.6M, current mem=1079.6M)
Set top cell to fifo_top.
Starting consistency checks on late and early library sets of delay corner 'max_delay'
late library set: max_timing
early library set: min_timing
Completed consistency checks. Status: Successful
Starting consistency checks on late and early library sets of delay corner 'min_delay'
late library set: max_timing
early library set: min_timing
Completed consistency checks. Status: Successful
Hooked 1254 DB cells to tlib cells.
Starting recursive module instantiation check.
No recursion found.
Building hierarchical netlist for Cell fifo_top ...
*** Netlist is unique.
** info: there are 1294 modules.
** info: there are 385 stdCell insts.
** info: there are 46 Pad insts.

*** Memory Usage v#1 (Current mem = 1183.262M, initial mem = 486.988M) ***
*info: set bottom ioPad orient R0
Reading IO assignment file "/run/media/user1/c2s/S5_training_batch2/VINAYAK/09_Routing/fifo_top_filler_new.enc.dat/libs/iofile/fifo.io" ...
Adjusting Core to Left to: 125.2000. Core to Bottom to: 125.2000.
**WARN: (IMPFP-3961):	The techSite 'CO_MSTR_c' has no related standard cells in the LEF/OA library. The calculations for this site type cannot be made unless standard cell models of this type exist in the LEF/OA library. Ignore this warning if the SITE is not used by the library. Alternatively, remove the SITE definition for the LEF/OA library to avoid this message.
Type 'man IMPFP-3961' for more detail.
**WARN: (IMPFP-3961):	The techSite 'IOSite_c' has no related standard cells in the LEF/OA library. The calculations for this site type cannot be made unless standard cell models of this type exist in the LEF/OA library. Ignore this warning if the SITE is not used by the library. Alternatively, remove the SITE definition for the LEF/OA library to avoid this message.
Type 'man IMPFP-3961' for more detail.
Horizontal Layer M1 offset = 0 (derived)
Vertical Layer M2 offset = 280 (derived)
Start create_tracks
Generated pitch 0.56 in M3 is different from 0.84 defined in technology file in preferred direction.
Pre-connect netlist-defined P/G connections...
  Updated 20 instances.
Loading preference file /run/media/user1/c2s/S5_training_batch2/VINAYAK/09_Routing/fifo_top_filler_new.enc.dat/gui.pref.tcl ...
**WARN: (IMPOPT-3602):	The specified path group name reg2reg is not defined.
Type 'man IMPOPT-3602' for more detail.
Effort level <high> specified for reg2reg path_group
Slack adjustment of -0 applied on reg2reg path_group
Slack adjustment of -0 applied on <default> path group
**WARN: (IMPTCM-77):	Option "-drouteStartIteration" for command setNanoRouteMode is obsolete and will be removed in a future release. The obsolete option still works in this release but to avoid this warning and to ensure compatibility with future releases, remove the obsolete option from your script.
#WARNING (NRIF-90) Option setNanoRouteMode -routeBottomRoutingLayer is obsolete. It will continue to work for the current release. To ensure compatibility with future releases, use option setDesignMode -bottomRoutingLayer instead.
#WARNING (NRIF-91) Option setNanoRouteMode -routeTopRoutingLayer is obsolete. It will continue to work for the current release. To ensure compatibility with future releases, use option setDesignMode -topRoutingLayer instead.
addRing command will ignore shorts while creating rings.
addRing command will disallow rings to go over rows.
addRing command will consider rows while creating rings.
The ring targets are set to core/block ring wires.
addStripe will allow jog to connect padcore ring and block ring.

Stripes will not extend to closest target.
When breaking rings, the power planner will consider the existence of blocks.
addStripe will break automatically at non-default domains when generating global stripes over the core area or default domain.
The entire stripe set will break at the domain if one of the nets is not in the domain.
Stripes will not be created over regions without power planning wires.
Offset for stripe breaking is set to 0.
Stripes will stop at the boundary of the specified area.
The power planner will set stripe antenna targets to none (no trimming allowed).
**WARN: (IMPPSP-1003):	Found use of 'setRouteMode -earlyGlobalMaxRouteLayer'. This will continue to work in this release; however, it is recommended to use 'setDesignMode -topRoutingLayer' instead.
**WARN: (IMPPSP-1003):	Found use of 'setRouteMode -earlyGlobalMinRouteLayer'. This will continue to work in this release; however, it is recommended to use 'setDesignMode -bottomRoutingLayer' instead.
Change floorplan default-technical-site to 'CoreSite'.
*Info: initialize multi-corner CTS.
Total number of combinational cells: 321
Total number of sequential cells: 203
Total number of tristate cells: 10
Total number of level shifter cells: 0
Total number of power gating cells: 0
Total number of isolation cells: 0
Total number of power switch cells: 0
Total number of pulse generator cells: 0
Total number of always on buffers: 0
Total number of retention cells: 0
Total number of physical cells: 0
List of usable buffers: bufbd7 buffd2 bufbdf buffda buffd3 bufbda buffd4 bufbd4 bufbd1 bufbd3 buffd7 buffd1 bufbd2
Total number of usable buffers: 13
List of unusable buffers:
Total number of unusable buffers: 0
List of usable inverters: inv0d2 inv0da invbda invbdk inv0d1 inv0d7 invbd4 inv0d0 invbd2 inv0d4 invbd7 invbdf
Total number of usable inverters: 12
List of unusable inverters:
Total number of unusable inverters: 0
List of identified usable delay cells: dl04d1 dl03d1 dl02d2 dl03d4 dl04d2 dl02d1 dl01d4 bufbdk dl04d4 dl02d4 dl01d2 dl01d1 dl03d2
Total number of identified usable delay cells: 13
List of identified unusable delay cells:
Total number of identified unusable delay cells: 0
% Begin Load MMMC data post ... (date=03/05 13:50:49, mem=1382.7M)
% End Load MMMC data post ... (date=03/05 13:50:49, total cpu=0:00:00.0, real=0:00:00.0, peak res=1382.7M, current mem=1382.7M)
Reading floorplan file - /run/media/user1/c2s/S5_training_batch2/VINAYAK/09_Routing/fifo_top_filler_new.enc.dat/fifo_top.fp.gz (mem = 1452.2M).
% Begin Load floorplan data ... (date=03/05 13:50:49, mem=1383.3M)
*info: reset 441 existing net BottomPreferredLayer and AvoidDetour
Pre-connect netlist-defined P/G connections...
  Updated 20 instances.
Deleting old partition specification.
Set FPlanBox to (0 0 1939840 1939840)
**WARN: (IMPFP-3961):	The techSite 'CO_MSTR_c' has no related standard cells in the LEF/OA library. The calculations for this site type cannot be made unless standard cell models of this type exist in the LEF/OA library. Ignore this warning if the SITE is not used by the library. Alternatively, remove the SITE definition for the LEF/OA library to avoid this message.
Type 'man IMPFP-3961' for more detail.
**WARN: (IMPFP-3961):	The techSite 'IOSite_c' has no related standard cells in the LEF/OA library. The calculations for this site type cannot be made unless standard cell models of this type exist in the LEF/OA library. Ignore this warning if the SITE is not used by the library. Alternatively, remove the SITE definition for the LEF/OA library to avoid this message.
Type 'man IMPFP-3961' for more detail.
Horizontal Layer M1 offset = 0 (derived)
Vertical Layer M2 offset = 280 (derived)
Start create_tracks
Generated pitch 0.56 in M3 is different from 0.84 defined in technology file in preferred direction.
 ... processed partition successfully.
Reading binary special route file /run/media/user1/c2s/S5_training_batch2/VINAYAK/09_Routing/fifo_top_filler_new.enc.dat/fifo_top.fp.spr.gz (Created by Innovus v21.18-s099_1 on Tue Mar  4 20:33:16 2025, version: 1)
Ending "Read special route file" (total cpu=0:00:00.0, real=0:00:00.0, peak res=1383.3M, current mem=1383.3M)
There are 245 io inst loaded
There are 8 nets with weight being set
There are 8 nets with bottomPreferredRoutingLayer being set
There are 8 nets with avoidDetour being set
Extracting standard cell pins and blockage ...... 
Pin and blockage extraction finished
% End Load floorplan data ... (date=03/05 13:50:50, total cpu=0:00:00.1, real=0:00:01.0, peak res=1385.9M, current mem=1385.9M)
Reading congestion map file /run/media/user1/c2s/S5_training_batch2/VINAYAK/09_Routing/fifo_top_filler_new.enc.dat/fifo_top.route.congmap.gz ...
% Begin Load SymbolTable ... (date=03/05 13:50:50, mem=1386.2M)
Un-suppress "**WARN ..." messages.
% End Load SymbolTable ... (date=03/05 13:50:50, total cpu=0:00:00.1, real=0:00:00.0, peak res=1392.0M, current mem=1391.9M)
Loading place ...
% Begin Load placement data ... (date=03/05 13:50:50, mem=1391.9M)
Reading placement file - /run/media/user1/c2s/S5_training_batch2/VINAYAK/09_Routing/fifo_top_filler_new.enc.dat/fifo_top.place.gz.
** Reading stdCellPlacement_binary (Created by Innovus v21.18-s099_1 on Tue Mar  4 20:33:16 2025, version# 2) ...
Read Views for adaptive view pruning ...
Read 0 views from Binary DB for adaptive view pruning
*** Checked 6 GNC rules.
*** applyConnectGlobalNets disabled.
*** Completed restorePlace (cpu=0:00:00.1 real=0:00:00.0 mem=1472.6M) ***
Total net length = 3.549e+04 (2.072e+04 1.477e+04) (ext = 0.000e+00)
% End Load placement data ... (date=03/05 13:50:50, total cpu=0:00:00.1, real=0:00:00.0, peak res=1406.3M, current mem=1403.8M)
Reading PG file /run/media/user1/c2s/S5_training_batch2/VINAYAK/09_Routing/fifo_top_filler_new.enc.dat/fifo_top.pg.gz, version#2, (Created by Innovus v21.18-s099_1 on       Tue Mar  4 20:33:16 2025)
*** Completed restorePGFile (cpu=0:00:00.0 real=0:00:00.0 mem=1469.6M) ***
% Begin Load routing data ... (date=03/05 13:50:50, mem=1404.9M)
Reading routing file - /run/media/user1/c2s/S5_training_batch2/VINAYAK/09_Routing/fifo_top_filler_new.enc.dat/fifo_top.route.gz.
Reading Innovus routing data (Created by Innovus v21.18-s099_1 on Tue Mar  4 20:33:16 2025 Format: 20.1) ...
*** Total 439 nets are successfully restored.
*** Completed restoreRoute (cpu=0:00:00.0 real=0:00:00.0 mem=1471.6M) ***
% End Load routing data ... (date=03/05 13:50:50, total cpu=0:00:00.0, real=0:00:00.0, peak res=1406.6M, current mem=1405.8M)
TAT_INFO: restoreCongMap REAL = 0 : CPU = 0 : MEM = 0.
Reading property file /run/media/user1/c2s/S5_training_batch2/VINAYAK/09_Routing/fifo_top_filler_new.enc.dat/fifo_top.prop
*** Completed restoreProperty (cpu=0:00:00.0 real=0:00:00.0 mem=1474.6M) ***
Reading dirtyarea snapshot file /run/media/user1/c2s/S5_training_batch2/VINAYAK/09_Routing/fifo_top_filler_new.enc.dat/fifo_top.db.da.gz (Create by Innovus v21.18-s099_1 on Tue Mar  4 20:33:17 2025, version: 4).
Set Default Input Pin Transition as 0.1 ps.
Extraction setup Started 
Initializing multi-corner RC extraction with 2 active RC Corners ...
Reading Capacitance Table File /run/media/user1/c2s/S5_training_batch2/VINAYAK/09_Routing/fifo_top_filler_new.enc.dat/libs/mmmc/SCL_NEW_26092019_basic.CapTbl ...
Process name: DIFFERENT_KINDS_OF_DIELECTRIC.
**WARN: (IMPEXT-2662):	Cap table /run/media/user1/c2s/S5_training_batch2/VINAYAK/09_Routing/fifo_top_filler_new.enc.dat/libs/mmmc/SCL_NEW_26092019_basic.CapTbl does not have the EXTENDED section. It will use only BASIC cap table section for RC extraction.
Reading Capacitance Table File /run/media/user1/c2s/S5_training_batch2/VINAYAK/09_Routing/fifo_top_filler_new.enc.dat/libs/mmmc/SCL_NEW_26092019_basic.CapTbl ...
Process name: DIFFERENT_KINDS_OF_DIELECTRIC.
**WARN: (IMPEXT-2662):	Cap table /run/media/user1/c2s/S5_training_batch2/VINAYAK/09_Routing/fifo_top_filler_new.enc.dat/libs/mmmc/SCL_NEW_26092019_basic.CapTbl does not have the EXTENDED section. It will use only BASIC cap table section for RC extraction.
Summary of Active RC-Corners : 
 
 Analysis View: worst
    RC-Corner Name        : rc_worst
    RC-Corner Index       : 0
    RC-Corner Temperature : 125 Celsius
    RC-Corner Cap Table   : '/run/media/user1/c2s/S5_training_batch2/VINAYAK/09_Routing/fifo_top_filler_new.enc.dat/libs/mmmc/SCL_NEW_26092019_basic.CapTbl'
    RC-Corner PreRoute Res Factor         : 1
    RC-Corner PreRoute Cap Factor         : 1
    RC-Corner PostRoute Res Factor        : 1 {1 1 1}
    RC-Corner PostRoute Cap Factor        : 1 {1 1 1}
    RC-Corner PostRoute XCap Factor       : 1 {1 1 1}
    RC-Corner PreRoute Clock Res Factor   : 1	[Derived from postRoute_res (effortLevel low)]
    RC-Corner PreRoute Clock Cap Factor   : 1	[Derived from postRoute_cap (effortLevel low)]
    RC-Corner PostRoute Clock Cap Factor  : 1 {1 1 1} 	[Derived from postRoute_cap (effortLevel low)]
    RC-Corner PostRoute Clock Res Factor  : 1 {1 1 1} 	[Derived from postRoute_res (effortLevel low)]
    RC-Corner PostRoute Clock coupling capacitance Factor : 1 {1 1 1} 
 
 Analysis View: best
    RC-Corner Name        : rc_best
    RC-Corner Index       : 1
    RC-Corner Temperature : -40 Celsius
    RC-Corner Cap Table   : '/run/media/user1/c2s/S5_training_batch2/VINAYAK/09_Routing/fifo_top_filler_new.enc.dat/libs/mmmc/SCL_NEW_26092019_basic.CapTbl'
    RC-Corner PreRoute Res Factor         : 1
    RC-Corner PreRoute Cap Factor         : 1
    RC-Corner PostRoute Res Factor        : 1 {1 1 1}
    RC-Corner PostRoute Cap Factor        : 1 {1 1 1}
    RC-Corner PostRoute XCap Factor       : 1 {1 1 1}
    RC-Corner PreRoute Clock Res Factor   : 1	[Derived from postRoute_res (effortLevel low)]
    RC-Corner PreRoute Clock Cap Factor   : 1	[Derived from postRoute_cap (effortLevel low)]
    RC-Corner PostRoute Clock Cap Factor  : 1 {1 1 1} 	[Derived from postRoute_cap (effortLevel low)]
    RC-Corner PostRoute Clock Res Factor  : 1 {1 1 1} 	[Derived from postRoute_res (effortLevel low)]
    RC-Corner PostRoute Clock coupling capacitance Factor : 1 {1 1 1} 
Updating RC grid for preRoute extraction ...
Initializing multi-corner resistance tables ...
Start generating vias ..
#Skip building auto via since it is not turned on.
Extracting standard cell pins and blockage ...... 
Pin and blockage extraction finished
Via generation completed.
% Begin Load power constraints ... (date=03/05 13:50:51, mem=1416.0M)
'set_default_switching_activity' finished successfully.
% End Load power constraints ... (date=03/05 13:50:51, total cpu=0:00:00.0, real=0:00:00.0, peak res=1423.1M, current mem=1423.1M)
max_delay min_delay
% Begin load AAE data ... (date=03/05 13:50:51, mem=1468.9M)
AAE DB initialization (MEM=1567.36 CPU=0:00:00.0 REAL=0:00:00.0) 
% End load AAE data ... (date=03/05 13:50:52, total cpu=0:00:00.5, real=0:00:01.0, peak res=1475.1M, current mem=1475.1M)
Restoring CCOpt config...
  Extracting original clock gating for write_clk...
    clock_tree write_clk contains 148 sinks and 0 clock gates.
  Extracting original clock gating for write_clk done.
  Extracting original clock gating for read_clk...
    clock_tree read_clk contains 20 sinks and 0 clock gates.
  Extracting original clock gating for read_clk done.
  The skew group read_clk/all was created. It contains 20 sinks and 1 sources.
  The skew group write_clk/all was created. It contains 148 sinks and 1 sources.
  The skew group read_clk/all was created. It contains 20 sinks and 1 sources.
  The skew group write_clk/all was created. It contains 148 sinks and 1 sources.
**WARN: (IMPCCOPT-2332):	The property locked_originally is deprecated. It still works, but it may be removed in a future release.
**WARN: (IMPCCOPT-2332):	The property locked_originally is deprecated. It still works, but it may be removed in a future release.
**WARN: (IMPCCOPT-2332):	The property locked_originally is deprecated. It still works, but it may be removed in a future release.
**WARN: (IMPCCOPT-2332):	The property locked_originally is deprecated. It still works, but it may be removed in a future release.
Restoring CCOpt config done.
Total number of combinational cells: 321
Total number of sequential cells: 203
Total number of tristate cells: 10
Total number of level shifter cells: 0
Total number of power gating cells: 0
Total number of isolation cells: 0
Total number of power switch cells: 0
Total number of pulse generator cells: 0
Total number of always on buffers: 0
Total number of retention cells: 0
Total number of physical cells: 0
List of usable buffers: bufbd7 buffd2 bufbdf buffda buffd3 bufbda buffd4 bufbd4 bufbd1 bufbd3 buffd7 buffd1 bufbd2
Total number of usable buffers: 13
List of unusable buffers:
Total number of unusable buffers: 0
List of usable inverters: inv0d2 inv0da invbda invbdk inv0d1 inv0d7 invbd4 inv0d0 invbd2 inv0d4 invbd7 invbdf
Total number of usable inverters: 12
List of unusable inverters:
Total number of unusable inverters: 0
List of identified usable delay cells: dl04d1 dl03d1 dl02d2 dl03d4 dl04d2 dl02d1 dl01d4 bufbdk dl04d4 dl02d4 dl01d2 dl01d1 dl03d2
Total number of identified usable delay cells: 13
List of identified unusable delay cells:
Total number of identified unusable delay cells: 0
**WARN: (IMPCTE-107):	The following globals have been obsoleted since version . They will be removed in the next release. 
timing_enable_separate_device_slew_effect_sensitivities
#% End load design ... (date=03/05 13:50:52, total cpu=0:00:04.4, real=0:00:05.0, peak res=1499.4M, current mem=1481.2M)

*** Summary of all messages that are not suppressed in this session:
Severity  ID               Count  Summary                                  
WARNING   IMPLF-200           49  Pin '%s' in macro '%s' has no ANTENNAGAT...
WARNING   IMPFP-3961           4  The techSite '%s' has no related standar...
WARNING   IMPEXT-2662          2  Cap table %s does not have the EXTENDED ...
WARNING   IMPVL-159         1435  Pin '%s' of cell '%s' is defined in LEF ...
WARNING   IMPOPT-3602          1  The specified path group name %s is not ...
WARNING   IMPCCOPT-2332        4  The property %s is deprecated. It still ...
WARNING   NRIF-90              1  Option setNanoRouteMode -routeBottomRout...
WARNING   NRIF-91              1  Option setNanoRouteMode -routeTopRouting...
WARNING   IMPCTE-107           1  The following globals have been obsolete...
WARNING   IMPTCM-77            1  Option "%s" for command %s is obsolete a...
WARNING   IMPPSP-1003          2  Found use of '%s'. This will continue to...
*** Message Summary: 1501 warning(s), 0 error(s)

<CMD> setDrawView fplan
<CMD> encMessage warning 1
<CMD> encMessage debug 0
<CMD> setDrawView place
<CMD> zoomBox -367.33700 341.15200 2286.47700 1651.58700
<CMD> zoomBox 117.13800 581.97700 1746.91400 1386.74900
<CMD> zoomBox 414.66600 729.87400 1415.55500 1224.10600
<CMD> zoomBox 678.08300 867.34200 1122.18600 1086.63700
<CMD> zoomBox 795.13400 928.67800 992.18600 1025.98100
<CMD> zoomBox 810.05000 941.61300 952.42100 1011.91500
<CMD> zoomBox 820.82500 950.95900 923.68800 1001.75200
<CMD> zoomBox 837.17600 962.71800 890.87200 989.23300
<CMD> zoomBox 848.32400 970.67600 868.57800 980.67700
<CMD> zoomBox 844.05800 967.63800 877.03900 983.92400
<CMD> zoomBox 837.11100 962.69300 890.81600 989.21200
<CMD> zoomBox 825.80900 954.64800 913.26000 997.83100
<CMD> zoomBox 798.96500 934.87500 966.50100 1017.60300
<CMD> zoomBox 747.34300 896.77400 1068.29300 1055.25700
<CMD> zoomBox 675.02100 846.81400 1197.63700 1104.87800
<CMD> zoomBox 555.22000 766.44300 1406.21300 1186.65700
<CMD> zoomBox 438.45400 684.26900 1616.30000 1265.88100
<CMD> zoomBox 51.66600 408.31100 2308.05200 1522.49900
<CMD> zoomBox -96.07600 309.45100 2558.49700 1620.26100
<CMD> zoomBox -269.89000 193.14500 2853.13900 1735.27500
<CMD> zoomBox -1293.47200 -672.65900 4689.27300 2281.57900
rc_best rc_worst
<CMD> zoomBox -711.82500 -263.90400 3610.70800 1870.53300
<CMD> zoomBox -127.46500 146.75900 2527.11100 1457.57000
<CMD> zoomBox 317.07600 459.16200 1702.78300 1143.41500
<CMD> zoomBox 548.67200 622.78400 1272.02200 979.96900
<CMD> zoomBox 646.45900 692.27500 1090.68800 911.63200
<CMD> zoomBox 716.89600 748.06800 948.78700 862.57400
<CMD> zoomBox 756.64400 778.49100 877.69500 838.26500
<CMD> zoomBox 775.15500 791.80700 849.49600 828.51600
<CMD> zoomBox 789.59000 801.92700 828.39700 821.09000
<CMD> zoomBox 773.83000 789.89200 848.17600 826.60400
<CMD> zoomBox 703.95200 736.53300 935.87300 851.05400
<CMD> zoomBox 575.00900 638.22500 1097.70300 896.32800
<CMD> zoomBox -44.79900 177.21900 1873.42500 1124.42500
<CMD> zoomBox -1850.41500 -1159.85900 4133.24700 1794.83200
rc_best rc_worst
<CMD> reset_parasitics
Performing RC Extraction ...
<CMD> extractRC
Extraction called for design 'fifo_top' of instances=50878 and nets=441 using extraction engine 'preRoute' .
**WARN: (IMPEXT-3530):	The process node is not set. Use the command setDesignMode -process <process node> prior to extraction for maximum accuracy and optimal automatic threshold setting.
Type 'man IMPEXT-3530' for more detail.
PreRoute RC Extraction called for design fifo_top.
RC Extraction called in multi-corner(2) mode.
**WARN: (IMPEXT-6166):	Capacitance table file(s) without the EXTENDED section is being used for RC extraction. This is not recommended because it results in lower accuracy for clock nets in preRoute extraction and for all nets in postRoute extraction using -effortLevel low. Regenerate capacitance table file(s) using the generateCapTbl command.
Type 'man IMPEXT-6166' for more detail.
RCMode: PreRoute
      RC Corner Indexes            0       1   
Capacitance Scaling Factor   : 1.00000 1.00000 
Resistance Scaling Factor    : 1.00000 1.00000 
Clock Cap. Scaling Factor    : 1.00000 1.00000 
Clock Res. Scaling Factor    : 1.00000 1.00000 
Shrink Factor                : 1.00000
PreRoute extraction is honoring NDR/Shielding/ExtraSpace for clock nets.
Using capacitance table file ...
Updating RC grid for preRoute extraction ...
Initializing multi-corner resistance tables ...
PreRoute RC Extraction DONE (CPU Time: 0:00:00.0  Real Time: 0:00:00.0  MEM: 1678.949M)
<CMD> rcOut -spef ./Signoff/fifo_top_signoff.spef -rc_corner rc_best
<CMD> verifyConnectivity -type all -error 1000 -warning 50
VERIFY_CONNECTIVITY use new engine.

******** Start: VERIFY CONNECTIVITY ********
Start Time: Wed Mar  5 14:01:14 2025

Design Name: fifo_top
Database Units: 1000
Design Boundary: (0.0000, 0.0000) (1939.8400, 1939.8400)
Error Limit = 1000; Warning Limit = 50
Check all nets
Net VDD_CORE: has an unconnected terminal, has special routes with opens.
Net VSS_CORE: has an unconnected terminal, has special routes with opens.
Net VDDO_CORE: no routing.
Net VSSO_CORE: no routing.

Begin Summary 
    2 Problem(s) (IMPVFC-98): Net has no global routing and no special routing.
    82 Problem(s) (IMPVFC-96): Terminal(s) are not connected.
    2 Problem(s) (IMPVFC-200): Special Wires: Pieces of the net are not connected together.
    86 total info(s) created.
End Summary

End Time: Wed Mar  5 14:01:15 2025
Time Elapsed: 0:00:01.0

******** End: VERIFY CONNECTIVITY ********
  Verification Complete : 86 Viols.  0 Wrngs.
  (CPU Time: 0:00:00.2  MEM: 8.000M)

<CMD> getMultiCpuUsage -localCpu
<CMD> get_verify_drc_mode -disable_rules -quiet
<CMD> get_verify_drc_mode -quiet -area
<CMD> get_verify_drc_mode -quiet -layer_range
<CMD> get_verify_drc_mode -check_ndr_spacing -quiet
<CMD> get_verify_drc_mode -check_only -quiet
<CMD> get_verify_drc_mode -check_same_via_cell -quiet
<CMD> get_verify_drc_mode -exclude_pg_net -quiet
<CMD> get_verify_drc_mode -ignore_trial_route -quiet
<CMD> get_verify_drc_mode -max_wrong_way_halo -quiet
<CMD> get_verify_drc_mode -use_min_spacing_on_block_obs -quiet
<CMD> get_verify_drc_mode -limit -quiet
<CMD> set_verify_drc_mode -disable_rules {} -check_ndr_spacing auto -check_only default -check_same_via_cell true -exclude_pg_net false -ignore_trial_route false -ignore_cell_blockage false -use_min_spacing_on_block_obs auto -report fifo_top.drc.rpt -limit 1000
<CMD> verify_drc
#-check_ndr_spacing auto                 # enums={true false auto}, default=auto,  user setting
#-check_same_via_cell true               # bool, default=false, user setting
#-report fifo_top.drc.rpt                # string, default="", user setting
 *** Starting Verify DRC (MEM: 1698.8) ***

  VERIFY DRC ...... Starting Verification
  VERIFY DRC ...... Initializing
  VERIFY DRC ...... Deleting Existing Violations
  VERIFY DRC ...... Creating Sub-Areas
  VERIFY DRC ...... Using new threading

  Verification Complete : 0 Viols.

 *** End Verify DRC (CPU: 0:00:00.5  ELAPSED TIME: 1.00  MEM: 256.1M) ***

<CMD> set_verify_drc_mode -area {0 0 0 0}
<CMD> saveNetlist -includePowerGround ./Signoff/fifo_signoff_withPG.v
Writing Netlist "./Signoff/fifo_signoff_withPG.v" ...
Pwr name (VDD_CORE).
Pwr name (VDDO_CORE).
Gnd name (VSS_CORE).
Gnd name (VSSO_CORE).
2 Pwr names and 2 Gnd names.
<CMD> saveNetlist ./Signoff/fifo_signoff_withoutPG.v
Writing Netlist "./Signoff/fifo_signoff_withoutPG.v" ...
<CMD> zoomBox -1409.68700 -1050.29600 3676.42500 1461.19100
<CMD> zoomBox -1833.14500 -1317.70400 4150.51700 1636.98700
<CMD> fit
<CMD> fit
<CMD> checkDesign -io -netlist -physicalLibrary -powerGround -tieHilo -timingLibrary -spef -floorplan -place -outdir checkDesign
Creating directory checkDesign.
**WARN: (IMPREPO-205):	There are 22 Cells with missing PG PIN.
Estimated cell power/ground rail width = 0.700 um
Begin checking placement ... (start mem=1956.9M, init mem=2087.2M)
*info: Recommended don't use cell = 0           
*info: Placed = 50633          (Fixed = 2)
*info: Unplaced = 0           
Placement Density:100.00%(1412768/1412768)
Placement Density (including fixed std cells):100.00%(1412768/1412768)
Finished checkPlace (total: cpu=0:00:00.6, real=0:00:01.0; vio checks: cpu=0:00:00.5, real=0:00:00.0; mem=2087.2M)
############################################################################
# Innovus Netlist Design Rule Check
# Wed Mar  5 14:05:24 2025
############################################################################
Design: fifo_top

------ Design Summary:
Total Standard Cell Number   (cells) : 50633
Total Block Cell Number      (cells) : 0
Total I/O Pad Cell Number    (cells) : 245
Total Standard Cell Area     ( um^2) : 1412768.00
Total Block Cell Area        ( um^2) : 0.00
Total I/O Pad Cell Area      ( um^2) : 1689840.00

------ Design Statistics:

Number of Instances            : 50878
Number of Non-uniquified Insts : 50870
Number of Nets                 : 441
Average number of Pins per Net : 3.83
Maximum number of Pins in Net  : 77

------ I/O Port summary

Number of Primary I/O Ports    : 24
Number of Input Ports          : 14
Number of Output Ports         : 10
Number of Bidirectional Ports  : 0
Number of Power/Ground Ports   : 0
Number of Floating Ports                     *: 0
Number of Ports Connected to Multiple Pads   *: 0
Number of Ports Connected to Core Instances   : 0

------ Design Rule Checking:

Number of Output Pins connect to Power/Ground *: 0
Number of Insts with Input Pins tied together ?: 19
Number of TieHi/Lo term nets not connected to instance's PG terms ?: 0
Number of Input/InOut Floating Pins            : 0
Number of Output Floating Pins                 : 0
Number of Output Term Marked TieHi/Lo         *: 0

**WARN: (IMPREPO-216):	There are 19 Instances with input pins tied together.
Number of nets with tri-state drivers          : 0
Number of nets with parallel drivers           : 0
Number of nets with multiple drivers           : 0
Number of nets with no driver (No FanIn)       : 0
Number of Output Floating nets (No FanOut)     : 3
Number of High Fanout nets (>50)               : 3
**WARN: (IMPREPO-227):	There are 3 High Fanout nets (>50).
Checking routing tracks.....
Checking other grids.....
Checking routing blockage.....
Checking components.....
Checking constraints (guide/region/fence).....
Checking groups.....
Checking Ptn Core Box.....

Checking Preroutes.....
No. of regular pre-routes not on tracks : 0 
 Design check done.
Report saved in file checkDesign/fifo_top.main.htm.ascii

*** Summary of all messages that are not suppressed in this session:
Severity  ID               Count  Summary                                  
WARNING   IMPREPO-227          1  There are %d High Fanout nets (>50).     
WARNING   IMPREPO-205          1  There are %d Cells with missing PG PIN.  
WARNING   IMPREPO-216          1  There are %d Instances with input pins t...
*** Message Summary: 3 warning(s), 0 error(s)

<CMD> saveDesign Signoff/fifo_top_signoff.enc
#% Begin save design ... (date=03/05 14:06:02, mem=1615.3M)
% Begin Save ccopt configuration ... (date=03/05 14:06:02, mem=1615.3M)
% End Save ccopt configuration ... (date=03/05 14:06:02, total cpu=0:00:00.0, real=0:00:00.0, peak res=1615.3M, current mem=1614.1M)
% Begin Save netlist data ... (date=03/05 14:06:02, mem=1614.1M)
Writing Binary DB to Signoff/fifo_top_signoff.enc.dat/fifo_top.v.bin in single-threaded mode...
% End Save netlist data ... (date=03/05 14:06:02, total cpu=0:00:00.0, real=0:00:00.0, peak res=1614.3M, current mem=1614.3M)
Saving symbol-table file ...
Saving congestion map file Signoff/fifo_top_signoff.enc.dat/fifo_top.route.congmap.gz ...
% Begin Save AAE data ... (date=03/05 14:06:03, mem=1615.1M)
Saving AAE Data ...
% End Save AAE data ... (date=03/05 14:06:03, total cpu=0:00:00.0, real=0:00:00.0, peak res=1615.1M, current mem=1615.1M)
Saving preference file Signoff/fifo_top_signoff.enc.dat/gui.pref.tcl ...
Saving mode setting ...
Saving global file ...
% Begin Save floorplan data ... (date=03/05 14:06:03, mem=1616.4M)
Saving floorplan file ...
Convert 0 swires and 0 svias from compressed groups
% End Save floorplan data ... (date=03/05 14:06:03, total cpu=0:00:00.0, real=0:00:00.0, peak res=1617.3M, current mem=1617.3M)
Saving PG file Signoff/fifo_top_signoff.enc.dat/fifo_top.pg.gz, version#2, (Created by Innovus v21.18-s099_1 on Wed Mar  5 14:06:03 2025)
*** Completed savePGFile (cpu=0:00:00.0 real=0:00:00.0 mem=1866.8M) ***
Saving Drc markers ...
... 88 markers are saved ...
... 0 geometry drc markers are saved ...
... 0 antenna drc markers are saved ...
% Begin Save placement data ... (date=03/05 14:06:03, mem=1617.7M)
** Saving stdCellPlacement_binary (version# 2) ...
Save Adaptive View Pruning View Names to Binary file
% End Save placement data ... (date=03/05 14:06:03, total cpu=0:00:00.0, real=0:00:00.0, peak res=1617.9M, current mem=1617.9M)
% Begin Save routing data ... (date=03/05 14:06:03, mem=1617.9M)
Saving route file ...
*** Completed saveRoute (cpu=0:00:00.0 real=0:00:01.0 mem=1866.8M) ***
% End Save routing data ... (date=03/05 14:06:04, total cpu=0:00:00.0, real=0:00:01.0, peak res=1618.1M, current mem=1618.1M)
Saving property file Signoff/fifo_top_signoff.enc.dat/fifo_top.prop
*** Completed saveProperty (cpu=0:00:00.0 real=0:00:00.0 mem=1869.8M) ***
#Saving pin access data to file Signoff/fifo_top_signoff.enc.dat/fifo_top.apa ...
% Begin Save power constraints data ... (date=03/05 14:06:04, mem=1619.1M)
% End Save power constraints data ... (date=03/05 14:06:04, total cpu=0:00:00.0, real=0:00:00.0, peak res=1619.1M, current mem=1619.1M)
rc_best rc_worst
Generated self-contained design fifo_top_signoff.enc.dat
#% End save design ... (date=03/05 14:06:04, total cpu=0:00:00.6, real=0:00:02.0, peak res=1647.0M, current mem=1619.4M)
*** Message Summary: 0 warning(s), 0 error(s)

<CMD> streamOut fifo.gds -mapFile ../../../cadence/install/SCLPDK/scl_pdk/stdlib/fs120/tech_data/lef/gds2_fe_4l.map -libName DesignLib -units 1000 -mode ALL
Parse flat map file...
Writing GDSII file ...
	****** db unit per micron = 1000 ******
	****** output gds2 file unit per micron = 1000 ******
	****** unit scaling factor = 1 ******
Output for instance
Output for bump
Output for physical terminals
Output for logical terminals
Output for regular nets
Output for special nets and metal fills
Output for via structure generation total number 17
Statistics for GDS generated (version 3)
----------------------------------------
Stream Out Layer Mapping Information:
GDS Layer Number          GDS Layer Name
----------------------------------------
    50                             TOP_M
    44                                M3
    42                                M2
    40                                M1
    49                             TOP_V
    41                                V2
    43                                V3


Stream Out Information Processed for GDS version 3:
Units: 1000 DBU

Object                             Count
----------------------------------------
Instances                          50878

Ports/Pins                             0

Nets                                4888
    metal layer M1                   636
    metal layer M2                  2909
    metal layer M3                  1319
    metal layer TOP_M                 24

    Via Instances                   2662

Special Nets                         701
    metal layer M1                   653
    metal layer M2                    10
    metal layer M3                     8
    metal layer TOP_M                 30

    Via Instances                   1336

Metal Fills                            0

    Via Instances                      0

Metal FillOPCs                         0

    Via Instances                      0

Metal FillDRCs                         0

    Via Instances                      0

Text                                 434
    metal layer M1                   121
    metal layer M2                   258
    metal layer M3                    55


Blockages                              0


Custom Text                            0


Custom Box                             0

Trim Metal                             0

######Streamout is finished!
invalid command name "||"

*** Memory Usage v#1 (Current mem = 1908.031M, initial mem = 486.988M) ***
*** Message Summary: 1509 warning(s), 0 error(s)

--- Ending "Innovus" (totcpu=0:02:11, real=0:19:09, mem=1908.0M) ---
