Command: report datapath > report_files/map/fifo_top_datapath.rpt
============================================================
  Generated by:           Genus(TM) Synthesis Solution 21.18-s082_1
  Generated on:           Feb 20 2025  10:59:06 am
  Module:                 fifo_top
  Technology libraries:   tsl18fs120_scl_ss 1
                          tsl18cio150_min 1.0
                          tsl18fs120_scl_ss 1
                          tsl18cio150_min 1.0
  Operating conditions:   tsl18cio150_min (best_case_tree)
  Wireload mode:          enclosed
  Area mode:              timing library
============================================================


      Type       CellArea Percentage 
-------------------------------------
datapath modules     0.00       0.00 
external muxes       0.00       0.00 
others           51136.90     100.00 
-------------------------------------
total            51136.90     100.00 

