19:27:23    16 -->                                                             [tcl] ucliGUI::connect -toolargs -ucligui -toolexe ./test -pid 1099294 -toolin /tmp/vcs_20250304135719_1099291_user1..stdin -toolout /tmp/vcs_20250304135719_1099291_user1..stdout  
19:27:23    17 -->                                                                 [tcl] set ucliGUI::state
19:27:23    18 -->                                                                     [tcl] gui_update_simulator_buttons
19:27:25    19 -->                                                                         [tcl] set ucliGUI::state
19:27:25    20 -->                                                                             [tcl] ucliCore::getToolPID
19:27:25    21 -->                                                                                 [tcl] synopsys::env hasTB
19:27:25    22 -->                                                                                     [tcl] trigger_hier_stack_context_switch 0
19:27:25    23 -->                                                                                         [tcl] synUtils::setDVEInitPhase 1
19:27:25    24 -->                                                                                             [tcl] gui_get_env SIMSETUP::SIMVPD
19:27:25    25 --> ...  [tcl] synopsys::dump -type VPD -file /run/media/user1/c2s/S5_training_batch2/VINAYAK/11_Post_Route_GLS/01_ZDS/inter.vpd -locking
19:27:25    26 --> ...      [tcl] synopsys::dump -autoflush on -fid VPD0
19:27:25    27 --> ...          [tcl] set ::dve_fid VPD0
19:27:25    28 --> ...              [tcl] synUtils::setDVEInitPhase 0
19:27:25    29 --> ...                  [tcl] ucliCore::getToolPID
19:27:25    30 --> ...                      [tcl] synUtils::sendTool -active _icl_setToolSocket /tmp/smlnpYnN2ay
19:27:25    31 --> ...                          [tcl] synUtils::sendTool -active {_icl_start_rpc -version "T-2022.06-SP2-5_Full64" -sync_file /tmp/vcs_dve_rpc.user1.1099294}
19:27:25    32 --> ...                              [tcl] synUtils::sendTool -active {_icl_createSharedMemory /tmp/vcs_dve_general.user1.1099294}
19:27:25    33 --> ...                                  [tcl] dveMisc::vbusExpand fifo_tb
19:27:26    34 --> ...                                      [tcl] config endofsim noexit
19:27:26    35 --> ...                                          [tcl] config onfail enable all
19:27:26    36 --> ...                                              [tcl] config syscaddplainmembers
19:27:26    37 --> ...                                                  [tcl] config syscaddsourcenames
19:27:26    38 --> ...                                                      [tcl] config syscaddstructtypes
19:27:26    39 --> ...                                                          [tcl] synopsys::listing -disable
19:27:30    40 --> ...                                                              [tcl] synopsys::dump -add {fifo_tb} -scope "." -depth 1 -fid VPD0
19:27:30    41 --> ...                                                                  [tcl] synopsys::dump -add {fifo_tb.mem_tb } -aggregates  -fid VPD0
19:27:33    42 --> ...                                                                      [tcl] synopsys::run
19:27:33    43 --> ...                                                                          [tcl] set ucliGUI::state
19:27:33    44 --> ...                                                                              [tcl] gui_update_simulator_buttons
19:27:33    45 --> ...                                                                                  [tcl] set ucliGUI::state
19:27:33    46 --> ...                                                                                      [tcl] gui_update_simulator_buttons
19:27:36    47 --> ...                                                                                          [tcl] ucliCore::getToolPID
19:27:36    48 --> ...                                                                                              [tcl] ucliCore::stopTool -no_signal
19:27:36    49 --> ...                                                                                                  [tcl] set ucliGUI::state
19:27:36    50 --> ...  [tcl] set ucliGUI::state
19:27:36    51 --> ...      [tcl] catch {senv activeDomain} dveMisc::result 
19:27:36    52 --> ...          [tcl] set dveMisc::result
19:27:36    53 --> ...              [tcl] gui_update_simulator_buttons
19:28:29    54 --> ...                  [tcl] ucliCore::getToolPID
19:28:30    55 --> ...                      [tcl] ucliCore::getToolPID
19:28:30    56 --> ...                          [tcl] ucliCore::getToolPID
19:28:30    57 --> ...                              [tcl] ucliCore::getToolPID
19:28:30    58 --> ...                                  [tcl] ucliCore::getToolPID
19:28:31    59 --> ...                                      [tcl] ucliCore::getToolPID
19:28:31    60 --> ...                                          [tcl] ucliCore::getToolPID
19:28:31    61 --> ...                                              [tcl] ucliCore::getToolPID
19:28:33    62 --> ...                                                  [tcl] ucliCore::getToolPID
