\o Program:		@(#)$CDS: libManager version 6.1.8 - CAT37 01/17/2024 18:07 (csvcm36c-7) $
\o Sub version:		sub-version  s353 
\o Arguments:		-mpssession virtuoso670482 -mpshost c2slab.cet.ac.in 
\o Working Directory:	c2slab.cet.ac.in:/run/media/user1/c2s/S5_training_batch2/VINAYAK/15_SealRing_DummyFill/si-numb_seal_ring_dummy-insertion_flow
\o 64-bit offsets
\o Qt version: 		5.9.1
\o Log file is "/run/media/user1/c2s/S5_training_batch2/VINAYAK/15_SealRing_DummyFill/si-numb_seal_ring_dummy-insertion_flow/libManager.log".
\o Opening libManager window.
\a nrSetCurrentWindow(cdsLibManager)
\a _lmSetFilter( 'cell (list nil 'FilterWith "All Of The Words"))
\a nrResizeWindow(cdsLibManager list(8 31 1221 617))
\o MPS virtuoso types registered: 65
\o changeWorkingDir("/run/media/user1/c2s/S5_training_batch2/VINAYAK/15_SealRing_DummyFill/si-numb_seal_ring_dummy-insertion_flow") unnecessary.
\o ddSetForcedLib("") unnecessary.
\o MPS service: map window
\o Library Manager customization server connected.
\w Warning: The directory: '/home/user1/adderDAM' does not exist
\w 	but was defined in libFile '/home/user1/cds.lib' for Lib 'adderDAM'.
\w Warning: The directory: '/home/install/FOUNDRY/rfLib_new' does not exist
\w 	but was defined in libFile '/home/user1/cds.lib' for Lib 'rfLib_new'.
\w Warning: The directory: '/run/media/user1/c2s/cadence/install/INCISIVE152/tools/affirma_ams/etc/connect_lib/connectLib' does not exist
\w 	but was defined in libFile '/home/user1/cds.lib' for Lib 'connectLib'.
\a cdsLibManager->libListBox->value = "ssd_place_in_design"
\a cdsLibManager->libLineEdit->value = "ssd_place_in_design"
\a nrSetCurrentWindow(cdsLibManager)
\a lmgrLogShowPopup("mainListPopup0" 82 244 2 "ssd_place_in_design")
\a nrSetCurrentWindow(cdsLibManager)
\a nrSetWindowVisibility(cdsLibManager "hide")
\a _lmgrCloseIconify("cdsLibManager" 1)
\a cdsLibManager->libListBox->value = "spi1"
\a cdsLibManager->libLineEdit->value = "spi1"
\a cdsLibManager->libListBox->value = "ssd_place_in_design"
\a cdsLibManager->libLineEdit->value = "ssd_place_in_design"
\a cdsLibManager->libListBox->value = "ssd_import"
\a cdsLibManager->libLineEdit->value = "ssd_import"
\a cdsLibManager->libListBox->value = "ssd_place_in_design"
\a cdsLibManager->libLineEdit->value = "ssd_place_in_design"
\a nrSetCurrentWindow(cdsLibManager)
\a cdsLibManager->libLineEdit->value = ""
\a cdsLibManager->libListBox->value = nil
\a nrListItemAction(cdsLibManager->libListBox "ssd_place_in_design" 0)
\a cdsLibManager->libListBox->value = "ssd_place_in_design"
\a cdsLibManager->libLineEdit->value = "ssd_place_in_design"
\a cdsLibManager->libLineEdit->value = ""
\a cdsLibManager->libListBox->value = nil
\a nrListItemAction(cdsLibManager->libListBox "ssd_place_in_design" 0)
\a cdsLibManager->libListBox->value = "ssd_place_in_design"
\a cdsLibManager->libLineEdit->value = "ssd_place_in_design"
\a lmgrLogShowPopup("mainListPopup0" 58 246 2 "ssd_place_in_design")
\a nrSetCurrentWindow(cdsLibManager)
\a cdsLibManager->FileNewCVButton->value = t
\a cdsLibManager->libListBox->value = nil
\a cdsLibManager->libLineEdit->value = ""
\w Warning: The directory: '/home/user1/adderDAM' does not exist
\w 	but was defined in libFile '/home/user1/cds.lib' for Lib 'adderDAM'.
\w Warning: The directory: '/home/install/FOUNDRY/rfLib_new' does not exist
\w 	but was defined in libFile '/home/user1/cds.lib' for Lib 'rfLib_new'.
\w Warning: The directory: '/run/media/user1/c2s/cadence/install/INCISIVE152/tools/affirma_ams/etc/connect_lib/connectLib' does not exist
\w 	but was defined in libFile '/home/user1/cds.lib' for Lib 'connectLib'.
\a cdsLibManager->libListBox->value = "ssd_place_in_design"
\a cdsLibManager->libLineEdit->value = "ssd_place_in_design"
\a nrSetCurrentWindow(cdsLibManager)
\a nrSetCurrentWindow(cdsLibManager)
\a cdsLibManager->libLineEdit->value = ""
\a cdsLibManager->libListBox->value = nil
\a nrListItemAction(cdsLibManager->libListBox "ssd_place_in_design" 0)
\a cdsLibManager->libListBox->value = "ssd_place_in_design"
\a cdsLibManager->libLineEdit->value = "ssd_place_in_design"
\a cdsLibManager->FileNewCVButton->value = t
\a cdsLibManager->libListBox->value = nil
\a cdsLibManager->libLineEdit->value = ""
\w Warning: The directory: '/home/user1/adderDAM' does not exist
\w 	but was defined in libFile '/home/user1/cds.lib' for Lib 'adderDAM'.
\w Warning: The directory: '/home/install/FOUNDRY/rfLib_new' does not exist
\w 	but was defined in libFile '/home/user1/cds.lib' for Lib 'rfLib_new'.
\w Warning: The directory: '/run/media/user1/c2s/cadence/install/INCISIVE152/tools/affirma_ams/etc/connect_lib/connectLib' does not exist
\w 	but was defined in libFile '/home/user1/cds.lib' for Lib 'connectLib'.
\a cdsLibManager->libListBox->value = "ssd_place_in_design"
\a cdsLibManager->libLineEdit->value = "ssd_place_in_design"
\a nrSetCurrentWindow(cdsLibManager)
\a cdsLibManager->libListBox->value = nil
\a cdsLibManager->libLineEdit->value = ""
\w Warning: The directory: '/home/user1/adderDAM' does not exist
\w 	but was defined in libFile '/home/user1/cds.lib' for Lib 'adderDAM'.
\w Warning: The directory: '/home/install/FOUNDRY/rfLib_new' does not exist
\w 	but was defined in libFile '/home/user1/cds.lib' for Lib 'rfLib_new'.
\w Warning: The directory: '/run/media/user1/c2s/cadence/install/INCISIVE152/tools/affirma_ams/etc/connect_lib/connectLib' does not exist
\w 	but was defined in libFile '/home/user1/cds.lib' for Lib 'connectLib'.
\a cdsLibManager->libListBox->value = "ssd_place_in_design"
\a cdsLibManager->libLineEdit->value = "ssd_place_in_design"
\a cdsLibManager->cellListBox->value = "fifo_seal_si"
\a cdsLibManager->cellLineEdit->value = "fifo_seal_si"
\a cdsLibManager->viewListBox->value = "layout"
\a cdsLibManager->viewLineEdit->value = "layout"
\a cdsLibManager->cellLineEdit->value = ""
\a cdsLibManager->cellListBox->value = nil
\a cdsLibManager->viewLineEdit->value = ""
\a cdsLibManager->viewListBox->value = nil
\a cdsLibManager->cellListBox->value = "fifo_seal_si"
\a cdsLibManager->cellLineEdit->value = "fifo_seal_si"
\a cdsLibManager->viewListBox->value = "layout"
\a cdsLibManager->viewLineEdit->value = "layout"
\a cdsLibManager->viewLineEdit->value = ""
\a cdsLibManager->viewListBox->value = nil
\a cdsLibManager->viewListBox->value = "layout"
\a cdsLibManager->viewLineEdit->value = "layout"
\a nrSetCurrentWindow(cdsLibManager)
\a cdsLibManager->libListBox->value = "die_ssd_flow"
\a cdsLibManager->libLineEdit->value = "die_ssd_flow"
\a cdsLibManager->cellLineEdit->value = ""
\a cdsLibManager->cellListBox->value = nil
\a cdsLibManager->viewLineEdit->value = ""
\a cdsLibManager->viewListBox->value = nil
\a nrListItemAction(cdsLibManager->libListBox "die_ssd_flow" 0)
\a cdsLibManager->libListBox->value = nil
\a cdsLibManager->libLineEdit->value = ""
\w Warning: The directory: '/home/user1/adderDAM' does not exist
\w 	but was defined in libFile '/home/user1/cds.lib' for Lib 'adderDAM'.
\w Warning: The directory: '/home/install/FOUNDRY/rfLib_new' does not exist
\w 	but was defined in libFile '/home/user1/cds.lib' for Lib 'rfLib_new'.
\w Warning: The directory: '/run/media/user1/c2s/cadence/install/INCISIVE152/tools/affirma_ams/etc/connect_lib/connectLib' does not exist
\w 	but was defined in libFile '/home/user1/cds.lib' for Lib 'connectLib'.
\a cdsLibManager->libListBox->value = "die_ssd_flow"
\a cdsLibManager->libLineEdit->value = "die_ssd_flow"
\a cdsLibManager->libListBox->value = nil
\a cdsLibManager->libLineEdit->value = ""
\w Warning: The directory: '/home/user1/adderDAM' does not exist
\w 	but was defined in libFile '/home/user1/cds.lib' for Lib 'adderDAM'.
\w Warning: The directory: '/home/install/FOUNDRY/rfLib_new' does not exist
\w 	but was defined in libFile '/home/user1/cds.lib' for Lib 'rfLib_new'.
\w Warning: The directory: '/run/media/user1/c2s/cadence/install/INCISIVE152/tools/affirma_ams/etc/connect_lib/connectLib' does not exist
\w 	but was defined in libFile '/home/user1/cds.lib' for Lib 'connectLib'.
\a cdsLibManager->libListBox->value = "die_ssd_flow"
\a cdsLibManager->libLineEdit->value = "die_ssd_flow"
\a cdsLibManager->libListBox->value = nil
\a cdsLibManager->libLineEdit->value = ""
\w Warning: The directory: '/home/user1/adderDAM' does not exist
\w 	but was defined in libFile '/home/user1/cds.lib' for Lib 'adderDAM'.
\w Warning: The directory: '/home/install/FOUNDRY/rfLib_new' does not exist
\w 	but was defined in libFile '/home/user1/cds.lib' for Lib 'rfLib_new'.
\w Warning: The directory: '/run/media/user1/c2s/cadence/install/INCISIVE152/tools/affirma_ams/etc/connect_lib/connectLib' does not exist
\w 	but was defined in libFile '/home/user1/cds.lib' for Lib 'connectLib'.
\a cdsLibManager->libListBox->value = "die_ssd_flow"
\a cdsLibManager->libLineEdit->value = "die_ssd_flow"
\a nrSetWindowVisibility(cdsLibManager "show")
\o MPS service: map window
\a nrSetCurrentWindow(cdsLibManager)
\a cdsLibManager->libLineEdit->value = ""
\a cdsLibManager->libListBox->value = nil
\a cdsLibManager->libListBox->value = "die_ssd_flow"
\a cdsLibManager->libLineEdit->value = "die_ssd_flow"
\a cdsLibManager->cellListBox->value = "fifo_top"
\a cdsLibManager->cellLineEdit->value = "fifo_top"
\a cdsLibManager->viewListBox->value = "layout"
\a cdsLibManager->viewLineEdit->value = "layout"
\a cdsLibManager->viewListBox->value = nil
\a cdsLibManager->viewLineEdit->value = ""
\a cdsLibManager->viewListBox->value = "layout"
\a cdsLibManager->viewLineEdit->value = "layout"
\o MPS request: edit design
\a nrListItemAction(cdsLibManager->gdmXTView 0 0)
\a nrSetCurrentWindow(cdsLibManager)
\a cdsLibManager->libListBox->value = "ssd_place_in_design"
\a cdsLibManager->libLineEdit->value = "ssd_place_in_design"
\a cdsLibManager->cellLineEdit->value = ""
\a cdsLibManager->cellListBox->value = nil
\a cdsLibManager->viewLineEdit->value = ""
\a cdsLibManager->viewListBox->value = nil
\a cdsLibManager->cellListBox->value = "fifo_seal_si"
\a cdsLibManager->cellLineEdit->value = "fifo_seal_si"
\a cdsLibManager->viewListBox->value = "layout"
\a cdsLibManager->viewLineEdit->value = "layout"
\a cdsLibManager->libListBox->value = "ssd_import"
\a cdsLibManager->libLineEdit->value = "ssd_import"
\a cdsLibManager->cellLineEdit->value = ""
\a cdsLibManager->cellListBox->value = nil
\a cdsLibManager->viewLineEdit->value = ""
\a cdsLibManager->viewListBox->value = nil
\a cdsLibManager->cellListBox->value = "TS18_SealRing_SL_THK_4M1T_a0"
\a cdsLibManager->cellLineEdit->value = "TS18_SealRing_SL_THK_4M1T_a0"
\a cdsLibManager->viewListBox->value = "layout"
\a cdsLibManager->viewLineEdit->value = "layout"
\a cdsLibManager->cellListBox->value = "TS18_SealRing_SL_THK_3M1T_a0"
\a cdsLibManager->cellLineEdit->value = "TS18_SealRing_SL_THK_3M1T_a0"
\a cdsLibManager->viewLineEdit->value = ""
\a cdsLibManager->viewListBox->value = nil
\a cdsLibManager->viewListBox->value = "layout"
\a cdsLibManager->viewLineEdit->value = "layout"
\a cdsLibManager->cellListBox->value = "TS18_SealRing_SL_4M1L_a0"
\a cdsLibManager->cellLineEdit->value = "TS18_SealRing_SL_4M1L_a0"
\a cdsLibManager->viewLineEdit->value = ""
\a cdsLibManager->viewListBox->value = nil
\a cdsLibManager->viewListBox->value = "layout"
\a cdsLibManager->viewLineEdit->value = "layout"
\a cdsLibManager->viewListBox->value = nil
\a cdsLibManager->viewLineEdit->value = ""
\a cdsLibManager->viewListBox->value = "layout"
\a cdsLibManager->viewLineEdit->value = "layout"
\o MPS request: edit design
\a nrListItemAction(cdsLibManager->gdmXTView 0 0)
\a nrSetCurrentWindow(cdsLibManager)
\a nrSetWindowVisibility(cdsLibManager "hide")
\a nrResizeWindow(cdsLibManager list(0 0 1221 617))
\a nrSetWindowVisibility(cdsLibManager "show")
\o MPS service: map window
\a nrSetCurrentWindow(cdsLibManager)
\a nrResizeWindow(cdsLibManager list(8 31 1221 617))
\a cdsLibManager->libListBox->value = "ssd_place_in_design"
\a cdsLibManager->libLineEdit->value = "ssd_place_in_design"
\a cdsLibManager->cellLineEdit->value = ""
\a cdsLibManager->cellListBox->value = nil
\a cdsLibManager->viewLineEdit->value = ""
\a cdsLibManager->viewListBox->value = nil
\a cdsLibManager->FileNewCVButton->value = t
\a cdsLibManager->libListBox->value = nil
\a cdsLibManager->libLineEdit->value = ""
\w Warning: The directory: '/home/user1/adderDAM' does not exist
\w 	but was defined in libFile '/home/user1/cds.lib' for Lib 'adderDAM'.
\w Warning: The directory: '/home/install/FOUNDRY/rfLib_new' does not exist
\w 	but was defined in libFile '/home/user1/cds.lib' for Lib 'rfLib_new'.
\w Warning: The directory: '/run/media/user1/c2s/cadence/install/INCISIVE152/tools/affirma_ams/etc/connect_lib/connectLib' does not exist
\w 	but was defined in libFile '/home/user1/cds.lib' for Lib 'connectLib'.
\a cdsLibManager->libListBox->value = "ssd_place_in_design"
\a cdsLibManager->libLineEdit->value = "ssd_place_in_design"
\a nrSetCurrentWindow(cdsLibManager)
\a nrSetCurrentWindow(cdsLibManager)
\a nrSetWindowVisibility(cdsLibManager "hide")
\a nrResizeWindow(cdsLibManager list(0 0 1221 617))
\a nrSetWindowVisibility(cdsLibManager "show")
\a nrSetCurrentWindow(cdsLibManager)
\a nrResizeWindow(cdsLibManager list(8 31 1221 617))
\a nrSetCurrentWindow(cdsLibManager)
