###############################################################
#  Generated by:      Cadence Innovus 21.18-s099_1
#  OS:                Linux x86_64(Host ID c2slab.cet.ac.in)
#  Generated on:      Thu Feb 27 20:59:41 2025
#  Design:            fifo_top
#  Command:           report_ccopt_clock_trees -summary -file ./Clock_Tree_Synthesis/fifo_top_clock_trees.rpt
###############################################################

Clock DAG stats:
================

-----------------------------------------------------------
Cell type                 Count    Area         Capacitance
-----------------------------------------------------------
Buffers                     2         87.808       0.020
Inverters                   0          0.000       0.000
Integrated Clock Gates      0          0.000       0.000
Discrete Clock Gates        0          0.000       0.000
Clock Logic                 4      65000.000       7.436
All                         6      65087.808       7.456
-----------------------------------------------------------


Clock DAG sink counts:
======================

-------------------------
Sink type           Count
-------------------------
Regular              172
Enable Latch           0
Load Capacitance       0
Antenna Diode          0
Node Sink              0
Total                172
-------------------------


Clock DAG wire lengths:
=======================

--------------------
Type     Wire Length
--------------------
Top          0.000
Trunk      976.150
Leaf      4497.305
Total     5473.455
--------------------


Clock DAG hp wire lengths:
==========================

-----------------------
Type     hp Wire Length
-----------------------
Top            0.000
Trunk       1268.880
Leaf        2987.800
Total       4256.680
-----------------------


Clock DAG capacitances:
=======================

--------------------------------
Type     Gate     Wire     Total
--------------------------------
Top      0.000    0.000    0.000
Trunk    7.456    0.132    7.588
Leaf     0.374    0.659    1.033
Total    7.830    0.791    8.621
--------------------------------


Clock DAG sink capacitances:
============================

-----------------------------------------------
Total    Average    Std. Dev.    Min      Max
-----------------------------------------------
0.374     0.002       0.000      0.002    0.002
-----------------------------------------------


Clock DAG net violations:
=========================

None


Clock DAG primary half-corner transition distribution:
======================================================

--------------------------------------------------------------------------------------------------------------------------------------------------------------
Net Type    Target    Count    Average    Std. Dev.    Min      Max      Distribution                                                              Over Target
--------------------------------------------------------------------------------------------------------------------------------------------------------------
Trunk       2.000       5       0.440       0.526      0.005    1.024    {5 <= 1.200ns, 0 <= 1.600ns, 0 <= 1.800ns, 0 <= 1.900ns, 0 <= 2.000ns}         -
Leaf        2.000       3       0.463       0.123      0.320    0.536    {3 <= 1.200ns, 0 <= 1.600ns, 0 <= 1.800ns, 0 <= 1.900ns, 0 <= 2.000ns}         -
--------------------------------------------------------------------------------------------------------------------------------------------------------------


Clock DAG library cell distribution:
====================================

---------------------------------------
Name      Type      Inst     Inst Area 
                    Count    (um^2)
---------------------------------------
bufbd7    buffer      2         87.808
pc3c01    logic       2      32500.000
pc3d01    logic       2      32500.000
---------------------------------------



Please note that the following tables reflect only the defined clock trees, so the flop counts might not include all flops in your design.

Clock Tree Summary:
===================

----------------------------------------------------------------------------------------------------------------------
Clock Tree  Clock  Bufs  Invs  Other  Max       Max     Max      Max          Standard   Wire   Gate   Clock Tree Root
Name        Gates              Clock  Non-leaf  Leaf    Length   Source-sink  cell area  cap    cap    
                               Cells  Fanout    Fanout  (um)     Resistance   (um^2)     (pF)   (pF)   
                                                                 (Ohms)                                
----------------------------------------------------------------------------------------------------------------------
read_clk      0     0     0      2       1        22    1864.74    5867.84    32500.000  0.293  3.766  rd_clk_pad
write_clk     0     2     0      2       2        76     723.5     2248       32587.808  0.498  4.064  wr_clk_pad
----------------------------------------------------------------------------------------------------------------------

2 clock trees contain a total of 2 nets marked dont_touch, which will not have been buffered, and may have Design Rule Violations as a consequence.
2 clock trees contain a total of 2 nets marked ideal_network, which will not have been buffered, and may have Design Rule Violations as a consequence.

Clock Sink Summary:
===================

-------------------------------------------------------------------------------------------------------------------------------------------
Clock Tree  Explicit      Implicit      Explicit     Implicit     Explicit   Implicit   Posedge  Negedge  Memory  Enable  Non enable  Other
Name        exclude pins  exclude pins  ignore pins  ignore pins  stop pins  stop pins  Flops    Flops    Clock   Latch   Latch       Sinks
                                                                                                          Pins    Sinks   Sinks       
-------------------------------------------------------------------------------------------------------------------------------------------
read_clk         0             0             0            0           0          0         22       0       0       0         0         0
write_clk        0             0             0            0           0          0        150       0       0       0         0         0
-------------------------------------------------------------------------------------------------------------------------------------------

Summary across all clock trees:
===============================

-------------------------------------------------------------------------------------------------------------
Clock  Bufs  Invs  Other  Max       Average   Max     Average  Max       Max          Standard   Wire   Gate
Gates              Clock  Non-leaf  Non-leaf  Leaf    Leaf     Length    Source-sink  cell area  cap    cap
                   Cells  Fanout    Fanout    Fanout  Fanout   (um)      Resistance   (um^2)     (pF)   (pF)
                                                                         (Ohms)                         
-------------------------------------------------------------------------------------------------------------
  0     2     0      4       2        1.2       76    57.3333  1864.745    586.784    65087.808  0.791  7.830
-------------------------------------------------------------------------------------------------------------

Clock Sink Summary across all clock trees:
==========================================

-------------------------------------------------------------------------------------------------------------------------------
Explicit      Implicit      Explicit     Implicit     Explicit   Implicit   Posedge  Negedge  Memory  Enable  Non enable  Other
exclude pins  exclude pins  ignore pins  ignore pins  stop pins  stop pins  Flops    Flops    Clock   Latch   Latch       Sinks
                                                                                              Pins    Sinks   Sinks       
-------------------------------------------------------------------------------------------------------------------------------
     0             0             0            0           0          0        172       0       0       0         0         0
-------------------------------------------------------------------------------------------------------------------------------

Physical metrics across all clock trees:
========================================

------------------------------------------------------------------------
Metric                               Minimum  Average  Maximum   Std.dev
------------------------------------------------------------------------
Source-sink routed net length (um)    0.000   486.166  1864.745  580.707
Source-sink manhattan distance (um)   0.000   485.705  1862.805  581.006
Source-sink resistance (Ohm)          0.002   163.721   586.784  185.089
------------------------------------------------------------------------

Transition distribution for half-corner min_delay:hold.late:
============================================================

--------------------------------------------------------------------------------------------------------------------------------------------------------------
Net Type    Target    Count    Average    Std. Dev.    Min      Max      Distribution                                                              Over Target
--------------------------------------------------------------------------------------------------------------------------------------------------------------
Trunk       2.000       5       0.407       0.553      0.000    1.024    {5 <= 1.200ns, 0 <= 1.600ns, 0 <= 1.800ns, 0 <= 1.900ns, 0 <= 2.000ns}         -
Leaf        2.000       3       0.356       0.308      0.000    0.535    {3 <= 1.200ns, 0 <= 1.600ns, 0 <= 1.800ns, 0 <= 1.900ns, 0 <= 2.000ns}         -
--------------------------------------------------------------------------------------------------------------------------------------------------------------

Transition distribution for half-corner max_delay:setup.late:
=============================================================

--------------------------------------------------------------------------------------------------------------------------------------------------------------
Net Type    Target    Count    Average    Std. Dev.    Min      Max      Distribution                                                              Over Target
--------------------------------------------------------------------------------------------------------------------------------------------------------------
Trunk       2.000       5       0.440       0.526      0.005    1.024    {5 <= 1.200ns, 0 <= 1.600ns, 0 <= 1.800ns, 0 <= 1.900ns, 0 <= 2.000ns}         -
Leaf        2.000       3       0.463       0.123      0.320    0.536    {3 <= 1.200ns, 0 <= 1.600ns, 0 <= 1.800ns, 0 <= 1.900ns, 0 <= 2.000ns}         -
--------------------------------------------------------------------------------------------------------------------------------------------------------------

Count of violations across all clock trees:
===========================================

---------------------------------------------------------------------------------------
Clock Tree  # Max capacitance  # Max resistance  # Max length  # Max fanout  # Slew
Name        violations         violations        violations    violations    violations
---------------------------------------------------------------------------------------
read_clk            1                 0               0             0            0
write_clk           1                 0               0             0            0
---------------------------------------------------------------------------------------
Total               2                 0               0             0            0
---------------------------------------------------------------------------------------

Note the above table per clock tree is based on CCOpt clock tree view. The violations are counted across half corners.

Found a total of 2 clock tree pins with max capacitance violations.
Found a total of 2 max capacitance violations.
Total violation amount 5.476pF.

Max capacitance violation summary across all clock trees - Top 2 violations:
============================================================================

Target and measured capacitances (in pF):

------------------------------------------------------------------------------------------------
Half corner           Violation  Capacitance  Capacitance  Target                     Pin
                      amount     target       achieved     source                     
------------------------------------------------------------------------------------------------
max_delay:setup.late    2.738       0.800        3.538     library_or_sdc_constraint  wr_clk_pad
max_delay:setup.late    2.738       0.800        3.538     library_or_sdc_constraint  rd_clk_pad
------------------------------------------------------------------------------------------------

Target sources:
target_max_capacitance_property - the target was set in the target_max_capacitance property
library_or_sdc_constraint - the non-frequency-dependent target was set in a library file or by an SDC constraint
frequency_dependent_library_or_sdc_constraint - the frequency-dependent target was set in a library file or by an SDC constraint
computed_from_slew_target - the target was calculated based on the slew target at a clock root
clock_root_forced - the target was forced to be zero at a clock root


Found a total of 0 clock tree nets with max resistance violations.
Found a total of 0 clock tree nets with max length violations.
Found a total of 0 clock tree nets with max fanout violations.
Found a total of 0 clock tree pins with a slew violation.

Clock Timing Summary:
=====================

Target and measured clock slews (in ns):

--------------------------------------------------------------------------------------------------------------------------------------------
Clock tree  Timing Corner          Worst Rising  Worst Falling  Worst Rising  Worst Falling  Leaf Slew    Leaf Slew  Trunk Slew   Trunk Slew
                                   Leaf Slew     Leaf Slew      Trunk Slew    Trunk Slew     Target Type  Target     Target Type  Target
--------------------------------------------------------------------------------------------------------------------------------------------
read_clk    max_delay:setup.early     0.000          0.000         0.005          0.336      ignored          -      ignored          -
read_clk    max_delay:setup.late      0.307          0.320         0.118          0.655      explicit      2.000     explicit      2.000
read_clk    min_delay:hold.early      0.000          0.000         0.214          0.336      ignored          -      ignored          -
read_clk    min_delay:hold.late       0.000          0.000         0.591          1.001      explicit      2.000     explicit      2.000
write_clk   max_delay:setup.early     0.269          0.237         0.005          0.345      ignored          -      ignored          -
write_clk   max_delay:setup.late      0.536          0.421         0.151          0.662      explicit      2.000     explicit      2.000
write_clk   min_delay:hold.early      0.269          0.237         0.222          0.345      ignored          -      ignored          -
write_clk   min_delay:hold.late       0.535          0.421         0.606          1.024      explicit      2.000     explicit      2.000
--------------------------------------------------------------------------------------------------------------------------------------------

* - indicates that target was not met.

auto extracted - target was extracted from SDC.
auto computed - target was computed when balancing trees.

Total Transition Slacks Summary:
================================

-------------------------------------------------------------------------------------------------
Total       Total Leaf    Total        Total Leaf    Mean        Median      Std.Dev     Worst
Overslew    Overslew      Underslew    Underslew     Overslew    Overslew    Overslew    Overslew
-------------------------------------------------------------------------------------------------
 0.000        0.000        -12.409       -4.612       0.000       0.000       0.000       0.000
-------------------------------------------------------------------------------------------------

Transition times measured in the half-corner max_delay:setup.late

Top Underslews:

-------------------------------------
Driving node           Underslew (ns)
-------------------------------------
write_clk                  -1.995
pc3c01_2                   -1.833
pc3c01_1                   -1.680
CTS_ccl_a_buf_00062        -1.467
CTS_ccl_a_buf_00061        -1.464
pc3d01_1                   -0.999
pc3d01_2                   -0.976
-------------------------------------

