16:38:37    16 -->                                                             [tcl] ucliGUI::connect -toolargs -ucligui -toolexe ./test -pid 696282 -toolin /tmp/vcs_20250304110833_696281_user1..stdin -toolout /tmp/vcs_20250304110833_696281_user1..stdout  
16:38:37    17 -->                                                                 [tcl] set ucliGUI::state
16:38:37    18 -->                                                                     [tcl] gui_update_simulator_buttons
16:38:38    19 -->                                                                         [tcl] set ucliGUI::state
16:38:38    20 -->                                                                             [tcl] ucliCore::getToolPID
16:38:38    21 -->                                                                                 [tcl] synopsys::env hasTB
16:38:38    22 -->                                                                                     [tcl] trigger_hier_stack_context_switch 0
16:38:38    23 -->                                                                                         [tcl] synUtils::setDVEInitPhase 1
16:38:38    24 -->                                                                                             [tcl] gui_get_env SIMSETUP::SIMVPD
16:38:38    25 --> ...  [tcl] synopsys::dump -type VPD -file /run/media/user1/c2s/S5_training_batch2/VINAYAK/04_post_synthesis_GLS/02_UDS/inter.vpd -locking
16:38:38    26 --> ...      [tcl] synopsys::dump -autoflush on -fid VPD0
16:38:38    27 --> ...          [tcl] set ::dve_fid VPD0
16:38:38    28 --> ...              [tcl] synUtils::setDVEInitPhase 0
16:38:38    29 --> ...                  [tcl] ucliCore::getToolPID
16:38:38    30 --> ...                      [tcl] synUtils::sendTool -active _icl_setToolSocket /tmp/smlnpRaPU7g
16:38:38    31 --> ...                          [tcl] synUtils::sendTool -active {_icl_start_rpc -version "T-2022.06-SP2-5_Full64" -sync_file /tmp/vcs_dve_rpc.user1.696282}
16:38:38    32 --> ...                              [tcl] synUtils::sendTool -active {_icl_createSharedMemory /tmp/vcs_dve_general.user1.696282}
16:38:38    33 --> ...                                  [tcl] dveMisc::vbusExpand fifo_tb
16:38:39    34 --> ...                                      [tcl] config endofsim noexit
16:38:39    35 --> ...                                          [tcl] config onfail enable all
16:38:39    36 --> ...                                              [tcl] config syscaddplainmembers
16:38:39    37 --> ...                                                  [tcl] config syscaddsourcenames
16:38:39    38 --> ...                                                      [tcl] config syscaddstructtypes
16:38:39    39 --> ...                                                          [tcl] synopsys::listing -disable
16:38:42    40 --> ...                                                              [tcl] synopsys::dump -add {fifo_tb} -scope "." -depth 1 -fid VPD0
16:38:42    41 --> ...                                                                  [tcl] synopsys::dump -add {fifo_tb.mem_tb } -aggregates  -fid VPD0
16:38:44    42 --> ...                                                                      [tcl] synopsys::run
16:38:44    43 --> ...                                                                          [tcl] set ucliGUI::state
16:38:44    44 --> ...                                                                              [tcl] gui_update_simulator_buttons
16:38:44    45 --> ...                                                                                  [tcl] set ucliGUI::state
16:38:44    46 --> ...                                                                                      [tcl] gui_update_simulator_buttons
16:38:47    47 --> ...                                                                                          [tcl] set synopsys::env(time) 28611002
16:38:50    48 --> ...                                                                                              [tcl] set synopsys::env(time) 56727002
16:38:53    49 --> ...                                                                                                  [tcl] ucliCore::getToolPID
16:38:53    50 --> ...  [tcl] ucliCore::stopTool -no_signal
16:38:53    51 --> ...      [tcl] set ucliGUI::state
16:38:53    52 --> ...          [tcl] set ucliGUI::state
16:38:53    53 --> ...              [tcl] catch {senv activeDomain} dveMisc::result 
16:38:53    54 --> ...                  [tcl] set dveMisc::result
16:38:53    55 --> ...                      [tcl] gui_update_simulator_buttons
16:39:18    56 --> ...                          [tcl] if [catch {gui_sim_terminate}] {gui_sim_terminate -kill}
16:39:18    57 --> ...                              [tcl] synopsys::finish
16:39:18    58 --> ...                                  [tcl] set ucliGUI::state
16:39:18    59 --> ...                                      [tcl] gui_update_simulator_buttons
16:39:18    60 --> ...                                          [tcl] set ucliGUI::state
16:39:18    61 --> ...                                              [tcl] catch {senv activeDomain} dveMisc::result 
16:39:18    62 --> ...                                                  [tcl] set dveMisc::result
16:39:18    63 --> ...                                                      [tcl] gui_update_simulator_buttons
16:39:18    64 --> ...                                                          [tcl] catch {senv activeDomain} dveMisc::result 
16:39:18    65 --> ...                                                              [tcl] set dveMisc::result
16:39:18    66 --> ...                                                                  [tcl] ucli_exit
