Chronologic VCS simulator copyright 1991-2022
Contains Synopsys proprietary information.
Compiler version T-2022.06-SP2-5_Full64; Runtime version T-2022.06-SP2-5_Full64;  Feb 25 12:38 2025
Checkout succeeded: VCS-BASE-RUNTIME/8F2871AD7ADC4E3BB208
	License file: 27020@14.139.1.126
	License Server: 27020@14.139.1.126
[SCL] 02/25/2025 12:38:47 Checking status for feature VCS-BASE-RUNTIME
[SCL] 02/25/2025 12:38:47 PID:212169 Client:c2slab.cet.ac.in Server:27020@14.139.1.126 Checkout succeeded VCS-BASE-RUNTIME 2022.06 from VCS-3-Apex-Base-Runtime-Pkg
VCD+ Writer T-2022.06-SP2-5_Full64 Copyright (c) 1991-2022 by Synopsys Inc.
The file '/run/media/user1/c2s/S5_training_batch2/Vinayak3/04_post_synthesis_GLS/02_UDS/inter.vpd' was opened successfully.

"tsl18fs120_scl.v", 11315: Timing violation in fifo_tb.fifo_inst.e.\rd_addr_bin_r_reg[4] 
    $hold( posedge CP:77002, posedge CDN:77003, limit: 280 );

"tsl18fs120_scl.v", 13394: Timing violation in fifo_tb.fifo_inst.e.empty_r_reg
    $hold( posedge CP:77002, posedge SDN:77003, limit: 210 );

"tsl18fs120_scl.v", 11858: Timing violation in fifo_tb.fifo_inst.e.\rd_addr_bin_r_reg[3] 
    $hold( posedge CP:77002, posedge CDN:77003, limit: 290 );

"tsl18fs120_scl.v", 11858: Timing violation in fifo_tb.fifo_inst.e.\rd_addr_bin_r_reg[2] 
    $hold( posedge CP:77002, posedge CDN:77003, limit: 290 );

"tsl18fs120_scl.v", 11858: Timing violation in fifo_tb.fifo_inst.e.\rd_addr_bin_r_reg[1] 
    $hold( posedge CP:77002, posedge CDN:77003, limit: 290 );

"tsl18fs120_scl.v", 11858: Timing violation in fifo_tb.fifo_inst.e.\rd_addr_bin_r_reg[0] 
    $hold( posedge CP:77002, posedge CDN:77003, limit: 290 );

"tsl18fs120_scl.v", 11858: Timing violation in fifo_tb.fifo_inst.e.\rd_addr_grey_reg[0] 
    $hold( posedge CP:77002, posedge CDN:77003, limit: 290 );

"tsl18fs120_scl.v", 11858: Timing violation in fifo_tb.fifo_inst.e.\rd_addr_grey_reg[1] 
    $hold( posedge CP:77002, posedge CDN:77003, limit: 290 );

"tsl18fs120_scl.v", 11858: Timing violation in fifo_tb.fifo_inst.e.\rd_addr_grey_reg[2] 
    $hold( posedge CP:77002, posedge CDN:77003, limit: 290 );

"tsl18fs120_scl.v", 11858: Timing violation in fifo_tb.fifo_inst.e.\rd_addr_grey_reg[3] 
    $hold( posedge CP:77002, posedge CDN:77003, limit: 290 );

"tsl18fs120_scl.v", 11858: Timing violation in fifo_tb.fifo_inst.rd_addr_sync.dff_2.\rd_data_reg[2] 
    $hold( posedge CP:77002, posedge CDN:77003, limit: 290 );

"tsl18fs120_scl.v", 11858: Timing violation in fifo_tb.fifo_inst.rd_addr_sync.dff_2.\rd_data_reg[0] 
    $hold( posedge CP:77002, posedge CDN:77003, limit: 290 );

"tsl18fs120_scl.v", 11858: Timing violation in fifo_tb.fifo_inst.rd_addr_sync.dff_2.\rd_data_reg[1] 
    $hold( posedge CP:77002, posedge CDN:77003, limit: 290 );

"tsl18fs120_scl.v", 11858: Timing violation in fifo_tb.fifo_inst.rd_addr_sync.dff_2.\rd_data_reg[3] 
    $hold( posedge CP:77002, posedge CDN:77003, limit: 290 );

"tsl18fs120_scl.v", 11858: Timing violation in fifo_tb.fifo_inst.rd_addr_sync.dff_2.\rd_data_reg[4] 
    $hold( posedge CP:77002, posedge CDN:77003, limit: 290 );

"tsl18fs120_scl.v", 11858: Timing violation in fifo_tb.fifo_inst.rd_addr_sync.dff_1.\rd_data_reg[2] 
    $hold( posedge CP:77002, posedge CDN:77003, limit: 290 );

"tsl18fs120_scl.v", 11858: Timing violation in fifo_tb.fifo_inst.rd_addr_sync.dff_1.\rd_data_reg[0] 
    $hold( posedge CP:77002, posedge CDN:77003, limit: 290 );

"tsl18fs120_scl.v", 11858: Timing violation in fifo_tb.fifo_inst.rd_addr_sync.dff_1.\rd_data_reg[1] 
    $hold( posedge CP:77002, posedge CDN:77003, limit: 290 );

"tsl18fs120_scl.v", 11858: Timing violation in fifo_tb.fifo_inst.rd_addr_sync.dff_1.\rd_data_reg[3] 
    $hold( posedge CP:77002, posedge CDN:77003, limit: 290 );

"tsl18fs120_scl.v", 11858: Timing violation in fifo_tb.fifo_inst.rd_addr_sync.dff_1.\rd_data_reg[4] 
    $hold( posedge CP:77002, posedge CDN:77003, limit: 290 );

"tsl18fs120_scl.v", 11858: Timing violation in fifo_tb.fifo_inst.f.\wr_addr_bin_r_reg[3] 
    $hold( posedge CP:77002, posedge CDN:77003, limit: 290 );

"tsl18fs120_scl.v", 11858: Timing violation in fifo_tb.fifo_inst.f.\wr_addr_bin_r_reg[4] 
    $hold( posedge CP:77002, posedge CDN:77003, limit: 290 );

"tsl18fs120_scl.v", 11858: Timing violation in fifo_tb.fifo_inst.f.\wr_addr_bin_r_reg[2] 
    $hold( posedge CP:77002, posedge CDN:77003, limit: 290 );

"tsl18fs120_scl.v", 11858: Timing violation in fifo_tb.fifo_inst.f.\wr_addr_bin_r_reg[1] 
    $hold( posedge CP:77002, posedge CDN:77003, limit: 290 );

"tsl18fs120_scl.v", 11858: Timing violation in fifo_tb.fifo_inst.f.\wr_addr_bin_r_reg[0] 
    $hold( posedge CP:77002, posedge CDN:77003, limit: 290 );

"tsl18fs120_scl.v", 11858: Timing violation in fifo_tb.fifo_inst.f.full_r_reg
    $hold( posedge CP:77002, posedge CDN:77003, limit: 290 );

"tsl18fs120_scl.v", 11858: Timing violation in fifo_tb.fifo_inst.f.\wr_addr_grey_reg[0] 
    $hold( posedge CP:77002, posedge CDN:77003, limit: 290 );

"tsl18fs120_scl.v", 11858: Timing violation in fifo_tb.fifo_inst.f.\wr_addr_grey_reg[1] 
    $hold( posedge CP:77002, posedge CDN:77003, limit: 290 );

"tsl18fs120_scl.v", 11858: Timing violation in fifo_tb.fifo_inst.f.\wr_addr_grey_reg[2] 
    $hold( posedge CP:77002, posedge CDN:77003, limit: 290 );

"tsl18fs120_scl.v", 11858: Timing violation in fifo_tb.fifo_inst.f.\wr_addr_grey_reg[3] 
    $hold( posedge CP:77002, posedge CDN:77003, limit: 290 );

"tsl18fs120_scl.v", 11858: Timing violation in fifo_tb.fifo_inst.wr_addr_sync.dff_2.\rd_data_reg[2] 
    $hold( posedge CP:77002, posedge CDN:77003, limit: 290 );

"tsl18fs120_scl.v", 11858: Timing violation in fifo_tb.fifo_inst.wr_addr_sync.dff_2.\rd_data_reg[0] 
    $hold( posedge CP:77002, posedge CDN:77003, limit: 290 );

"tsl18fs120_scl.v", 11858: Timing violation in fifo_tb.fifo_inst.wr_addr_sync.dff_2.\rd_data_reg[1] 
    $hold( posedge CP:77002, posedge CDN:77003, limit: 290 );

"tsl18fs120_scl.v", 11858: Timing violation in fifo_tb.fifo_inst.wr_addr_sync.dff_2.\rd_data_reg[3] 
    $hold( posedge CP:77002, posedge CDN:77003, limit: 290 );

"tsl18fs120_scl.v", 11858: Timing violation in fifo_tb.fifo_inst.wr_addr_sync.dff_2.\rd_data_reg[4] 
    $hold( posedge CP:77002, posedge CDN:77003, limit: 290 );

"tsl18fs120_scl.v", 11858: Timing violation in fifo_tb.fifo_inst.wr_addr_sync.dff_1.\rd_data_reg[0] 
    $hold( posedge CP:77002, posedge CDN:77003, limit: 290 );

"tsl18fs120_scl.v", 11858: Timing violation in fifo_tb.fifo_inst.wr_addr_sync.dff_1.\rd_data_reg[2] 
    $hold( posedge CP:77002, posedge CDN:77003, limit: 290 );

"tsl18fs120_scl.v", 11858: Timing violation in fifo_tb.fifo_inst.wr_addr_sync.dff_1.\rd_data_reg[1] 
    $hold( posedge CP:77002, posedge CDN:77003, limit: 290 );

"tsl18fs120_scl.v", 11858: Timing violation in fifo_tb.fifo_inst.wr_addr_sync.dff_1.\rd_data_reg[3] 
    $hold( posedge CP:77002, posedge CDN:77003, limit: 290 );

"tsl18fs120_scl.v", 11858: Timing violation in fifo_tb.fifo_inst.wr_addr_sync.dff_1.\rd_data_reg[4] 
    $hold( posedge CP:77002, posedge CDN:77003, limit: 290 );

Error: [EK-CMD-009]
value 'No message selected.' for option '-msgid' not of type 'integer'.
Error: [EK-CMD-009]
value 'No message selected.' for option '-msgid' not of type 'integer'.
Error: [EK-CMD-009]
value 'No message selected.' for option '-msgid' not of type 'integer'.
Error: [EK-CMD-009]
value 'No message selected.' for option '-msgid' not of type 'integer'.
Error: [EK-CMD-009]
value 'No message selected.' for option '-msgid' not of type 'integer'.
Error: [EK-CMD-009]
value 'No message selected.' for option '-msgid' not of type 'integer'.
Error: [EK-CMD-009]
value 'No message selected.' for option '-msgid' not of type 'integer'.
Error: [EK-CMD-009]
value 'No message selected.' for option '-msgid' not of type 'integer'.
Error: [EK-CMD-009]
value 'No message selected.' for option '-msgid' not of type 'integer'.
Error: [EK-CMD-009]
value 'No message selected.' for option '-msgid' not of type 'integer'.
Error: [EK-CMD-009]
value 'No message selected.' for option '-msgid' not of type 'integer'.
Error: [EK-CMD-009]
value 'No message selected.' for option '-msgid' not of type 'integer'.
Chronologic VCS simulator copyright 1991-2022
Contains Synopsys proprietary information.
Compiler version T-2022.06-SP2-5_Full64; Runtime version T-2022.06-SP2-5_Full64;  Feb 25 12:43 2025
Checkout succeeded: VCS-BASE-RUNTIME/8F2871AD7ADC4E3BB208
	License file: 27020@14.139.1.126
	License Server: 27020@14.139.1.126
[SCL] 02/25/2025 12:43:24 Checking status for feature VCS-BASE-RUNTIME
[SCL] 02/25/2025 12:43:24 PID:216456 Client:c2slab.cet.ac.in Server:27020@14.139.1.126 Checkout succeeded VCS-BASE-RUNTIME 2022.06 from VCS-3-Apex-Base-Runtime-Pkg
VCD+ Writer T-2022.06-SP2-5_Full64 Copyright (c) 1991-2022 by Synopsys Inc.
The file '/run/media/user1/c2s/S5_training_batch2/Vinayak3/04_post_synthesis_GLS/02_UDS/inter.vpd' was opened successfully.

"tsl18fs120_scl.v", 11315: Timing violation in fifo_tb.fifo_inst.e.\rd_addr_bin_r_reg[4] 
    $hold( posedge CP:77002, posedge CDN:77003, limit: 280 );

"tsl18fs120_scl.v", 13394: Timing violation in fifo_tb.fifo_inst.e.empty_r_reg
    $hold( posedge CP:77002, posedge SDN:77003, limit: 210 );

"tsl18fs120_scl.v", 11858: Timing violation in fifo_tb.fifo_inst.e.\rd_addr_bin_r_reg[3] 
    $hold( posedge CP:77002, posedge CDN:77003, limit: 290 );

"tsl18fs120_scl.v", 11858: Timing violation in fifo_tb.fifo_inst.e.\rd_addr_bin_r_reg[2] 
    $hold( posedge CP:77002, posedge CDN:77003, limit: 290 );

"tsl18fs120_scl.v", 11858: Timing violation in fifo_tb.fifo_inst.e.\rd_addr_bin_r_reg[1] 
    $hold( posedge CP:77002, posedge CDN:77003, limit: 290 );

"tsl18fs120_scl.v", 11858: Timing violation in fifo_tb.fifo_inst.e.\rd_addr_bin_r_reg[0] 
    $hold( posedge CP:77002, posedge CDN:77003, limit: 290 );

"tsl18fs120_scl.v", 11858: Timing violation in fifo_tb.fifo_inst.e.\rd_addr_grey_reg[0] 
    $hold( posedge CP:77002, posedge CDN:77003, limit: 290 );

"tsl18fs120_scl.v", 11858: Timing violation in fifo_tb.fifo_inst.e.\rd_addr_grey_reg[1] 
    $hold( posedge CP:77002, posedge CDN:77003, limit: 290 );

"tsl18fs120_scl.v", 11858: Timing violation in fifo_tb.fifo_inst.e.\rd_addr_grey_reg[2] 
    $hold( posedge CP:77002, posedge CDN:77003, limit: 290 );

"tsl18fs120_scl.v", 11858: Timing violation in fifo_tb.fifo_inst.e.\rd_addr_grey_reg[3] 
    $hold( posedge CP:77002, posedge CDN:77003, limit: 290 );

"tsl18fs120_scl.v", 11858: Timing violation in fifo_tb.fifo_inst.rd_addr_sync.dff_2.\rd_data_reg[2] 
    $hold( posedge CP:77002, posedge CDN:77003, limit: 290 );

"tsl18fs120_scl.v", 11858: Timing violation in fifo_tb.fifo_inst.rd_addr_sync.dff_2.\rd_data_reg[0] 
    $hold( posedge CP:77002, posedge CDN:77003, limit: 290 );

"tsl18fs120_scl.v", 11858: Timing violation in fifo_tb.fifo_inst.rd_addr_sync.dff_2.\rd_data_reg[1] 
    $hold( posedge CP:77002, posedge CDN:77003, limit: 290 );

"tsl18fs120_scl.v", 11858: Timing violation in fifo_tb.fifo_inst.rd_addr_sync.dff_2.\rd_data_reg[3] 
    $hold( posedge CP:77002, posedge CDN:77003, limit: 290 );

"tsl18fs120_scl.v", 11858: Timing violation in fifo_tb.fifo_inst.rd_addr_sync.dff_2.\rd_data_reg[4] 
    $hold( posedge CP:77002, posedge CDN:77003, limit: 290 );

"tsl18fs120_scl.v", 11858: Timing violation in fifo_tb.fifo_inst.rd_addr_sync.dff_1.\rd_data_reg[2] 
    $hold( posedge CP:77002, posedge CDN:77003, limit: 290 );

"tsl18fs120_scl.v", 11858: Timing violation in fifo_tb.fifo_inst.rd_addr_sync.dff_1.\rd_data_reg[0] 
    $hold( posedge CP:77002, posedge CDN:77003, limit: 290 );

"tsl18fs120_scl.v", 11858: Timing violation in fifo_tb.fifo_inst.rd_addr_sync.dff_1.\rd_data_reg[1] 
    $hold( posedge CP:77002, posedge CDN:77003, limit: 290 );

"tsl18fs120_scl.v", 11858: Timing violation in fifo_tb.fifo_inst.rd_addr_sync.dff_1.\rd_data_reg[3] 
    $hold( posedge CP:77002, posedge CDN:77003, limit: 290 );

"tsl18fs120_scl.v", 11858: Timing violation in fifo_tb.fifo_inst.rd_addr_sync.dff_1.\rd_data_reg[4] 
    $hold( posedge CP:77002, posedge CDN:77003, limit: 290 );

"tsl18fs120_scl.v", 11858: Timing violation in fifo_tb.fifo_inst.f.\wr_addr_bin_r_reg[3] 
    $hold( posedge CP:77002, posedge CDN:77003, limit: 290 );

"tsl18fs120_scl.v", 11858: Timing violation in fifo_tb.fifo_inst.f.\wr_addr_bin_r_reg[4] 
    $hold( posedge CP:77002, posedge CDN:77003, limit: 290 );

"tsl18fs120_scl.v", 11858: Timing violation in fifo_tb.fifo_inst.f.\wr_addr_bin_r_reg[2] 
    $hold( posedge CP:77002, posedge CDN:77003, limit: 290 );

"tsl18fs120_scl.v", 11858: Timing violation in fifo_tb.fifo_inst.f.\wr_addr_bin_r_reg[1] 
    $hold( posedge CP:77002, posedge CDN:77003, limit: 290 );

"tsl18fs120_scl.v", 11858: Timing violation in fifo_tb.fifo_inst.f.\wr_addr_bin_r_reg[0] 
    $hold( posedge CP:77002, posedge CDN:77003, limit: 290 );

"tsl18fs120_scl.v", 11858: Timing violation in fifo_tb.fifo_inst.f.full_r_reg
    $hold( posedge CP:77002, posedge CDN:77003, limit: 290 );

"tsl18fs120_scl.v", 11858: Timing violation in fifo_tb.fifo_inst.f.\wr_addr_grey_reg[0] 
    $hold( posedge CP:77002, posedge CDN:77003, limit: 290 );

"tsl18fs120_scl.v", 11858: Timing violation in fifo_tb.fifo_inst.f.\wr_addr_grey_reg[1] 
    $hold( posedge CP:77002, posedge CDN:77003, limit: 290 );

"tsl18fs120_scl.v", 11858: Timing violation in fifo_tb.fifo_inst.f.\wr_addr_grey_reg[2] 
    $hold( posedge CP:77002, posedge CDN:77003, limit: 290 );

"tsl18fs120_scl.v", 11858: Timing violation in fifo_tb.fifo_inst.f.\wr_addr_grey_reg[3] 
    $hold( posedge CP:77002, posedge CDN:77003, limit: 290 );

"tsl18fs120_scl.v", 11858: Timing violation in fifo_tb.fifo_inst.wr_addr_sync.dff_2.\rd_data_reg[2] 
    $hold( posedge CP:77002, posedge CDN:77003, limit: 290 );

"tsl18fs120_scl.v", 11858: Timing violation in fifo_tb.fifo_inst.wr_addr_sync.dff_2.\rd_data_reg[0] 
    $hold( posedge CP:77002, posedge CDN:77003, limit: 290 );

"tsl18fs120_scl.v", 11858: Timing violation in fifo_tb.fifo_inst.wr_addr_sync.dff_2.\rd_data_reg[1] 
    $hold( posedge CP:77002, posedge CDN:77003, limit: 290 );

"tsl18fs120_scl.v", 11858: Timing violation in fifo_tb.fifo_inst.wr_addr_sync.dff_2.\rd_data_reg[3] 
    $hold( posedge CP:77002, posedge CDN:77003, limit: 290 );

"tsl18fs120_scl.v", 11858: Timing violation in fifo_tb.fifo_inst.wr_addr_sync.dff_2.\rd_data_reg[4] 
    $hold( posedge CP:77002, posedge CDN:77003, limit: 290 );

"tsl18fs120_scl.v", 11858: Timing violation in fifo_tb.fifo_inst.wr_addr_sync.dff_1.\rd_data_reg[0] 
    $hold( posedge CP:77002, posedge CDN:77003, limit: 290 );

"tsl18fs120_scl.v", 11858: Timing violation in fifo_tb.fifo_inst.wr_addr_sync.dff_1.\rd_data_reg[2] 
    $hold( posedge CP:77002, posedge CDN:77003, limit: 290 );

"tsl18fs120_scl.v", 11858: Timing violation in fifo_tb.fifo_inst.wr_addr_sync.dff_1.\rd_data_reg[1] 
    $hold( posedge CP:77002, posedge CDN:77003, limit: 290 );

"tsl18fs120_scl.v", 11858: Timing violation in fifo_tb.fifo_inst.wr_addr_sync.dff_1.\rd_data_reg[3] 
    $hold( posedge CP:77002, posedge CDN:77003, limit: 290 );

"tsl18fs120_scl.v", 11858: Timing violation in fifo_tb.fifo_inst.wr_addr_sync.dff_1.\rd_data_reg[4] 
    $hold( posedge CP:77002, posedge CDN:77003, limit: 290 );

           V C S   S i m u l a t i o n   R e p o r t 
Time: 12682098001 ps
CPU Time:      2.190 seconds;       Data structure size:   0.4Mb
Tue Feb 25 12:44:46 2025
[SCL] 02/25/2025 12:44:46 PID:216456 Client:c2slab.cet.ac.in checkin (null) 
