============================================================
  Generated by:           Genus(TM) Synthesis Solution 21.18-s082_1
  Generated on:           Mar 04 2025  04:10:17 pm
  Module:                 fifo_top
  Technology libraries:   tsl18fs120_scl_ss 1
                          tsl18cio150_min 1.0
                          tsl18fs120_scl_ss 1
                          tsl18cio150_min 1.0
  Operating conditions:   tsl18cio150_min (best_case_tree)
  Wireload mode:          enclosed
  Area mode:              timing library
============================================================

Timing
--------

    Clock     Period 
---------------------
rd_vir_clk_i 30000.0 
read_clk     30000.0 
wr_vir_clk_i 15000.0 
write_clk    15000.0 


    Cost       Critical         Violating 
    Group     Path Slack  TNS     Paths   
------------------------------------------
default         No paths   0.0            
I2O             No paths   0.0            
I2R               5147.3   0.0          0 
R2O              19292.8   0.0          0 
R2R               9794.7   0.0          0 
rd_vir_clk_i    No paths   0.0            
read_clk        No paths   0.0            
wr_vir_clk_i    No paths   0.0            
write_clk       No paths   0.0            
------------------------------------------
Total                      0.0          0 

Instance Count
--------------
Leaf Instance Count             375 
Physical Instance count           0 
Sequential Instance Count       168 
Combinational Instance Count    207 
Hierarchical Instance Count       9 

Area
----
Cell Area                          50860.901
Physical Cell Area                 0.000
Total Cell Area (Cell+Physical)    50860.901
Net Area                           203.977
Total Area (Cell+Physical+Net)     51064.878

Runtime                            0.0 seconds
Elapsed Runtime                    57 seconds
Genus peak memory usage            1694.85 
Innovus peak memory usage          no_value 
Hostname                           c2slab.cet.ac.in
