============================================================
  Generated by:           Genus(TM) Synthesis Solution 21.18-s082_1
  Generated on:           Feb 20 2025  10:59:06 am
  Module:                 fifo_top
  Operating conditions:   tsl18cio150_min (best_case_tree)
  Wireload mode:          enclosed
  Area mode:              timing library
============================================================


Path 1: MET (5147 ps) Setup Check with Pin m/mem_reg[15][7]/CP->D
          Group: I2R
     Startpoint: (F) wr_data_pad[7]
          Clock: (R) wr_vir_clk_i
       Endpoint: (F) m/mem_reg[15][7]/D
          Clock: (R) write_clk

                     Capture       Launch     
        Clock Edge:+   15000            0     
        Drv Adjust:+       0            0     
       Src Latency:+    1000            0     
       Net Latency:+       0 (I)        0 (I) 
           Arrival:=   16000            0     
                                              
             Setup:-     259                  
       Uncertainty:-     375                  
       Path Adjust:+   -1500                  
     Required Time:=   13866                  
      Launch Clock:-       0                  
       Input Delay:-    7750                  
         Data Path:-     969                  
             Slack:=    5147                  

Exceptions/Constraints:
  path_adjust            -1500            PA_I2C                        
  input_delay             7750            fifo_constraints.sdc_line_108 

#------------------------------------------------------------------------------------------------
#   Timing Point     Flags     Arc    Edge   Cell     Fanout  Load  Trans Delay Arrival Instance 
#                                                             (fF)   (ps)  (ps)   (ps)  Location 
#------------------------------------------------------------------------------------------------
  wr_data_pad[7]     -       -        F     (arrival)      1 2828.0  2500     0    7750    (-,-) 
  pc3d01_7/CIN       -       PAD->CIN F     pc3d01        16  172.1   352   969    8719    (-,-) 
  m/mem_reg[15][7]/D -       -        F     decrq1        16      -     -     0    8719    (-,-) 
#------------------------------------------------------------------------------------------------



Path 2: MET (5147 ps) Setup Check with Pin m/mem_reg[15][6]/CP->D
          Group: I2R
     Startpoint: (F) wr_data_pad[6]
          Clock: (R) wr_vir_clk_i
       Endpoint: (F) m/mem_reg[15][6]/D
          Clock: (R) write_clk

                     Capture       Launch     
        Clock Edge:+   15000            0     
        Drv Adjust:+       0            0     
       Src Latency:+    1000            0     
       Net Latency:+       0 (I)        0 (I) 
           Arrival:=   16000            0     
                                              
             Setup:-     259                  
       Uncertainty:-     375                  
       Path Adjust:+   -1500                  
     Required Time:=   13866                  
      Launch Clock:-       0                  
       Input Delay:-    7750                  
         Data Path:-     969                  
             Slack:=    5147                  

Exceptions/Constraints:
  path_adjust            -1500            PA_I2C                        
  input_delay             7750            fifo_constraints.sdc_line_109 

#------------------------------------------------------------------------------------------------
#   Timing Point     Flags     Arc    Edge   Cell     Fanout  Load  Trans Delay Arrival Instance 
#                                                             (fF)   (ps)  (ps)   (ps)  Location 
#------------------------------------------------------------------------------------------------
  wr_data_pad[6]     -       -        F     (arrival)      1 2828.0  2500     0    7750    (-,-) 
  pc3d01_8/CIN       -       PAD->CIN F     pc3d01        16  172.1   352   969    8719    (-,-) 
  m/mem_reg[15][6]/D -       -        F     decrq1        16      -     -     0    8719    (-,-) 
#------------------------------------------------------------------------------------------------



Path 3: MET (5147 ps) Setup Check with Pin m/mem_reg[15][5]/CP->D
          Group: I2R
     Startpoint: (F) wr_data_pad[5]
          Clock: (R) wr_vir_clk_i
       Endpoint: (F) m/mem_reg[15][5]/D
          Clock: (R) write_clk

                     Capture       Launch     
        Clock Edge:+   15000            0     
        Drv Adjust:+       0            0     
       Src Latency:+    1000            0     
       Net Latency:+       0 (I)        0 (I) 
           Arrival:=   16000            0     
                                              
             Setup:-     259                  
       Uncertainty:-     375                  
       Path Adjust:+   -1500                  
     Required Time:=   13866                  
      Launch Clock:-       0                  
       Input Delay:-    7750                  
         Data Path:-     969                  
             Slack:=    5147                  

Exceptions/Constraints:
  path_adjust            -1500            PA_I2C                        
  input_delay             7750            fifo_constraints.sdc_line_110 

#------------------------------------------------------------------------------------------------
#   Timing Point     Flags     Arc    Edge   Cell     Fanout  Load  Trans Delay Arrival Instance 
#                                                             (fF)   (ps)  (ps)   (ps)  Location 
#------------------------------------------------------------------------------------------------
  wr_data_pad[5]     -       -        F     (arrival)      1 2828.0  2500     0    7750    (-,-) 
  pc3d01_9/CIN       -       PAD->CIN F     pc3d01        16  172.1   352   969    8719    (-,-) 
  m/mem_reg[15][5]/D -       -        F     decrq1        16      -     -     0    8719    (-,-) 
#------------------------------------------------------------------------------------------------



Path 4: MET (5147 ps) Setup Check with Pin m/mem_reg[15][4]/CP->D
          Group: I2R
     Startpoint: (F) wr_data_pad[4]
          Clock: (R) wr_vir_clk_i
       Endpoint: (F) m/mem_reg[15][4]/D
          Clock: (R) write_clk

                     Capture       Launch     
        Clock Edge:+   15000            0     
        Drv Adjust:+       0            0     
       Src Latency:+    1000            0     
       Net Latency:+       0 (I)        0 (I) 
           Arrival:=   16000            0     
                                              
             Setup:-     259                  
       Uncertainty:-     375                  
       Path Adjust:+   -1500                  
     Required Time:=   13866                  
      Launch Clock:-       0                  
       Input Delay:-    7750                  
         Data Path:-     969                  
             Slack:=    5147                  

Exceptions/Constraints:
  path_adjust            -1500            PA_I2C                        
  input_delay             7750            fifo_constraints.sdc_line_111 

#------------------------------------------------------------------------------------------------
#   Timing Point     Flags     Arc    Edge   Cell     Fanout  Load  Trans Delay Arrival Instance 
#                                                             (fF)   (ps)  (ps)   (ps)  Location 
#------------------------------------------------------------------------------------------------
  wr_data_pad[4]     -       -        F     (arrival)      1 2828.0  2500     0    7750    (-,-) 
  pc3d01_10/CIN      -       PAD->CIN F     pc3d01        16  172.1   352   969    8719    (-,-) 
  m/mem_reg[15][4]/D -       -        F     decrq1        16      -     -     0    8719    (-,-) 
#------------------------------------------------------------------------------------------------



Path 5: MET (5147 ps) Setup Check with Pin m/mem_reg[15][3]/CP->D
          Group: I2R
     Startpoint: (F) wr_data_pad[3]
          Clock: (R) wr_vir_clk_i
       Endpoint: (F) m/mem_reg[15][3]/D
          Clock: (R) write_clk

                     Capture       Launch     
        Clock Edge:+   15000            0     
        Drv Adjust:+       0            0     
       Src Latency:+    1000            0     
       Net Latency:+       0 (I)        0 (I) 
           Arrival:=   16000            0     
                                              
             Setup:-     259                  
       Uncertainty:-     375                  
       Path Adjust:+   -1500                  
     Required Time:=   13866                  
      Launch Clock:-       0                  
       Input Delay:-    7750                  
         Data Path:-     969                  
             Slack:=    5147                  

Exceptions/Constraints:
  path_adjust            -1500            PA_I2C                        
  input_delay             7750            fifo_constraints.sdc_line_112 

#------------------------------------------------------------------------------------------------
#   Timing Point     Flags     Arc    Edge   Cell     Fanout  Load  Trans Delay Arrival Instance 
#                                                             (fF)   (ps)  (ps)   (ps)  Location 
#------------------------------------------------------------------------------------------------
  wr_data_pad[3]     -       -        F     (arrival)      1 2828.0  2500     0    7750    (-,-) 
  pc3d01_11/CIN      -       PAD->CIN F     pc3d01        16  172.1   352   969    8719    (-,-) 
  m/mem_reg[15][3]/D -       -        F     decrq1        16      -     -     0    8719    (-,-) 
#------------------------------------------------------------------------------------------------



Path 6: MET (5147 ps) Setup Check with Pin m/mem_reg[15][2]/CP->D
          Group: I2R
     Startpoint: (F) wr_data_pad[2]
          Clock: (R) wr_vir_clk_i
       Endpoint: (F) m/mem_reg[15][2]/D
          Clock: (R) write_clk

                     Capture       Launch     
        Clock Edge:+   15000            0     
        Drv Adjust:+       0            0     
       Src Latency:+    1000            0     
       Net Latency:+       0 (I)        0 (I) 
           Arrival:=   16000            0     
                                              
             Setup:-     259                  
       Uncertainty:-     375                  
       Path Adjust:+   -1500                  
     Required Time:=   13866                  
      Launch Clock:-       0                  
       Input Delay:-    7750                  
         Data Path:-     969                  
             Slack:=    5147                  

Exceptions/Constraints:
  path_adjust            -1500            PA_I2C                        
  input_delay             7750            fifo_constraints.sdc_line_113 

#------------------------------------------------------------------------------------------------
#   Timing Point     Flags     Arc    Edge   Cell     Fanout  Load  Trans Delay Arrival Instance 
#                                                             (fF)   (ps)  (ps)   (ps)  Location 
#------------------------------------------------------------------------------------------------
  wr_data_pad[2]     -       -        F     (arrival)      1 2828.0  2500     0    7750    (-,-) 
  pc3d01_12/CIN      -       PAD->CIN F     pc3d01        16  172.1   352   969    8719    (-,-) 
  m/mem_reg[15][2]/D -       -        F     decrq1        16      -     -     0    8719    (-,-) 
#------------------------------------------------------------------------------------------------



Path 7: MET (5147 ps) Setup Check with Pin m/mem_reg[15][1]/CP->D
          Group: I2R
     Startpoint: (F) wr_data_pad[1]
          Clock: (R) wr_vir_clk_i
       Endpoint: (F) m/mem_reg[15][1]/D
          Clock: (R) write_clk

                     Capture       Launch     
        Clock Edge:+   15000            0     
        Drv Adjust:+       0            0     
       Src Latency:+    1000            0     
       Net Latency:+       0 (I)        0 (I) 
           Arrival:=   16000            0     
                                              
             Setup:-     259                  
       Uncertainty:-     375                  
       Path Adjust:+   -1500                  
     Required Time:=   13866                  
      Launch Clock:-       0                  
       Input Delay:-    7750                  
         Data Path:-     969                  
             Slack:=    5147                  

Exceptions/Constraints:
  path_adjust            -1500            PA_I2C                        
  input_delay             7750            fifo_constraints.sdc_line_114 

#------------------------------------------------------------------------------------------------
#   Timing Point     Flags     Arc    Edge   Cell     Fanout  Load  Trans Delay Arrival Instance 
#                                                             (fF)   (ps)  (ps)   (ps)  Location 
#------------------------------------------------------------------------------------------------
  wr_data_pad[1]     -       -        F     (arrival)      1 2828.0  2500     0    7750    (-,-) 
  pc3d01_13/CIN      -       PAD->CIN F     pc3d01        16  172.1   352   969    8719    (-,-) 
  m/mem_reg[15][1]/D -       -        F     decrq1        16      -     -     0    8719    (-,-) 
#------------------------------------------------------------------------------------------------



Path 8: MET (5147 ps) Setup Check with Pin m/mem_reg[15][0]/CP->D
          Group: I2R
     Startpoint: (F) wr_data_pad[0]
          Clock: (R) wr_vir_clk_i
       Endpoint: (F) m/mem_reg[15][0]/D
          Clock: (R) write_clk

                     Capture       Launch     
        Clock Edge:+   15000            0     
        Drv Adjust:+       0            0     
       Src Latency:+    1000            0     
       Net Latency:+       0 (I)        0 (I) 
           Arrival:=   16000            0     
                                              
             Setup:-     259                  
       Uncertainty:-     375                  
       Path Adjust:+   -1500                  
     Required Time:=   13866                  
      Launch Clock:-       0                  
       Input Delay:-    7750                  
         Data Path:-     969                  
             Slack:=    5147                  

Exceptions/Constraints:
  path_adjust            -1500            PA_I2C                        
  input_delay             7750            fifo_constraints.sdc_line_115 

#------------------------------------------------------------------------------------------------
#   Timing Point     Flags     Arc    Edge   Cell     Fanout  Load  Trans Delay Arrival Instance 
#                                                             (fF)   (ps)  (ps)   (ps)  Location 
#------------------------------------------------------------------------------------------------
  wr_data_pad[0]     -       -        F     (arrival)      1 2828.0  2500     0    7750    (-,-) 
  pc3d01_14/CIN      -       PAD->CIN F     pc3d01        16  172.1   352   969    8719    (-,-) 
  m/mem_reg[15][0]/D -       -        F     decrq1        16      -     -     0    8719    (-,-) 
#------------------------------------------------------------------------------------------------



Path 9: MET (5147 ps) Setup Check with Pin m/mem_reg[14][7]/CP->D
          Group: I2R
     Startpoint: (F) wr_data_pad[7]
          Clock: (R) wr_vir_clk_i
       Endpoint: (F) m/mem_reg[14][7]/D
          Clock: (R) write_clk

                     Capture       Launch     
        Clock Edge:+   15000            0     
        Drv Adjust:+       0            0     
       Src Latency:+    1000            0     
       Net Latency:+       0 (I)        0 (I) 
           Arrival:=   16000            0     
                                              
             Setup:-     259                  
       Uncertainty:-     375                  
       Path Adjust:+   -1500                  
     Required Time:=   13866                  
      Launch Clock:-       0                  
       Input Delay:-    7750                  
         Data Path:-     969                  
             Slack:=    5147                  

Exceptions/Constraints:
  path_adjust            -1500            PA_I2C                        
  input_delay             7750            fifo_constraints.sdc_line_108 

#------------------------------------------------------------------------------------------------
#   Timing Point     Flags     Arc    Edge   Cell     Fanout  Load  Trans Delay Arrival Instance 
#                                                             (fF)   (ps)  (ps)   (ps)  Location 
#------------------------------------------------------------------------------------------------
  wr_data_pad[7]     -       -        F     (arrival)      1 2828.0  2500     0    7750    (-,-) 
  pc3d01_7/CIN       -       PAD->CIN F     pc3d01        16  172.1   352   969    8719    (-,-) 
  m/mem_reg[14][7]/D -       -        F     decrq1        16      -     -     0    8719    (-,-) 
#------------------------------------------------------------------------------------------------



Path 10: MET (5147 ps) Setup Check with Pin m/mem_reg[14][6]/CP->D
          Group: I2R
     Startpoint: (F) wr_data_pad[6]
          Clock: (R) wr_vir_clk_i
       Endpoint: (F) m/mem_reg[14][6]/D
          Clock: (R) write_clk

                     Capture       Launch     
        Clock Edge:+   15000            0     
        Drv Adjust:+       0            0     
       Src Latency:+    1000            0     
       Net Latency:+       0 (I)        0 (I) 
           Arrival:=   16000            0     
                                              
             Setup:-     259                  
       Uncertainty:-     375                  
       Path Adjust:+   -1500                  
     Required Time:=   13866                  
      Launch Clock:-       0                  
       Input Delay:-    7750                  
         Data Path:-     969                  
             Slack:=    5147                  

Exceptions/Constraints:
  path_adjust            -1500            PA_I2C                        
  input_delay             7750            fifo_constraints.sdc_line_109 

#------------------------------------------------------------------------------------------------
#   Timing Point     Flags     Arc    Edge   Cell     Fanout  Load  Trans Delay Arrival Instance 
#                                                             (fF)   (ps)  (ps)   (ps)  Location 
#------------------------------------------------------------------------------------------------
  wr_data_pad[6]     -       -        F     (arrival)      1 2828.0  2500     0    7750    (-,-) 
  pc3d01_8/CIN       -       PAD->CIN F     pc3d01        16  172.1   352   969    8719    (-,-) 
  m/mem_reg[14][6]/D -       -        F     decrq1        16      -     -     0    8719    (-,-) 
#------------------------------------------------------------------------------------------------



Path 11: MET (5147 ps) Setup Check with Pin m/mem_reg[14][5]/CP->D
          Group: I2R
     Startpoint: (F) wr_data_pad[5]
          Clock: (R) wr_vir_clk_i
       Endpoint: (F) m/mem_reg[14][5]/D
          Clock: (R) write_clk

                     Capture       Launch     
        Clock Edge:+   15000            0     
        Drv Adjust:+       0            0     
       Src Latency:+    1000            0     
       Net Latency:+       0 (I)        0 (I) 
           Arrival:=   16000            0     
                                              
             Setup:-     259                  
       Uncertainty:-     375                  
       Path Adjust:+   -1500                  
     Required Time:=   13866                  
      Launch Clock:-       0                  
       Input Delay:-    7750                  
         Data Path:-     969                  
             Slack:=    5147                  

Exceptions/Constraints:
  path_adjust            -1500            PA_I2C                        
  input_delay             7750            fifo_constraints.sdc_line_110 

#------------------------------------------------------------------------------------------------
#   Timing Point     Flags     Arc    Edge   Cell     Fanout  Load  Trans Delay Arrival Instance 
#                                                             (fF)   (ps)  (ps)   (ps)  Location 
#------------------------------------------------------------------------------------------------
  wr_data_pad[5]     -       -        F     (arrival)      1 2828.0  2500     0    7750    (-,-) 
  pc3d01_9/CIN       -       PAD->CIN F     pc3d01        16  172.1   352   969    8719    (-,-) 
  m/mem_reg[14][5]/D -       -        F     decrq1        16      -     -     0    8719    (-,-) 
#------------------------------------------------------------------------------------------------



Path 12: MET (5147 ps) Setup Check with Pin m/mem_reg[14][4]/CP->D
          Group: I2R
     Startpoint: (F) wr_data_pad[4]
          Clock: (R) wr_vir_clk_i
       Endpoint: (F) m/mem_reg[14][4]/D
          Clock: (R) write_clk

                     Capture       Launch     
        Clock Edge:+   15000            0     
        Drv Adjust:+       0            0     
       Src Latency:+    1000            0     
       Net Latency:+       0 (I)        0 (I) 
           Arrival:=   16000            0     
                                              
             Setup:-     259                  
       Uncertainty:-     375                  
       Path Adjust:+   -1500                  
     Required Time:=   13866                  
      Launch Clock:-       0                  
       Input Delay:-    7750                  
         Data Path:-     969                  
             Slack:=    5147                  

Exceptions/Constraints:
  path_adjust            -1500            PA_I2C                        
  input_delay             7750            fifo_constraints.sdc_line_111 

#------------------------------------------------------------------------------------------------
#   Timing Point     Flags     Arc    Edge   Cell     Fanout  Load  Trans Delay Arrival Instance 
#                                                             (fF)   (ps)  (ps)   (ps)  Location 
#------------------------------------------------------------------------------------------------
  wr_data_pad[4]     -       -        F     (arrival)      1 2828.0  2500     0    7750    (-,-) 
  pc3d01_10/CIN      -       PAD->CIN F     pc3d01        16  172.1   352   969    8719    (-,-) 
  m/mem_reg[14][4]/D -       -        F     decrq1        16      -     -     0    8719    (-,-) 
#------------------------------------------------------------------------------------------------



Path 13: MET (5147 ps) Setup Check with Pin m/mem_reg[14][3]/CP->D
          Group: I2R
     Startpoint: (F) wr_data_pad[3]
          Clock: (R) wr_vir_clk_i
       Endpoint: (F) m/mem_reg[14][3]/D
          Clock: (R) write_clk

                     Capture       Launch     
        Clock Edge:+   15000            0     
        Drv Adjust:+       0            0     
       Src Latency:+    1000            0     
       Net Latency:+       0 (I)        0 (I) 
           Arrival:=   16000            0     
                                              
             Setup:-     259                  
       Uncertainty:-     375                  
       Path Adjust:+   -1500                  
     Required Time:=   13866                  
      Launch Clock:-       0                  
       Input Delay:-    7750                  
         Data Path:-     969                  
             Slack:=    5147                  

Exceptions/Constraints:
  path_adjust            -1500            PA_I2C                        
  input_delay             7750            fifo_constraints.sdc_line_112 

#------------------------------------------------------------------------------------------------
#   Timing Point     Flags     Arc    Edge   Cell     Fanout  Load  Trans Delay Arrival Instance 
#                                                             (fF)   (ps)  (ps)   (ps)  Location 
#------------------------------------------------------------------------------------------------
  wr_data_pad[3]     -       -        F     (arrival)      1 2828.0  2500     0    7750    (-,-) 
  pc3d01_11/CIN      -       PAD->CIN F     pc3d01        16  172.1   352   969    8719    (-,-) 
  m/mem_reg[14][3]/D -       -        F     decrq1        16      -     -     0    8719    (-,-) 
#------------------------------------------------------------------------------------------------



Path 14: MET (5147 ps) Setup Check with Pin m/mem_reg[14][2]/CP->D
          Group: I2R
     Startpoint: (F) wr_data_pad[2]
          Clock: (R) wr_vir_clk_i
       Endpoint: (F) m/mem_reg[14][2]/D
          Clock: (R) write_clk

                     Capture       Launch     
        Clock Edge:+   15000            0     
        Drv Adjust:+       0            0     
       Src Latency:+    1000            0     
       Net Latency:+       0 (I)        0 (I) 
           Arrival:=   16000            0     
                                              
             Setup:-     259                  
       Uncertainty:-     375                  
       Path Adjust:+   -1500                  
     Required Time:=   13866                  
      Launch Clock:-       0                  
       Input Delay:-    7750                  
         Data Path:-     969                  
             Slack:=    5147                  

Exceptions/Constraints:
  path_adjust            -1500            PA_I2C                        
  input_delay             7750            fifo_constraints.sdc_line_113 

#------------------------------------------------------------------------------------------------
#   Timing Point     Flags     Arc    Edge   Cell     Fanout  Load  Trans Delay Arrival Instance 
#                                                             (fF)   (ps)  (ps)   (ps)  Location 
#------------------------------------------------------------------------------------------------
  wr_data_pad[2]     -       -        F     (arrival)      1 2828.0  2500     0    7750    (-,-) 
  pc3d01_12/CIN      -       PAD->CIN F     pc3d01        16  172.1   352   969    8719    (-,-) 
  m/mem_reg[14][2]/D -       -        F     decrq1        16      -     -     0    8719    (-,-) 
#------------------------------------------------------------------------------------------------



Path 15: MET (5147 ps) Setup Check with Pin m/mem_reg[14][1]/CP->D
          Group: I2R
     Startpoint: (F) wr_data_pad[1]
          Clock: (R) wr_vir_clk_i
       Endpoint: (F) m/mem_reg[14][1]/D
          Clock: (R) write_clk

                     Capture       Launch     
        Clock Edge:+   15000            0     
        Drv Adjust:+       0            0     
       Src Latency:+    1000            0     
       Net Latency:+       0 (I)        0 (I) 
           Arrival:=   16000            0     
                                              
             Setup:-     259                  
       Uncertainty:-     375                  
       Path Adjust:+   -1500                  
     Required Time:=   13866                  
      Launch Clock:-       0                  
       Input Delay:-    7750                  
         Data Path:-     969                  
             Slack:=    5147                  

Exceptions/Constraints:
  path_adjust            -1500            PA_I2C                        
  input_delay             7750            fifo_constraints.sdc_line_114 

#------------------------------------------------------------------------------------------------
#   Timing Point     Flags     Arc    Edge   Cell     Fanout  Load  Trans Delay Arrival Instance 
#                                                             (fF)   (ps)  (ps)   (ps)  Location 
#------------------------------------------------------------------------------------------------
  wr_data_pad[1]     -       -        F     (arrival)      1 2828.0  2500     0    7750    (-,-) 
  pc3d01_13/CIN      -       PAD->CIN F     pc3d01        16  172.1   352   969    8719    (-,-) 
  m/mem_reg[14][1]/D -       -        F     decrq1        16      -     -     0    8719    (-,-) 
#------------------------------------------------------------------------------------------------



Path 16: MET (5147 ps) Setup Check with Pin m/mem_reg[14][0]/CP->D
          Group: I2R
     Startpoint: (F) wr_data_pad[0]
          Clock: (R) wr_vir_clk_i
       Endpoint: (F) m/mem_reg[14][0]/D
          Clock: (R) write_clk

                     Capture       Launch     
        Clock Edge:+   15000            0     
        Drv Adjust:+       0            0     
       Src Latency:+    1000            0     
       Net Latency:+       0 (I)        0 (I) 
           Arrival:=   16000            0     
                                              
             Setup:-     259                  
       Uncertainty:-     375                  
       Path Adjust:+   -1500                  
     Required Time:=   13866                  
      Launch Clock:-       0                  
       Input Delay:-    7750                  
         Data Path:-     969                  
             Slack:=    5147                  

Exceptions/Constraints:
  path_adjust            -1500            PA_I2C                        
  input_delay             7750            fifo_constraints.sdc_line_115 

#------------------------------------------------------------------------------------------------
#   Timing Point     Flags     Arc    Edge   Cell     Fanout  Load  Trans Delay Arrival Instance 
#                                                             (fF)   (ps)  (ps)   (ps)  Location 
#------------------------------------------------------------------------------------------------
  wr_data_pad[0]     -       -        F     (arrival)      1 2828.0  2500     0    7750    (-,-) 
  pc3d01_14/CIN      -       PAD->CIN F     pc3d01        16  172.1   352   969    8719    (-,-) 
  m/mem_reg[14][0]/D -       -        F     decrq1        16      -     -     0    8719    (-,-) 
#------------------------------------------------------------------------------------------------



Path 17: MET (5147 ps) Setup Check with Pin m/mem_reg[13][7]/CP->D
          Group: I2R
     Startpoint: (F) wr_data_pad[7]
          Clock: (R) wr_vir_clk_i
       Endpoint: (F) m/mem_reg[13][7]/D
          Clock: (R) write_clk

                     Capture       Launch     
        Clock Edge:+   15000            0     
        Drv Adjust:+       0            0     
       Src Latency:+    1000            0     
       Net Latency:+       0 (I)        0 (I) 
           Arrival:=   16000            0     
                                              
             Setup:-     259                  
       Uncertainty:-     375                  
       Path Adjust:+   -1500                  
     Required Time:=   13866                  
      Launch Clock:-       0                  
       Input Delay:-    7750                  
         Data Path:-     969                  
             Slack:=    5147                  

Exceptions/Constraints:
  path_adjust            -1500            PA_I2C                        
  input_delay             7750            fifo_constraints.sdc_line_108 

#------------------------------------------------------------------------------------------------
#   Timing Point     Flags     Arc    Edge   Cell     Fanout  Load  Trans Delay Arrival Instance 
#                                                             (fF)   (ps)  (ps)   (ps)  Location 
#------------------------------------------------------------------------------------------------
  wr_data_pad[7]     -       -        F     (arrival)      1 2828.0  2500     0    7750    (-,-) 
  pc3d01_7/CIN       -       PAD->CIN F     pc3d01        16  172.1   352   969    8719    (-,-) 
  m/mem_reg[13][7]/D -       -        F     decrq1        16      -     -     0    8719    (-,-) 
#------------------------------------------------------------------------------------------------



Path 18: MET (5147 ps) Setup Check with Pin m/mem_reg[13][6]/CP->D
          Group: I2R
     Startpoint: (F) wr_data_pad[6]
          Clock: (R) wr_vir_clk_i
       Endpoint: (F) m/mem_reg[13][6]/D
          Clock: (R) write_clk

                     Capture       Launch     
        Clock Edge:+   15000            0     
        Drv Adjust:+       0            0     
       Src Latency:+    1000            0     
       Net Latency:+       0 (I)        0 (I) 
           Arrival:=   16000            0     
                                              
             Setup:-     259                  
       Uncertainty:-     375                  
       Path Adjust:+   -1500                  
     Required Time:=   13866                  
      Launch Clock:-       0                  
       Input Delay:-    7750                  
         Data Path:-     969                  
             Slack:=    5147                  

Exceptions/Constraints:
  path_adjust            -1500            PA_I2C                        
  input_delay             7750            fifo_constraints.sdc_line_109 

#------------------------------------------------------------------------------------------------
#   Timing Point     Flags     Arc    Edge   Cell     Fanout  Load  Trans Delay Arrival Instance 
#                                                             (fF)   (ps)  (ps)   (ps)  Location 
#------------------------------------------------------------------------------------------------
  wr_data_pad[6]     -       -        F     (arrival)      1 2828.0  2500     0    7750    (-,-) 
  pc3d01_8/CIN       -       PAD->CIN F     pc3d01        16  172.1   352   969    8719    (-,-) 
  m/mem_reg[13][6]/D -       -        F     decrq1        16      -     -     0    8719    (-,-) 
#------------------------------------------------------------------------------------------------



Path 19: MET (5147 ps) Setup Check with Pin m/mem_reg[13][5]/CP->D
          Group: I2R
     Startpoint: (F) wr_data_pad[5]
          Clock: (R) wr_vir_clk_i
       Endpoint: (F) m/mem_reg[13][5]/D
          Clock: (R) write_clk

                     Capture       Launch     
        Clock Edge:+   15000            0     
        Drv Adjust:+       0            0     
       Src Latency:+    1000            0     
       Net Latency:+       0 (I)        0 (I) 
           Arrival:=   16000            0     
                                              
             Setup:-     259                  
       Uncertainty:-     375                  
       Path Adjust:+   -1500                  
     Required Time:=   13866                  
      Launch Clock:-       0                  
       Input Delay:-    7750                  
         Data Path:-     969                  
             Slack:=    5147                  

Exceptions/Constraints:
  path_adjust            -1500            PA_I2C                        
  input_delay             7750            fifo_constraints.sdc_line_110 

#------------------------------------------------------------------------------------------------
#   Timing Point     Flags     Arc    Edge   Cell     Fanout  Load  Trans Delay Arrival Instance 
#                                                             (fF)   (ps)  (ps)   (ps)  Location 
#------------------------------------------------------------------------------------------------
  wr_data_pad[5]     -       -        F     (arrival)      1 2828.0  2500     0    7750    (-,-) 
  pc3d01_9/CIN       -       PAD->CIN F     pc3d01        16  172.1   352   969    8719    (-,-) 
  m/mem_reg[13][5]/D -       -        F     decrq1        16      -     -     0    8719    (-,-) 
#------------------------------------------------------------------------------------------------



Path 20: MET (5147 ps) Setup Check with Pin m/mem_reg[13][4]/CP->D
          Group: I2R
     Startpoint: (F) wr_data_pad[4]
          Clock: (R) wr_vir_clk_i
       Endpoint: (F) m/mem_reg[13][4]/D
          Clock: (R) write_clk

                     Capture       Launch     
        Clock Edge:+   15000            0     
        Drv Adjust:+       0            0     
       Src Latency:+    1000            0     
       Net Latency:+       0 (I)        0 (I) 
           Arrival:=   16000            0     
                                              
             Setup:-     259                  
       Uncertainty:-     375                  
       Path Adjust:+   -1500                  
     Required Time:=   13866                  
      Launch Clock:-       0                  
       Input Delay:-    7750                  
         Data Path:-     969                  
             Slack:=    5147                  

Exceptions/Constraints:
  path_adjust            -1500            PA_I2C                        
  input_delay             7750            fifo_constraints.sdc_line_111 

#------------------------------------------------------------------------------------------------
#   Timing Point     Flags     Arc    Edge   Cell     Fanout  Load  Trans Delay Arrival Instance 
#                                                             (fF)   (ps)  (ps)   (ps)  Location 
#------------------------------------------------------------------------------------------------
  wr_data_pad[4]     -       -        F     (arrival)      1 2828.0  2500     0    7750    (-,-) 
  pc3d01_10/CIN      -       PAD->CIN F     pc3d01        16  172.1   352   969    8719    (-,-) 
  m/mem_reg[13][4]/D -       -        F     decrq1        16      -     -     0    8719    (-,-) 
#------------------------------------------------------------------------------------------------



Path 21: MET (5147 ps) Setup Check with Pin m/mem_reg[13][3]/CP->D
          Group: I2R
     Startpoint: (F) wr_data_pad[3]
          Clock: (R) wr_vir_clk_i
       Endpoint: (F) m/mem_reg[13][3]/D
          Clock: (R) write_clk

                     Capture       Launch     
        Clock Edge:+   15000            0     
        Drv Adjust:+       0            0     
       Src Latency:+    1000            0     
       Net Latency:+       0 (I)        0 (I) 
           Arrival:=   16000            0     
                                              
             Setup:-     259                  
       Uncertainty:-     375                  
       Path Adjust:+   -1500                  
     Required Time:=   13866                  
      Launch Clock:-       0                  
       Input Delay:-    7750                  
         Data Path:-     969                  
             Slack:=    5147                  

Exceptions/Constraints:
  path_adjust            -1500            PA_I2C                        
  input_delay             7750            fifo_constraints.sdc_line_112 

#------------------------------------------------------------------------------------------------
#   Timing Point     Flags     Arc    Edge   Cell     Fanout  Load  Trans Delay Arrival Instance 
#                                                             (fF)   (ps)  (ps)   (ps)  Location 
#------------------------------------------------------------------------------------------------
  wr_data_pad[3]     -       -        F     (arrival)      1 2828.0  2500     0    7750    (-,-) 
  pc3d01_11/CIN      -       PAD->CIN F     pc3d01        16  172.1   352   969    8719    (-,-) 
  m/mem_reg[13][3]/D -       -        F     decrq1        16      -     -     0    8719    (-,-) 
#------------------------------------------------------------------------------------------------



Path 22: MET (5147 ps) Setup Check with Pin m/mem_reg[13][2]/CP->D
          Group: I2R
     Startpoint: (F) wr_data_pad[2]
          Clock: (R) wr_vir_clk_i
       Endpoint: (F) m/mem_reg[13][2]/D
          Clock: (R) write_clk

                     Capture       Launch     
        Clock Edge:+   15000            0     
        Drv Adjust:+       0            0     
       Src Latency:+    1000            0     
       Net Latency:+       0 (I)        0 (I) 
           Arrival:=   16000            0     
                                              
             Setup:-     259                  
       Uncertainty:-     375                  
       Path Adjust:+   -1500                  
     Required Time:=   13866                  
      Launch Clock:-       0                  
       Input Delay:-    7750                  
         Data Path:-     969                  
             Slack:=    5147                  

Exceptions/Constraints:
  path_adjust            -1500            PA_I2C                        
  input_delay             7750            fifo_constraints.sdc_line_113 

#------------------------------------------------------------------------------------------------
#   Timing Point     Flags     Arc    Edge   Cell     Fanout  Load  Trans Delay Arrival Instance 
#                                                             (fF)   (ps)  (ps)   (ps)  Location 
#------------------------------------------------------------------------------------------------
  wr_data_pad[2]     -       -        F     (arrival)      1 2828.0  2500     0    7750    (-,-) 
  pc3d01_12/CIN      -       PAD->CIN F     pc3d01        16  172.1   352   969    8719    (-,-) 
  m/mem_reg[13][2]/D -       -        F     decrq1        16      -     -     0    8719    (-,-) 
#------------------------------------------------------------------------------------------------



Path 23: MET (5147 ps) Setup Check with Pin m/mem_reg[13][1]/CP->D
          Group: I2R
     Startpoint: (F) wr_data_pad[1]
          Clock: (R) wr_vir_clk_i
       Endpoint: (F) m/mem_reg[13][1]/D
          Clock: (R) write_clk

                     Capture       Launch     
        Clock Edge:+   15000            0     
        Drv Adjust:+       0            0     
       Src Latency:+    1000            0     
       Net Latency:+       0 (I)        0 (I) 
           Arrival:=   16000            0     
                                              
             Setup:-     259                  
       Uncertainty:-     375                  
       Path Adjust:+   -1500                  
     Required Time:=   13866                  
      Launch Clock:-       0                  
       Input Delay:-    7750                  
         Data Path:-     969                  
             Slack:=    5147                  

Exceptions/Constraints:
  path_adjust            -1500            PA_I2C                        
  input_delay             7750            fifo_constraints.sdc_line_114 

#------------------------------------------------------------------------------------------------
#   Timing Point     Flags     Arc    Edge   Cell     Fanout  Load  Trans Delay Arrival Instance 
#                                                             (fF)   (ps)  (ps)   (ps)  Location 
#------------------------------------------------------------------------------------------------
  wr_data_pad[1]     -       -        F     (arrival)      1 2828.0  2500     0    7750    (-,-) 
  pc3d01_13/CIN      -       PAD->CIN F     pc3d01        16  172.1   352   969    8719    (-,-) 
  m/mem_reg[13][1]/D -       -        F     decrq1        16      -     -     0    8719    (-,-) 
#------------------------------------------------------------------------------------------------



Path 24: MET (5147 ps) Setup Check with Pin m/mem_reg[13][0]/CP->D
          Group: I2R
     Startpoint: (F) wr_data_pad[0]
          Clock: (R) wr_vir_clk_i
       Endpoint: (F) m/mem_reg[13][0]/D
          Clock: (R) write_clk

                     Capture       Launch     
        Clock Edge:+   15000            0     
        Drv Adjust:+       0            0     
       Src Latency:+    1000            0     
       Net Latency:+       0 (I)        0 (I) 
           Arrival:=   16000            0     
                                              
             Setup:-     259                  
       Uncertainty:-     375                  
       Path Adjust:+   -1500                  
     Required Time:=   13866                  
      Launch Clock:-       0                  
       Input Delay:-    7750                  
         Data Path:-     969                  
             Slack:=    5147                  

Exceptions/Constraints:
  path_adjust            -1500            PA_I2C                        
  input_delay             7750            fifo_constraints.sdc_line_115 

#------------------------------------------------------------------------------------------------
#   Timing Point     Flags     Arc    Edge   Cell     Fanout  Load  Trans Delay Arrival Instance 
#                                                             (fF)   (ps)  (ps)   (ps)  Location 
#------------------------------------------------------------------------------------------------
  wr_data_pad[0]     -       -        F     (arrival)      1 2828.0  2500     0    7750    (-,-) 
  pc3d01_14/CIN      -       PAD->CIN F     pc3d01        16  172.1   352   969    8719    (-,-) 
  m/mem_reg[13][0]/D -       -        F     decrq1        16      -     -     0    8719    (-,-) 
#------------------------------------------------------------------------------------------------



Path 25: MET (5147 ps) Setup Check with Pin m/mem_reg[12][7]/CP->D
          Group: I2R
     Startpoint: (F) wr_data_pad[7]
          Clock: (R) wr_vir_clk_i
       Endpoint: (F) m/mem_reg[12][7]/D
          Clock: (R) write_clk

                     Capture       Launch     
        Clock Edge:+   15000            0     
        Drv Adjust:+       0            0     
       Src Latency:+    1000            0     
       Net Latency:+       0 (I)        0 (I) 
           Arrival:=   16000            0     
                                              
             Setup:-     259                  
       Uncertainty:-     375                  
       Path Adjust:+   -1500                  
     Required Time:=   13866                  
      Launch Clock:-       0                  
       Input Delay:-    7750                  
         Data Path:-     969                  
             Slack:=    5147                  

Exceptions/Constraints:
  path_adjust            -1500            PA_I2C                        
  input_delay             7750            fifo_constraints.sdc_line_108 

#------------------------------------------------------------------------------------------------
#   Timing Point     Flags     Arc    Edge   Cell     Fanout  Load  Trans Delay Arrival Instance 
#                                                             (fF)   (ps)  (ps)   (ps)  Location 
#------------------------------------------------------------------------------------------------
  wr_data_pad[7]     -       -        F     (arrival)      1 2828.0  2500     0    7750    (-,-) 
  pc3d01_7/CIN       -       PAD->CIN F     pc3d01        16  172.1   352   969    8719    (-,-) 
  m/mem_reg[12][7]/D -       -        F     decrq1        16      -     -     0    8719    (-,-) 
#------------------------------------------------------------------------------------------------



Path 26: MET (5147 ps) Setup Check with Pin m/mem_reg[12][6]/CP->D
          Group: I2R
     Startpoint: (F) wr_data_pad[6]
          Clock: (R) wr_vir_clk_i
       Endpoint: (F) m/mem_reg[12][6]/D
          Clock: (R) write_clk

                     Capture       Launch     
        Clock Edge:+   15000            0     
        Drv Adjust:+       0            0     
       Src Latency:+    1000            0     
       Net Latency:+       0 (I)        0 (I) 
           Arrival:=   16000            0     
                                              
             Setup:-     259                  
       Uncertainty:-     375                  
       Path Adjust:+   -1500                  
     Required Time:=   13866                  
      Launch Clock:-       0                  
       Input Delay:-    7750                  
         Data Path:-     969                  
             Slack:=    5147                  

Exceptions/Constraints:
  path_adjust            -1500            PA_I2C                        
  input_delay             7750            fifo_constraints.sdc_line_109 

#------------------------------------------------------------------------------------------------
#   Timing Point     Flags     Arc    Edge   Cell     Fanout  Load  Trans Delay Arrival Instance 
#                                                             (fF)   (ps)  (ps)   (ps)  Location 
#------------------------------------------------------------------------------------------------
  wr_data_pad[6]     -       -        F     (arrival)      1 2828.0  2500     0    7750    (-,-) 
  pc3d01_8/CIN       -       PAD->CIN F     pc3d01        16  172.1   352   969    8719    (-,-) 
  m/mem_reg[12][6]/D -       -        F     decrq1        16      -     -     0    8719    (-,-) 
#------------------------------------------------------------------------------------------------



Path 27: MET (5147 ps) Setup Check with Pin m/mem_reg[12][5]/CP->D
          Group: I2R
     Startpoint: (F) wr_data_pad[5]
          Clock: (R) wr_vir_clk_i
       Endpoint: (F) m/mem_reg[12][5]/D
          Clock: (R) write_clk

                     Capture       Launch     
        Clock Edge:+   15000            0     
        Drv Adjust:+       0            0     
       Src Latency:+    1000            0     
       Net Latency:+       0 (I)        0 (I) 
           Arrival:=   16000            0     
                                              
             Setup:-     259                  
       Uncertainty:-     375                  
       Path Adjust:+   -1500                  
     Required Time:=   13866                  
      Launch Clock:-       0                  
       Input Delay:-    7750                  
         Data Path:-     969                  
             Slack:=    5147                  

Exceptions/Constraints:
  path_adjust            -1500            PA_I2C                        
  input_delay             7750            fifo_constraints.sdc_line_110 

#------------------------------------------------------------------------------------------------
#   Timing Point     Flags     Arc    Edge   Cell     Fanout  Load  Trans Delay Arrival Instance 
#                                                             (fF)   (ps)  (ps)   (ps)  Location 
#------------------------------------------------------------------------------------------------
  wr_data_pad[5]     -       -        F     (arrival)      1 2828.0  2500     0    7750    (-,-) 
  pc3d01_9/CIN       -       PAD->CIN F     pc3d01        16  172.1   352   969    8719    (-,-) 
  m/mem_reg[12][5]/D -       -        F     decrq1        16      -     -     0    8719    (-,-) 
#------------------------------------------------------------------------------------------------



Path 28: MET (5147 ps) Setup Check with Pin m/mem_reg[12][4]/CP->D
          Group: I2R
     Startpoint: (F) wr_data_pad[4]
          Clock: (R) wr_vir_clk_i
       Endpoint: (F) m/mem_reg[12][4]/D
          Clock: (R) write_clk

                     Capture       Launch     
        Clock Edge:+   15000            0     
        Drv Adjust:+       0            0     
       Src Latency:+    1000            0     
       Net Latency:+       0 (I)        0 (I) 
           Arrival:=   16000            0     
                                              
             Setup:-     259                  
       Uncertainty:-     375                  
       Path Adjust:+   -1500                  
     Required Time:=   13866                  
      Launch Clock:-       0                  
       Input Delay:-    7750                  
         Data Path:-     969                  
             Slack:=    5147                  

Exceptions/Constraints:
  path_adjust            -1500            PA_I2C                        
  input_delay             7750            fifo_constraints.sdc_line_111 

#------------------------------------------------------------------------------------------------
#   Timing Point     Flags     Arc    Edge   Cell     Fanout  Load  Trans Delay Arrival Instance 
#                                                             (fF)   (ps)  (ps)   (ps)  Location 
#------------------------------------------------------------------------------------------------
  wr_data_pad[4]     -       -        F     (arrival)      1 2828.0  2500     0    7750    (-,-) 
  pc3d01_10/CIN      -       PAD->CIN F     pc3d01        16  172.1   352   969    8719    (-,-) 
  m/mem_reg[12][4]/D -       -        F     decrq1        16      -     -     0    8719    (-,-) 
#------------------------------------------------------------------------------------------------



Path 29: MET (5147 ps) Setup Check with Pin m/mem_reg[12][3]/CP->D
          Group: I2R
     Startpoint: (F) wr_data_pad[3]
          Clock: (R) wr_vir_clk_i
       Endpoint: (F) m/mem_reg[12][3]/D
          Clock: (R) write_clk

                     Capture       Launch     
        Clock Edge:+   15000            0     
        Drv Adjust:+       0            0     
       Src Latency:+    1000            0     
       Net Latency:+       0 (I)        0 (I) 
           Arrival:=   16000            0     
                                              
             Setup:-     259                  
       Uncertainty:-     375                  
       Path Adjust:+   -1500                  
     Required Time:=   13866                  
      Launch Clock:-       0                  
       Input Delay:-    7750                  
         Data Path:-     969                  
             Slack:=    5147                  

Exceptions/Constraints:
  path_adjust            -1500            PA_I2C                        
  input_delay             7750            fifo_constraints.sdc_line_112 

#------------------------------------------------------------------------------------------------
#   Timing Point     Flags     Arc    Edge   Cell     Fanout  Load  Trans Delay Arrival Instance 
#                                                             (fF)   (ps)  (ps)   (ps)  Location 
#------------------------------------------------------------------------------------------------
  wr_data_pad[3]     -       -        F     (arrival)      1 2828.0  2500     0    7750    (-,-) 
  pc3d01_11/CIN      -       PAD->CIN F     pc3d01        16  172.1   352   969    8719    (-,-) 
  m/mem_reg[12][3]/D -       -        F     decrq1        16      -     -     0    8719    (-,-) 
#------------------------------------------------------------------------------------------------



Path 30: MET (5147 ps) Setup Check with Pin m/mem_reg[12][2]/CP->D
          Group: I2R
     Startpoint: (F) wr_data_pad[2]
          Clock: (R) wr_vir_clk_i
       Endpoint: (F) m/mem_reg[12][2]/D
          Clock: (R) write_clk

                     Capture       Launch     
        Clock Edge:+   15000            0     
        Drv Adjust:+       0            0     
       Src Latency:+    1000            0     
       Net Latency:+       0 (I)        0 (I) 
           Arrival:=   16000            0     
                                              
             Setup:-     259                  
       Uncertainty:-     375                  
       Path Adjust:+   -1500                  
     Required Time:=   13866                  
      Launch Clock:-       0                  
       Input Delay:-    7750                  
         Data Path:-     969                  
             Slack:=    5147                  

Exceptions/Constraints:
  path_adjust            -1500            PA_I2C                        
  input_delay             7750            fifo_constraints.sdc_line_113 

#------------------------------------------------------------------------------------------------
#   Timing Point     Flags     Arc    Edge   Cell     Fanout  Load  Trans Delay Arrival Instance 
#                                                             (fF)   (ps)  (ps)   (ps)  Location 
#------------------------------------------------------------------------------------------------
  wr_data_pad[2]     -       -        F     (arrival)      1 2828.0  2500     0    7750    (-,-) 
  pc3d01_12/CIN      -       PAD->CIN F     pc3d01        16  172.1   352   969    8719    (-,-) 
  m/mem_reg[12][2]/D -       -        F     decrq1        16      -     -     0    8719    (-,-) 
#------------------------------------------------------------------------------------------------



Path 31: MET (5147 ps) Setup Check with Pin m/mem_reg[12][1]/CP->D
          Group: I2R
     Startpoint: (F) wr_data_pad[1]
          Clock: (R) wr_vir_clk_i
       Endpoint: (F) m/mem_reg[12][1]/D
          Clock: (R) write_clk

                     Capture       Launch     
        Clock Edge:+   15000            0     
        Drv Adjust:+       0            0     
       Src Latency:+    1000            0     
       Net Latency:+       0 (I)        0 (I) 
           Arrival:=   16000            0     
                                              
             Setup:-     259                  
       Uncertainty:-     375                  
       Path Adjust:+   -1500                  
     Required Time:=   13866                  
      Launch Clock:-       0                  
       Input Delay:-    7750                  
         Data Path:-     969                  
             Slack:=    5147                  

Exceptions/Constraints:
  path_adjust            -1500            PA_I2C                        
  input_delay             7750            fifo_constraints.sdc_line_114 

#------------------------------------------------------------------------------------------------
#   Timing Point     Flags     Arc    Edge   Cell     Fanout  Load  Trans Delay Arrival Instance 
#                                                             (fF)   (ps)  (ps)   (ps)  Location 
#------------------------------------------------------------------------------------------------
  wr_data_pad[1]     -       -        F     (arrival)      1 2828.0  2500     0    7750    (-,-) 
  pc3d01_13/CIN      -       PAD->CIN F     pc3d01        16  172.1   352   969    8719    (-,-) 
  m/mem_reg[12][1]/D -       -        F     decrq1        16      -     -     0    8719    (-,-) 
#------------------------------------------------------------------------------------------------



Path 32: MET (5147 ps) Setup Check with Pin m/mem_reg[12][0]/CP->D
          Group: I2R
     Startpoint: (F) wr_data_pad[0]
          Clock: (R) wr_vir_clk_i
       Endpoint: (F) m/mem_reg[12][0]/D
          Clock: (R) write_clk

                     Capture       Launch     
        Clock Edge:+   15000            0     
        Drv Adjust:+       0            0     
       Src Latency:+    1000            0     
       Net Latency:+       0 (I)        0 (I) 
           Arrival:=   16000            0     
                                              
             Setup:-     259                  
       Uncertainty:-     375                  
       Path Adjust:+   -1500                  
     Required Time:=   13866                  
      Launch Clock:-       0                  
       Input Delay:-    7750                  
         Data Path:-     969                  
             Slack:=    5147                  

Exceptions/Constraints:
  path_adjust            -1500            PA_I2C                        
  input_delay             7750            fifo_constraints.sdc_line_115 

#------------------------------------------------------------------------------------------------
#   Timing Point     Flags     Arc    Edge   Cell     Fanout  Load  Trans Delay Arrival Instance 
#                                                             (fF)   (ps)  (ps)   (ps)  Location 
#------------------------------------------------------------------------------------------------
  wr_data_pad[0]     -       -        F     (arrival)      1 2828.0  2500     0    7750    (-,-) 
  pc3d01_14/CIN      -       PAD->CIN F     pc3d01        16  172.1   352   969    8719    (-,-) 
  m/mem_reg[12][0]/D -       -        F     decrq1        16      -     -     0    8719    (-,-) 
#------------------------------------------------------------------------------------------------



Path 33: MET (5147 ps) Setup Check with Pin m/mem_reg[11][7]/CP->D
          Group: I2R
     Startpoint: (F) wr_data_pad[7]
          Clock: (R) wr_vir_clk_i
       Endpoint: (F) m/mem_reg[11][7]/D
          Clock: (R) write_clk

                     Capture       Launch     
        Clock Edge:+   15000            0     
        Drv Adjust:+       0            0     
       Src Latency:+    1000            0     
       Net Latency:+       0 (I)        0 (I) 
           Arrival:=   16000            0     
                                              
             Setup:-     259                  
       Uncertainty:-     375                  
       Path Adjust:+   -1500                  
     Required Time:=   13866                  
      Launch Clock:-       0                  
       Input Delay:-    7750                  
         Data Path:-     969                  
             Slack:=    5147                  

Exceptions/Constraints:
  path_adjust            -1500            PA_I2C                        
  input_delay             7750            fifo_constraints.sdc_line_108 

#------------------------------------------------------------------------------------------------
#   Timing Point     Flags     Arc    Edge   Cell     Fanout  Load  Trans Delay Arrival Instance 
#                                                             (fF)   (ps)  (ps)   (ps)  Location 
#------------------------------------------------------------------------------------------------
  wr_data_pad[7]     -       -        F     (arrival)      1 2828.0  2500     0    7750    (-,-) 
  pc3d01_7/CIN       -       PAD->CIN F     pc3d01        16  172.1   352   969    8719    (-,-) 
  m/mem_reg[11][7]/D -       -        F     decrq1        16      -     -     0    8719    (-,-) 
#------------------------------------------------------------------------------------------------



Path 34: MET (5147 ps) Setup Check with Pin m/mem_reg[11][6]/CP->D
          Group: I2R
     Startpoint: (F) wr_data_pad[6]
          Clock: (R) wr_vir_clk_i
       Endpoint: (F) m/mem_reg[11][6]/D
          Clock: (R) write_clk

                     Capture       Launch     
        Clock Edge:+   15000            0     
        Drv Adjust:+       0            0     
       Src Latency:+    1000            0     
       Net Latency:+       0 (I)        0 (I) 
           Arrival:=   16000            0     
                                              
             Setup:-     259                  
       Uncertainty:-     375                  
       Path Adjust:+   -1500                  
     Required Time:=   13866                  
      Launch Clock:-       0                  
       Input Delay:-    7750                  
         Data Path:-     969                  
             Slack:=    5147                  

Exceptions/Constraints:
  path_adjust            -1500            PA_I2C                        
  input_delay             7750            fifo_constraints.sdc_line_109 

#------------------------------------------------------------------------------------------------
#   Timing Point     Flags     Arc    Edge   Cell     Fanout  Load  Trans Delay Arrival Instance 
#                                                             (fF)   (ps)  (ps)   (ps)  Location 
#------------------------------------------------------------------------------------------------
  wr_data_pad[6]     -       -        F     (arrival)      1 2828.0  2500     0    7750    (-,-) 
  pc3d01_8/CIN       -       PAD->CIN F     pc3d01        16  172.1   352   969    8719    (-,-) 
  m/mem_reg[11][6]/D -       -        F     decrq1        16      -     -     0    8719    (-,-) 
#------------------------------------------------------------------------------------------------



Path 35: MET (5147 ps) Setup Check with Pin m/mem_reg[11][5]/CP->D
          Group: I2R
     Startpoint: (F) wr_data_pad[5]
          Clock: (R) wr_vir_clk_i
       Endpoint: (F) m/mem_reg[11][5]/D
          Clock: (R) write_clk

                     Capture       Launch     
        Clock Edge:+   15000            0     
        Drv Adjust:+       0            0     
       Src Latency:+    1000            0     
       Net Latency:+       0 (I)        0 (I) 
           Arrival:=   16000            0     
                                              
             Setup:-     259                  
       Uncertainty:-     375                  
       Path Adjust:+   -1500                  
     Required Time:=   13866                  
      Launch Clock:-       0                  
       Input Delay:-    7750                  
         Data Path:-     969                  
             Slack:=    5147                  

Exceptions/Constraints:
  path_adjust            -1500            PA_I2C                        
  input_delay             7750            fifo_constraints.sdc_line_110 

#------------------------------------------------------------------------------------------------
#   Timing Point     Flags     Arc    Edge   Cell     Fanout  Load  Trans Delay Arrival Instance 
#                                                             (fF)   (ps)  (ps)   (ps)  Location 
#------------------------------------------------------------------------------------------------
  wr_data_pad[5]     -       -        F     (arrival)      1 2828.0  2500     0    7750    (-,-) 
  pc3d01_9/CIN       -       PAD->CIN F     pc3d01        16  172.1   352   969    8719    (-,-) 
  m/mem_reg[11][5]/D -       -        F     decrq1        16      -     -     0    8719    (-,-) 
#------------------------------------------------------------------------------------------------



Path 36: MET (5147 ps) Setup Check with Pin m/mem_reg[11][4]/CP->D
          Group: I2R
     Startpoint: (F) wr_data_pad[4]
          Clock: (R) wr_vir_clk_i
       Endpoint: (F) m/mem_reg[11][4]/D
          Clock: (R) write_clk

                     Capture       Launch     
        Clock Edge:+   15000            0     
        Drv Adjust:+       0            0     
       Src Latency:+    1000            0     
       Net Latency:+       0 (I)        0 (I) 
           Arrival:=   16000            0     
                                              
             Setup:-     259                  
       Uncertainty:-     375                  
       Path Adjust:+   -1500                  
     Required Time:=   13866                  
      Launch Clock:-       0                  
       Input Delay:-    7750                  
         Data Path:-     969                  
             Slack:=    5147                  

Exceptions/Constraints:
  path_adjust            -1500            PA_I2C                        
  input_delay             7750            fifo_constraints.sdc_line_111 

#------------------------------------------------------------------------------------------------
#   Timing Point     Flags     Arc    Edge   Cell     Fanout  Load  Trans Delay Arrival Instance 
#                                                             (fF)   (ps)  (ps)   (ps)  Location 
#------------------------------------------------------------------------------------------------
  wr_data_pad[4]     -       -        F     (arrival)      1 2828.0  2500     0    7750    (-,-) 
  pc3d01_10/CIN      -       PAD->CIN F     pc3d01        16  172.1   352   969    8719    (-,-) 
  m/mem_reg[11][4]/D -       -        F     decrq1        16      -     -     0    8719    (-,-) 
#------------------------------------------------------------------------------------------------



Path 37: MET (5147 ps) Setup Check with Pin m/mem_reg[11][3]/CP->D
          Group: I2R
     Startpoint: (F) wr_data_pad[3]
          Clock: (R) wr_vir_clk_i
       Endpoint: (F) m/mem_reg[11][3]/D
          Clock: (R) write_clk

                     Capture       Launch     
        Clock Edge:+   15000            0     
        Drv Adjust:+       0            0     
       Src Latency:+    1000            0     
       Net Latency:+       0 (I)        0 (I) 
           Arrival:=   16000            0     
                                              
             Setup:-     259                  
       Uncertainty:-     375                  
       Path Adjust:+   -1500                  
     Required Time:=   13866                  
      Launch Clock:-       0                  
       Input Delay:-    7750                  
         Data Path:-     969                  
             Slack:=    5147                  

Exceptions/Constraints:
  path_adjust            -1500            PA_I2C                        
  input_delay             7750            fifo_constraints.sdc_line_112 

#------------------------------------------------------------------------------------------------
#   Timing Point     Flags     Arc    Edge   Cell     Fanout  Load  Trans Delay Arrival Instance 
#                                                             (fF)   (ps)  (ps)   (ps)  Location 
#------------------------------------------------------------------------------------------------
  wr_data_pad[3]     -       -        F     (arrival)      1 2828.0  2500     0    7750    (-,-) 
  pc3d01_11/CIN      -       PAD->CIN F     pc3d01        16  172.1   352   969    8719    (-,-) 
  m/mem_reg[11][3]/D -       -        F     decrq1        16      -     -     0    8719    (-,-) 
#------------------------------------------------------------------------------------------------



Path 38: MET (5147 ps) Setup Check with Pin m/mem_reg[11][2]/CP->D
          Group: I2R
     Startpoint: (F) wr_data_pad[2]
          Clock: (R) wr_vir_clk_i
       Endpoint: (F) m/mem_reg[11][2]/D
          Clock: (R) write_clk

                     Capture       Launch     
        Clock Edge:+   15000            0     
        Drv Adjust:+       0            0     
       Src Latency:+    1000            0     
       Net Latency:+       0 (I)        0 (I) 
           Arrival:=   16000            0     
                                              
             Setup:-     259                  
       Uncertainty:-     375                  
       Path Adjust:+   -1500                  
     Required Time:=   13866                  
      Launch Clock:-       0                  
       Input Delay:-    7750                  
         Data Path:-     969                  
             Slack:=    5147                  

Exceptions/Constraints:
  path_adjust            -1500            PA_I2C                        
  input_delay             7750            fifo_constraints.sdc_line_113 

#------------------------------------------------------------------------------------------------
#   Timing Point     Flags     Arc    Edge   Cell     Fanout  Load  Trans Delay Arrival Instance 
#                                                             (fF)   (ps)  (ps)   (ps)  Location 
#------------------------------------------------------------------------------------------------
  wr_data_pad[2]     -       -        F     (arrival)      1 2828.0  2500     0    7750    (-,-) 
  pc3d01_12/CIN      -       PAD->CIN F     pc3d01        16  172.1   352   969    8719    (-,-) 
  m/mem_reg[11][2]/D -       -        F     decrq1        16      -     -     0    8719    (-,-) 
#------------------------------------------------------------------------------------------------



Path 39: MET (5147 ps) Setup Check with Pin m/mem_reg[11][1]/CP->D
          Group: I2R
     Startpoint: (F) wr_data_pad[1]
          Clock: (R) wr_vir_clk_i
       Endpoint: (F) m/mem_reg[11][1]/D
          Clock: (R) write_clk

                     Capture       Launch     
        Clock Edge:+   15000            0     
        Drv Adjust:+       0            0     
       Src Latency:+    1000            0     
       Net Latency:+       0 (I)        0 (I) 
           Arrival:=   16000            0     
                                              
             Setup:-     259                  
       Uncertainty:-     375                  
       Path Adjust:+   -1500                  
     Required Time:=   13866                  
      Launch Clock:-       0                  
       Input Delay:-    7750                  
         Data Path:-     969                  
             Slack:=    5147                  

Exceptions/Constraints:
  path_adjust            -1500            PA_I2C                        
  input_delay             7750            fifo_constraints.sdc_line_114 

#------------------------------------------------------------------------------------------------
#   Timing Point     Flags     Arc    Edge   Cell     Fanout  Load  Trans Delay Arrival Instance 
#                                                             (fF)   (ps)  (ps)   (ps)  Location 
#------------------------------------------------------------------------------------------------
  wr_data_pad[1]     -       -        F     (arrival)      1 2828.0  2500     0    7750    (-,-) 
  pc3d01_13/CIN      -       PAD->CIN F     pc3d01        16  172.1   352   969    8719    (-,-) 
  m/mem_reg[11][1]/D -       -        F     decrq1        16      -     -     0    8719    (-,-) 
#------------------------------------------------------------------------------------------------



Path 40: MET (5147 ps) Setup Check with Pin m/mem_reg[11][0]/CP->D
          Group: I2R
     Startpoint: (F) wr_data_pad[0]
          Clock: (R) wr_vir_clk_i
       Endpoint: (F) m/mem_reg[11][0]/D
          Clock: (R) write_clk

                     Capture       Launch     
        Clock Edge:+   15000            0     
        Drv Adjust:+       0            0     
       Src Latency:+    1000            0     
       Net Latency:+       0 (I)        0 (I) 
           Arrival:=   16000            0     
                                              
             Setup:-     259                  
       Uncertainty:-     375                  
       Path Adjust:+   -1500                  
     Required Time:=   13866                  
      Launch Clock:-       0                  
       Input Delay:-    7750                  
         Data Path:-     969                  
             Slack:=    5147                  

Exceptions/Constraints:
  path_adjust            -1500            PA_I2C                        
  input_delay             7750            fifo_constraints.sdc_line_115 

#------------------------------------------------------------------------------------------------
#   Timing Point     Flags     Arc    Edge   Cell     Fanout  Load  Trans Delay Arrival Instance 
#                                                             (fF)   (ps)  (ps)   (ps)  Location 
#------------------------------------------------------------------------------------------------
  wr_data_pad[0]     -       -        F     (arrival)      1 2828.0  2500     0    7750    (-,-) 
  pc3d01_14/CIN      -       PAD->CIN F     pc3d01        16  172.1   352   969    8719    (-,-) 
  m/mem_reg[11][0]/D -       -        F     decrq1        16      -     -     0    8719    (-,-) 
#------------------------------------------------------------------------------------------------



Path 41: MET (5147 ps) Setup Check with Pin m/mem_reg[10][7]/CP->D
          Group: I2R
     Startpoint: (F) wr_data_pad[7]
          Clock: (R) wr_vir_clk_i
       Endpoint: (F) m/mem_reg[10][7]/D
          Clock: (R) write_clk

                     Capture       Launch     
        Clock Edge:+   15000            0     
        Drv Adjust:+       0            0     
       Src Latency:+    1000            0     
       Net Latency:+       0 (I)        0 (I) 
           Arrival:=   16000            0     
                                              
             Setup:-     259                  
       Uncertainty:-     375                  
       Path Adjust:+   -1500                  
     Required Time:=   13866                  
      Launch Clock:-       0                  
       Input Delay:-    7750                  
         Data Path:-     969                  
             Slack:=    5147                  

Exceptions/Constraints:
  path_adjust            -1500            PA_I2C                        
  input_delay             7750            fifo_constraints.sdc_line_108 

#------------------------------------------------------------------------------------------------
#   Timing Point     Flags     Arc    Edge   Cell     Fanout  Load  Trans Delay Arrival Instance 
#                                                             (fF)   (ps)  (ps)   (ps)  Location 
#------------------------------------------------------------------------------------------------
  wr_data_pad[7]     -       -        F     (arrival)      1 2828.0  2500     0    7750    (-,-) 
  pc3d01_7/CIN       -       PAD->CIN F     pc3d01        16  172.1   352   969    8719    (-,-) 
  m/mem_reg[10][7]/D -       -        F     decrq1        16      -     -     0    8719    (-,-) 
#------------------------------------------------------------------------------------------------



Path 42: MET (5147 ps) Setup Check with Pin m/mem_reg[10][6]/CP->D
          Group: I2R
     Startpoint: (F) wr_data_pad[6]
          Clock: (R) wr_vir_clk_i
       Endpoint: (F) m/mem_reg[10][6]/D
          Clock: (R) write_clk

                     Capture       Launch     
        Clock Edge:+   15000            0     
        Drv Adjust:+       0            0     
       Src Latency:+    1000            0     
       Net Latency:+       0 (I)        0 (I) 
           Arrival:=   16000            0     
                                              
             Setup:-     259                  
       Uncertainty:-     375                  
       Path Adjust:+   -1500                  
     Required Time:=   13866                  
      Launch Clock:-       0                  
       Input Delay:-    7750                  
         Data Path:-     969                  
             Slack:=    5147                  

Exceptions/Constraints:
  path_adjust            -1500            PA_I2C                        
  input_delay             7750            fifo_constraints.sdc_line_109 

#------------------------------------------------------------------------------------------------
#   Timing Point     Flags     Arc    Edge   Cell     Fanout  Load  Trans Delay Arrival Instance 
#                                                             (fF)   (ps)  (ps)   (ps)  Location 
#------------------------------------------------------------------------------------------------
  wr_data_pad[6]     -       -        F     (arrival)      1 2828.0  2500     0    7750    (-,-) 
  pc3d01_8/CIN       -       PAD->CIN F     pc3d01        16  172.1   352   969    8719    (-,-) 
  m/mem_reg[10][6]/D -       -        F     decrq1        16      -     -     0    8719    (-,-) 
#------------------------------------------------------------------------------------------------



Path 43: MET (5147 ps) Setup Check with Pin m/mem_reg[10][5]/CP->D
          Group: I2R
     Startpoint: (F) wr_data_pad[5]
          Clock: (R) wr_vir_clk_i
       Endpoint: (F) m/mem_reg[10][5]/D
          Clock: (R) write_clk

                     Capture       Launch     
        Clock Edge:+   15000            0     
        Drv Adjust:+       0            0     
       Src Latency:+    1000            0     
       Net Latency:+       0 (I)        0 (I) 
           Arrival:=   16000            0     
                                              
             Setup:-     259                  
       Uncertainty:-     375                  
       Path Adjust:+   -1500                  
     Required Time:=   13866                  
      Launch Clock:-       0                  
       Input Delay:-    7750                  
         Data Path:-     969                  
             Slack:=    5147                  

Exceptions/Constraints:
  path_adjust            -1500            PA_I2C                        
  input_delay             7750            fifo_constraints.sdc_line_110 

#------------------------------------------------------------------------------------------------
#   Timing Point     Flags     Arc    Edge   Cell     Fanout  Load  Trans Delay Arrival Instance 
#                                                             (fF)   (ps)  (ps)   (ps)  Location 
#------------------------------------------------------------------------------------------------
  wr_data_pad[5]     -       -        F     (arrival)      1 2828.0  2500     0    7750    (-,-) 
  pc3d01_9/CIN       -       PAD->CIN F     pc3d01        16  172.1   352   969    8719    (-,-) 
  m/mem_reg[10][5]/D -       -        F     decrq1        16      -     -     0    8719    (-,-) 
#------------------------------------------------------------------------------------------------



Path 44: MET (5147 ps) Setup Check with Pin m/mem_reg[10][4]/CP->D
          Group: I2R
     Startpoint: (F) wr_data_pad[4]
          Clock: (R) wr_vir_clk_i
       Endpoint: (F) m/mem_reg[10][4]/D
          Clock: (R) write_clk

                     Capture       Launch     
        Clock Edge:+   15000            0     
        Drv Adjust:+       0            0     
       Src Latency:+    1000            0     
       Net Latency:+       0 (I)        0 (I) 
           Arrival:=   16000            0     
                                              
             Setup:-     259                  
       Uncertainty:-     375                  
       Path Adjust:+   -1500                  
     Required Time:=   13866                  
      Launch Clock:-       0                  
       Input Delay:-    7750                  
         Data Path:-     969                  
             Slack:=    5147                  

Exceptions/Constraints:
  path_adjust            -1500            PA_I2C                        
  input_delay             7750            fifo_constraints.sdc_line_111 

#------------------------------------------------------------------------------------------------
#   Timing Point     Flags     Arc    Edge   Cell     Fanout  Load  Trans Delay Arrival Instance 
#                                                             (fF)   (ps)  (ps)   (ps)  Location 
#------------------------------------------------------------------------------------------------
  wr_data_pad[4]     -       -        F     (arrival)      1 2828.0  2500     0    7750    (-,-) 
  pc3d01_10/CIN      -       PAD->CIN F     pc3d01        16  172.1   352   969    8719    (-,-) 
  m/mem_reg[10][4]/D -       -        F     decrq1        16      -     -     0    8719    (-,-) 
#------------------------------------------------------------------------------------------------



Path 45: MET (5147 ps) Setup Check with Pin m/mem_reg[10][3]/CP->D
          Group: I2R
     Startpoint: (F) wr_data_pad[3]
          Clock: (R) wr_vir_clk_i
       Endpoint: (F) m/mem_reg[10][3]/D
          Clock: (R) write_clk

                     Capture       Launch     
        Clock Edge:+   15000            0     
        Drv Adjust:+       0            0     
       Src Latency:+    1000            0     
       Net Latency:+       0 (I)        0 (I) 
           Arrival:=   16000            0     
                                              
             Setup:-     259                  
       Uncertainty:-     375                  
       Path Adjust:+   -1500                  
     Required Time:=   13866                  
      Launch Clock:-       0                  
       Input Delay:-    7750                  
         Data Path:-     969                  
             Slack:=    5147                  

Exceptions/Constraints:
  path_adjust            -1500            PA_I2C                        
  input_delay             7750            fifo_constraints.sdc_line_112 

#------------------------------------------------------------------------------------------------
#   Timing Point     Flags     Arc    Edge   Cell     Fanout  Load  Trans Delay Arrival Instance 
#                                                             (fF)   (ps)  (ps)   (ps)  Location 
#------------------------------------------------------------------------------------------------
  wr_data_pad[3]     -       -        F     (arrival)      1 2828.0  2500     0    7750    (-,-) 
  pc3d01_11/CIN      -       PAD->CIN F     pc3d01        16  172.1   352   969    8719    (-,-) 
  m/mem_reg[10][3]/D -       -        F     decrq1        16      -     -     0    8719    (-,-) 
#------------------------------------------------------------------------------------------------



Path 46: MET (5147 ps) Setup Check with Pin m/mem_reg[10][2]/CP->D
          Group: I2R
     Startpoint: (F) wr_data_pad[2]
          Clock: (R) wr_vir_clk_i
       Endpoint: (F) m/mem_reg[10][2]/D
          Clock: (R) write_clk

                     Capture       Launch     
        Clock Edge:+   15000            0     
        Drv Adjust:+       0            0     
       Src Latency:+    1000            0     
       Net Latency:+       0 (I)        0 (I) 
           Arrival:=   16000            0     
                                              
             Setup:-     259                  
       Uncertainty:-     375                  
       Path Adjust:+   -1500                  
     Required Time:=   13866                  
      Launch Clock:-       0                  
       Input Delay:-    7750                  
         Data Path:-     969                  
             Slack:=    5147                  

Exceptions/Constraints:
  path_adjust            -1500            PA_I2C                        
  input_delay             7750            fifo_constraints.sdc_line_113 

#------------------------------------------------------------------------------------------------
#   Timing Point     Flags     Arc    Edge   Cell     Fanout  Load  Trans Delay Arrival Instance 
#                                                             (fF)   (ps)  (ps)   (ps)  Location 
#------------------------------------------------------------------------------------------------
  wr_data_pad[2]     -       -        F     (arrival)      1 2828.0  2500     0    7750    (-,-) 
  pc3d01_12/CIN      -       PAD->CIN F     pc3d01        16  172.1   352   969    8719    (-,-) 
  m/mem_reg[10][2]/D -       -        F     decrq1        16      -     -     0    8719    (-,-) 
#------------------------------------------------------------------------------------------------



Path 47: MET (5147 ps) Setup Check with Pin m/mem_reg[10][1]/CP->D
          Group: I2R
     Startpoint: (F) wr_data_pad[1]
          Clock: (R) wr_vir_clk_i
       Endpoint: (F) m/mem_reg[10][1]/D
          Clock: (R) write_clk

                     Capture       Launch     
        Clock Edge:+   15000            0     
        Drv Adjust:+       0            0     
       Src Latency:+    1000            0     
       Net Latency:+       0 (I)        0 (I) 
           Arrival:=   16000            0     
                                              
             Setup:-     259                  
       Uncertainty:-     375                  
       Path Adjust:+   -1500                  
     Required Time:=   13866                  
      Launch Clock:-       0                  
       Input Delay:-    7750                  
         Data Path:-     969                  
             Slack:=    5147                  

Exceptions/Constraints:
  path_adjust            -1500            PA_I2C                        
  input_delay             7750            fifo_constraints.sdc_line_114 

#------------------------------------------------------------------------------------------------
#   Timing Point     Flags     Arc    Edge   Cell     Fanout  Load  Trans Delay Arrival Instance 
#                                                             (fF)   (ps)  (ps)   (ps)  Location 
#------------------------------------------------------------------------------------------------
  wr_data_pad[1]     -       -        F     (arrival)      1 2828.0  2500     0    7750    (-,-) 
  pc3d01_13/CIN      -       PAD->CIN F     pc3d01        16  172.1   352   969    8719    (-,-) 
  m/mem_reg[10][1]/D -       -        F     decrq1        16      -     -     0    8719    (-,-) 
#------------------------------------------------------------------------------------------------



Path 48: MET (5147 ps) Setup Check with Pin m/mem_reg[10][0]/CP->D
          Group: I2R
     Startpoint: (F) wr_data_pad[0]
          Clock: (R) wr_vir_clk_i
       Endpoint: (F) m/mem_reg[10][0]/D
          Clock: (R) write_clk

                     Capture       Launch     
        Clock Edge:+   15000            0     
        Drv Adjust:+       0            0     
       Src Latency:+    1000            0     
       Net Latency:+       0 (I)        0 (I) 
           Arrival:=   16000            0     
                                              
             Setup:-     259                  
       Uncertainty:-     375                  
       Path Adjust:+   -1500                  
     Required Time:=   13866                  
      Launch Clock:-       0                  
       Input Delay:-    7750                  
         Data Path:-     969                  
             Slack:=    5147                  

Exceptions/Constraints:
  path_adjust            -1500            PA_I2C                        
  input_delay             7750            fifo_constraints.sdc_line_115 

#------------------------------------------------------------------------------------------------
#   Timing Point     Flags     Arc    Edge   Cell     Fanout  Load  Trans Delay Arrival Instance 
#                                                             (fF)   (ps)  (ps)   (ps)  Location 
#------------------------------------------------------------------------------------------------
  wr_data_pad[0]     -       -        F     (arrival)      1 2828.0  2500     0    7750    (-,-) 
  pc3d01_14/CIN      -       PAD->CIN F     pc3d01        16  172.1   352   969    8719    (-,-) 
  m/mem_reg[10][0]/D -       -        F     decrq1        16      -     -     0    8719    (-,-) 
#------------------------------------------------------------------------------------------------



Path 49: MET (5147 ps) Setup Check with Pin m/mem_reg[9][7]/CP->D
          Group: I2R
     Startpoint: (F) wr_data_pad[7]
          Clock: (R) wr_vir_clk_i
       Endpoint: (F) m/mem_reg[9][7]/D
          Clock: (R) write_clk

                     Capture       Launch     
        Clock Edge:+   15000            0     
        Drv Adjust:+       0            0     
       Src Latency:+    1000            0     
       Net Latency:+       0 (I)        0 (I) 
           Arrival:=   16000            0     
                                              
             Setup:-     259                  
       Uncertainty:-     375                  
       Path Adjust:+   -1500                  
     Required Time:=   13866                  
      Launch Clock:-       0                  
       Input Delay:-    7750                  
         Data Path:-     969                  
             Slack:=    5147                  

Exceptions/Constraints:
  path_adjust            -1500            PA_I2C                        
  input_delay             7750            fifo_constraints.sdc_line_108 

#-----------------------------------------------------------------------------------------------
#   Timing Point    Flags     Arc    Edge   Cell     Fanout  Load  Trans Delay Arrival Instance 
#                                                            (fF)   (ps)  (ps)   (ps)  Location 
#-----------------------------------------------------------------------------------------------
  wr_data_pad[7]    -       -        F     (arrival)      1 2828.0  2500     0    7750    (-,-) 
  pc3d01_7/CIN      -       PAD->CIN F     pc3d01        16  172.1   352   969    8719    (-,-) 
  m/mem_reg[9][7]/D -       -        F     decrq1        16      -     -     0    8719    (-,-) 
#-----------------------------------------------------------------------------------------------



Path 50: MET (5147 ps) Setup Check with Pin m/mem_reg[9][6]/CP->D
          Group: I2R
     Startpoint: (F) wr_data_pad[6]
          Clock: (R) wr_vir_clk_i
       Endpoint: (F) m/mem_reg[9][6]/D
          Clock: (R) write_clk

                     Capture       Launch     
        Clock Edge:+   15000            0     
        Drv Adjust:+       0            0     
       Src Latency:+    1000            0     
       Net Latency:+       0 (I)        0 (I) 
           Arrival:=   16000            0     
                                              
             Setup:-     259                  
       Uncertainty:-     375                  
       Path Adjust:+   -1500                  
     Required Time:=   13866                  
      Launch Clock:-       0                  
       Input Delay:-    7750                  
         Data Path:-     969                  
             Slack:=    5147                  

Exceptions/Constraints:
  path_adjust            -1500            PA_I2C                        
  input_delay             7750            fifo_constraints.sdc_line_109 

#-----------------------------------------------------------------------------------------------
#   Timing Point    Flags     Arc    Edge   Cell     Fanout  Load  Trans Delay Arrival Instance 
#                                                            (fF)   (ps)  (ps)   (ps)  Location 
#-----------------------------------------------------------------------------------------------
  wr_data_pad[6]    -       -        F     (arrival)      1 2828.0  2500     0    7750    (-,-) 
  pc3d01_8/CIN      -       PAD->CIN F     pc3d01        16  172.1   352   969    8719    (-,-) 
  m/mem_reg[9][6]/D -       -        F     decrq1        16      -     -     0    8719    (-,-) 
#-----------------------------------------------------------------------------------------------

