============================================================
  Generated by:           Genus(TM) Synthesis Solution 21.18-s082_1
  Generated on:           Mar 04 2025  04:10:16 pm
  Module:                 fifo_top
  Technology libraries:   tsl18fs120_scl_ss 1
                          tsl18cio150_min 1.0
                          tsl18fs120_scl_ss 1
                          tsl18cio150_min 1.0
  Operating conditions:   tsl18cio150_min (best_case_tree)
  Wireload mode:          enclosed
  Area mode:              timing library
============================================================

                                 Leakage  
  Gate    Instances    Area    Power (nW)        Library       
---------------------------------------------------------------
ah01d1            8    276.000      6.030    tsl18fs120_scl_ss 
an12d1            1     21.950      0.469    tsl18fs120_scl_ss 
aoi221d1          8    200.720      1.317    tsl18fs120_scl_ss 
aoi222d1          8    250.880      0.923    tsl18fs120_scl_ss 
aoi22d1          40    752.800      3.100    tsl18fs120_scl_ss 
aoim22d1          9    197.550      4.718    tsl18fs120_scl_ss 
decrq1          128  11239.680    102.195    tsl18fs120_scl_ss 
dfcrb1            1     72.130      0.841    tsl18fs120_scl_ss 
dfcrq1           38   2502.680     33.178    tsl18fs120_scl_ss 
dfprb1            1     75.260      1.052    tsl18fs120_scl_ss 
inv0d0           12     75.240      1.774    tsl18fs120_scl_ss 
mx02d1            2     50.180      0.722    tsl18fs120_scl_ss 
nd02d1           26    326.040      0.863    tsl18fs120_scl_ss 
nd04d1           17    319.940      0.348    tsl18fs120_scl_ss 
nd12d1           11    172.480      1.817    tsl18fs120_scl_ss 
nr02d1           25    313.500      4.350    tsl18fs120_scl_ss 
nr04d1            1     18.820      0.356    tsl18fs120_scl_ss 
oai211d1          1     18.820      0.031    tsl18fs120_scl_ss 
oaim22d1          1     25.090      0.243    tsl18fs120_scl_ss 
oan211d1          1     18.820      0.158    tsl18fs120_scl_ss 
or02d1            4     62.720      1.348    tsl18fs120_scl_ss 
pc3c01            2   2590.880      2.265    tsl18cio150_min   
pc3d01           14  18136.161     23.568    tsl18cio150_min   
pc3o05           10  12954.401     19.962    tsl18cio150_min   
xr02d1            6    188.160      3.589    tsl18fs120_scl_ss 
---------------------------------------------------------------
total           375  50860.901    215.217                      


                                                    Leakage  Leakage 
     Library      Instances Instances %    Area   Power (nW) Power % 
---------------------------------------------------------------------
tsl18cio150_min          26         6.9 33681.442     45.795    21.3 
tsl18fs120_scl_ss       349        93.1 17179.460    169.422    78.7 

                                            Leakage  Leakage 
     Type      Instances    Area   Area % Power (nW) Power % 
-------------------------------------------------------------
timing_model          26 33681.442   66.2     45.795    21.3 
sequential           168 13889.750   27.3    137.266    63.8 
inverter              12    75.240    0.1      1.774     0.8 
logic                169  3214.470    6.3     30.383    14.1 
physical_cells         0     0.000    0.0      0.000     0.0 
-------------------------------------------------------------
total                375 50860.901  100.0    215.217   100.0 

