set ucliGUI::state
set ucliGUI::state
ucliCore::getToolPID
synopsys::env hasTB
trigger_hier_stack_context_switch 0
synUtils::setDVEInitPhase 1
synopsys::dump -type VPD -file /run/media/user1/c2s/S5_training_batch2/VINAYAK/04_post_synthesis_GLS/01_ZDS/inter.vpd -locking
synopsys::dump -autoflush on -fid VPD0
set ::dve_fid VPD0
synUtils::setDVEInitPhase 0
ucliCore::getToolPID
synUtils::sendTool -active _icl_setToolSocket /tmp/smlnp3EZ7jg
synUtils::sendTool -active {_icl_start_rpc -version "T-2022.06-SP2-5_Full64" -sync_file /tmp/vcs_dve_rpc.user1.673983}
synUtils::sendTool -active {_icl_createSharedMemory /tmp/vcs_dve_general.user1.673983}
config endofsim noexit
config onfail enable all
config syscaddplainmembers
config syscaddsourcenames
config syscaddstructtypes
synopsys::listing -disable
synopsys::dump -add {fifo_tb} -scope "." -depth 1 -fid VPD0
synopsys::dump -add {fifo_tb.mem_tb } -aggregates  -fid VPD0
synopsys::run
set ucliGUI::state
set ucliGUI::state
ucliCore::getToolPID
ucliCore::stopTool -no_signal
set ucliGUI::state
set ucliGUI::state
if [catch {gui_sim_terminate}] {gui_sim_terminate -kill}
synopsys::finish
set ucliGUI::state
set ucliGUI::state
ucli_exit
