16:32:54    16 -->                                                             [tcl] ucliGUI::connect -toolargs -ucligui -toolexe ./test -pid 673983 -toolin /tmp/vcs_20250304110251_673982_user1..stdin -toolout /tmp/vcs_20250304110251_673982_user1..stdout  
16:32:54    17 -->                                                                 [tcl] set ucliGUI::state
16:32:55    18 -->                                                                     [tcl] gui_update_simulator_buttons
16:32:56    19 -->                                                                         [tcl] set ucliGUI::state
16:32:56    20 -->                                                                             [tcl] ucliCore::getToolPID
16:32:56    21 -->                                                                                 [tcl] synopsys::env hasTB
16:32:56    22 -->                                                                                     [tcl] trigger_hier_stack_context_switch 0
16:32:56    23 -->                                                                                         [tcl] synUtils::setDVEInitPhase 1
16:32:56    24 -->                                                                                             [tcl] gui_get_env SIMSETUP::SIMVPD
16:32:56    25 --> ...  [tcl] synopsys::dump -type VPD -file /run/media/user1/c2s/S5_training_batch2/VINAYAK/04_post_synthesis_GLS/01_ZDS/inter.vpd -locking
16:32:56    26 --> ...      [tcl] synopsys::dump -autoflush on -fid VPD0
16:32:56    27 --> ...          [tcl] set ::dve_fid VPD0
16:32:56    28 --> ...              [tcl] synUtils::setDVEInitPhase 0
16:32:56    29 --> ...                  [tcl] ucliCore::getToolPID
16:32:56    30 --> ...                      [tcl] synUtils::sendTool -active _icl_setToolSocket /tmp/smlnp3EZ7jg
16:32:56    31 --> ...                          [tcl] synUtils::sendTool -active {_icl_start_rpc -version "T-2022.06-SP2-5_Full64" -sync_file /tmp/vcs_dve_rpc.user1.673983}
16:32:56    32 --> ...                              [tcl] synUtils::sendTool -active {_icl_createSharedMemory /tmp/vcs_dve_general.user1.673983}
16:32:56    33 --> ...                                  [tcl] dveMisc::vbusExpand fifo_tb
16:32:56    34 --> ...                                      [tcl] config endofsim noexit
16:32:56    35 --> ...                                          [tcl] config onfail enable all
16:32:56    36 --> ...                                              [tcl] config syscaddplainmembers
16:32:56    37 --> ...                                                  [tcl] config syscaddsourcenames
16:32:56    38 --> ...                                                      [tcl] config syscaddstructtypes
16:32:56    39 --> ...                                                          [tcl] synopsys::listing -disable
16:33:00    40 --> ...                                                              [tcl] synopsys::dump -add {fifo_tb} -scope "." -depth 1 -fid VPD0
16:33:00    41 --> ...                                                                  [tcl] synopsys::dump -add {fifo_tb.mem_tb } -aggregates  -fid VPD0
16:33:02    42 --> ...                                                                      [tcl] synopsys::run
16:33:02    43 --> ...                                                                          [tcl] set ucliGUI::state
16:33:02    44 --> ...                                                                              [tcl] gui_update_simulator_buttons
16:33:02    45 --> ...                                                                                  [tcl] set ucliGUI::state
16:33:02    46 --> ...                                                                                      [tcl] gui_update_simulator_buttons
16:33:05    47 --> ...                                                                                          [tcl] ucliCore::getToolPID
16:33:05    48 --> ...                                                                                              [tcl] ucliCore::stopTool -no_signal
16:33:05    49 --> ...                                                                                                  [tcl] set ucliGUI::state
16:33:05    50 --> ...  [tcl] set ucliGUI::state
16:33:05    51 --> ...      [tcl] catch {senv activeDomain} dveMisc::result 
16:33:05    52 --> ...          [tcl] set dveMisc::result
16:33:05    53 --> ...              [tcl] gui_update_simulator_buttons
16:33:07    54 --> ...                  [tcl] if [catch {gui_sim_terminate}] {gui_sim_terminate -kill}
16:33:07    55 --> ...                      [tcl] synopsys::finish
16:33:07    56 --> ...                          [tcl] set ucliGUI::state
16:33:07    57 --> ...                              [tcl] gui_update_simulator_buttons
16:33:07    58 --> ...                                  [tcl] set ucliGUI::state
16:33:07    59 --> ...                                      [tcl] catch {senv activeDomain} dveMisc::result 
16:33:07    60 --> ...                                          [tcl] set dveMisc::result
16:33:07    61 --> ...                                              [tcl] gui_update_simulator_buttons
16:33:07    62 --> ...                                                  [tcl] catch {senv activeDomain} dveMisc::result 
16:33:07    63 --> ...                                                      [tcl] set dveMisc::result
16:33:07    64 --> ...                                                          [tcl] ucli_exit
