###############################################################
#  Generated by:      Cadence Innovus 21.18-s099_1
#  OS:                Linux x86_64(Host ID c2slab.cet.ac.in)
#  Generated on:      Wed Mar  5 14:05:24 2025
#  Design:            fifo_top
#  Command:           checkDesign -io -netlist -physicalLibrary -powerGround -tieHilo -timingLibrary -spef -floorplan -place -outdir checkDesign
###############################################################
Design: fifo_top

------ Design Summary:
Total Standard Cell Number   (cells) : 50633
Total Block Cell Number      (cells) : 0
Total I/O Pad Cell Number    (cells) : 245
Total Standard Cell Area     ( um^2) : 1412768.00
Total Block Cell Area        ( um^2) : 0.00
Total I/O Pad Cell Area      ( um^2) : 1689840.00

------ Design Statistics:

Number of Instances            : 50878
Number of Non-uniquified Insts : 50870
Number of Nets                 : 441
Average number of Pins per Net : 3.83
Maximum number of Pins in Net  : 77

------ I/O Port summary

Number of Primary I/O Ports    : 24
Number of Input Ports          : 14
Number of Output Ports         : 10
Number of Bidirectional Ports  : 0
Number of Power/Ground Ports   : 0



------------------------------------------------------------
Detail report:


------ I/O Pad/Port Checking


------ Primitive Pins DRC Checking

**WARN: Instance 'e/g187__5107' has multiple input pins tied together to net 'e/n_15'.
**WARN: Instance 'e/g187__5107' has multiple input pins tied together to net 'e/FE_PHN4_n_10'.
**WARN: Instance 'e/g201__8246' has multiple input pins tied together to net 'e/rd_addr_grey_next[3]'.
**WARN: Instance 'e/g201__8246' has multiple input pins tied together to net 'wr_addr_grey_sync[3]'.
**WARN: Instance 'e/g202__7098' has multiple input pins tied together to net 'e/rd_addr_grey_next[0]'.
**WARN: Instance 'e/g202__7098' has multiple input pins tied together to net 'e/n_1'.
**WARN: Instance 'e/g203__6131' has multiple input pins tied together to net 'e/rd_addr_grey_next[1]'.
**WARN: Instance 'e/g203__6131' has multiple input pins tied together to net 'e/n_2'.
**WARN: Instance 'e/g204__1881' has multiple input pins tied together to net 'e/rd_addr_grey_next[2]'.
**WARN: Instance 'e/g204__1881' has multiple input pins tied together to net 'e/n_0'.
**WARN: Instance 'f/g215__4733' has multiple input pins tied together to net 'f/n_14'.
**WARN: Instance 'f/g229__5107' has multiple input pins tied together to net 'f/wr_addr_grey_next[2]'.
**WARN: Instance 'f/g229__5107' has multiple input pins tied together to net 'rd_addr_grey_sync[2]'.
**WARN: Instance 'f/g230__6260' has multiple input pins tied together to net 'f/wr_addr_grey_next[0]'.
**WARN: Instance 'f/g230__6260' has multiple input pins tied together to net 'rd_addr_grey_sync[0]'.
**WARN: Instance 'f/g231__4319' has multiple input pins tied together to net 'f/wr_addr_binary_next[4]'.
**WARN: Instance 'f/g231__4319' has multiple input pins tied together to net 'f/n_0'.
**WARN: Instance 'f/g232__8428' has multiple input pins tied together to net 'f/n_1'.
**WARN: Instance 'f/g232__8428' has multiple input pins tied together to net 'rd_addr_grey_sync[1]'.

------ Primitive Net DRC Check

WARNING : Net f/wr_addr_grey_next[4] has no FanOut pin
WARNING : Net e/UNCONNECTED has no FanOut pin
WARNING : Net e/rd_addr_grey_next[4] has no FanOut pin
WARNING : Net m/FE_OFN11_wr_rst has 72 fanout
WARNING : Net m/CTS_1 has 76 fanout
WARNING : Net CTS_1 has 72 fanout

